#
# There is insufficient memory for the Java Runtime Environment to continue.
# Native memory allocation (malloc) failed to allocate 76021760 bytes for committing reserved memory.
# Possible reasons:
#   The system is out of physical RAM or swap space
#   In 32 bit mode, the process size limit was hit
# Possible solutions:
#   Reduce memory load on the system
#   Increase physical memory or swap space
#   Check if swap backing store is full
#   Use 64 bit Java on a 64 bit OS
#   Decrease Java heap size (-Xmx/-Xms)
#   Decrease number of Java threads
#   Decrease Java thread stack sizes (-Xss)
#   Set larger code cache with -XX:ReservedCodeCacheSize=
# This output file may be truncated or incomplete.
#
#  Out of Memory Error (os_linux.cpp:2809), pid=3213, tid=1745677120
#
# JRE version: OpenJDK Runtime Environment (7.0_79-b14) (build 1.7.0_79-b14)
# Java VM: OpenJDK Server VM (24.79-b02 mixed mode linux-x86 )
# Derivative: IcedTea 2.5.5
# Distribution: Ubuntu 14.04 LTS, package 7u79-2.5.5-0ubuntu0.14.04.2
# Failed to write core dump. Core dumps have been disabled. To enable core dumping, try "ulimit -c unlimited" before starting Java again
#

---------------  T H R E A D  ---------------

Current thread (0x67f10400):  VMThread [stack: 0x6804e000,0x680cf000] [id=3221]

Stack: [0x6804e000,0x680cf000]
VM_Operation (0xb65d1878): ParallelGCFailedAllocation, mode: safepoint, requested by thread 0xb6407c00


---------------  P R O C E S S  ---------------

Java Threads: ( => current thread )
  0x67f2c400 JavaThread "Service Thread" daemon [_thread_blocked, id=3228, stack(0x67b0b000,0x67b5c000)]
  0x67f2a800 JavaThread "C2 CompilerThread1" daemon [_thread_blocked, id=3227, stack(0x67b5c000,0x67bdd000)]
  0x67f28800 JavaThread "C2 CompilerThread0" daemon [_thread_blocked, id=3226, stack(0x67bdd000,0x67c5e000)]
  0x67f26c00 JavaThread "Signal Dispatcher" daemon [_thread_blocked, id=3225, stack(0x67c5e000,0x67caf000)]
  0x67f14400 JavaThread "Finalizer" daemon [_thread_blocked, id=3223, stack(0x67eaf000,0x67f00000)]
  0x67f12800 JavaThread "Reference Handler" daemon [_thread_blocked, id=3222, stack(0x6ac0b000,0x6ac5c000)]
  0xb6407c00 JavaThread "main" [_thread_blocked, id=3218, stack(0xb6582000,0xb65d3000)]

Other Threads:
=>0x67f10400 VMThread [stack: 0x6804e000,0x680cf000] [id=3221]
  0x67f2e000 WatcherThread [stack: 0x67a8a000,0x67b0b000] [id=3229]

VM state:at safepoint (normal execution)

VM Mutex/Monitor currently owned by a thread:  ([mutex/lock_event])
[0xb6405210] Threads_lock - owner thread: 0x67f10400
[0xb6405620] Heap_lock - owner thread: 0xb6407c00

Heap
 PSYoungGen      total 72192K, used 7672K [0x9dd80000, 0xa2c80000, 0xb3300000)
  eden space 64512K, 0% used [0x9dd80000,0x9dd80000,0xa1c80000)
  from space 7680K, 99% used [0xa1c80000,0xa23fe050,0xa2400000)
  to   space 6656K, 0% used [0xa2400000,0xa2400000,0xa2a80000)
 ParOldGen       total 22016K, used 21820K [0x73300000, 0x74880000, 0x9dd80000)
  object space 22016K, 99% used [0x73300000,0x7484f110,0x74880000)
 PSPermGen       total 16384K, used 4009K [0x6b300000, 0x6c300000, 0x73300000)
  object space 16384K, 24% used [0x6b300000,0x6b6ea4f8,0x6c300000)

Card table byte_map: [0x6b0bf000,0x6b300000] byte_map_base: 0x6ad65800

Polling page: 0xb7781000

Code Cache  [0xb33f3000, 0xb3633000, 0xb63f3000)
 total_blobs=735 nmethods=616 adapters=73 free_code_cache=46897Kb largest_free_block=47974528

Compilation events (10 events):
Event: 11.713 Thread 0x67f28800  624             com.android.dx.rop.cst.CstNat::isCategory2 (2 bytes)
Event: 11.713 Thread 0x67f28800 nmethod 624 0xb361ca88 code [0xb361cb60, 0xb361cbb0]
Event: 11.713 Thread 0x67f28800  625             com.android.dx.util.ByteArray::size (5 bytes)
Event: 11.713 Thread 0x67f28800 nmethod 625 0xb361c908 code [0xb361c9e0, 0xb361ca30]
Event: 11.713 Thread 0x67f28800  626             com.android.dx.rop.type.Prototype::getParameterFrameTypes (96 bytes)
Event: 11.721 Thread 0x67f28800 nmethod 626 0xb361c288 code [0xb361c3a0, 0xb361c6b0]
Event: 11.721 Thread 0x67f28800  627             com.android.dx.cf.code.ExecutionStack::peek (42 bytes)
Event: 11.722 Thread 0x67f28800 nmethod 627 0xb361bf48 code [0xb361c040, 0xb361c0fc]
Event: 11.729 Thread 0x67f28800  628             com.android.dx.rop.cst.TypedConstant::isConstant (2 bytes)
Event: 11.729 Thread 0x67f28800 nmethod 628 0xb361edc8 code [0xb361eea0, 0xb361eef0]

GC Heap History (10 events):
Event: 3.695 GC heap after
Heap after GC invocations=2 (full 0):
 PSYoungGen      total 17664K, used 1275K [0x9dd80000, 0x9f000000, 0xb3300000)
  eden space 16384K, 0% used [0x9dd80000,0x9dd80000,0x9ed80000)
  from space 1280K, 99% used [0x9eec0000,0x9effed48,0x9f000000)
  to   space 1280K, 0% used [0x9ed80000,0x9ed80000,0x9eec0000)
 ParOldGen       total 20992K, used 2655K [0x73300000, 0x74780000, 0x9dd80000)
  object space 20992K, 12% used [0x73300000,0x73597f30,0x74780000)
 PSPermGen       total 16384K, used 3830K [0x6b300000, 0x6c300000, 0x73300000)
  object space 16384K, 23% used [0x6b300000,0x6b6bd9f8,0x6c300000)
}
Event: 6.689 GC heap before
{Heap before GC invocations=3 (full 0):
 PSYoungGen      total 17664K, used 17659K [0x9dd80000, 0x9f000000, 0xb3300000)
  eden space 16384K, 100% used [0x9dd80000,0x9ed80000,0x9ed80000)
  from space 1280K, 99% used [0x9eec0000,0x9effed48,0x9f000000)
  to   space 1280K, 0% used [0x9ed80000,0x9ed80000,0x9eec0000)
 ParOldGen       total 20992K, used 2655K [0x73300000, 0x74780000, 0x9dd80000)
  object space 20992K, 12% used [0x73300000,0x73597f30,0x74780000)
 PSPermGen       total 16384K, used 3922K [0x6b300000, 0x6c300000, 0x73300000)
  object space 16384K, 23% used [0x6b300000,0x6b6d48a0,0x6c300000)
Event: 6.735 GC heap after
Heap after GC invocations=3 (full 0):
 PSYoungGen      total 17664K, used 1267K [0x9dd80000, 0xa0000000, 0xb3300000)
  eden space 16384K, 0% used [0x9dd80000,0x9dd80000,0x9ed80000)
  from space 1280K, 98% used [0x9ed80000,0x9eebcc00,0x9eec0000)
  to   space 1280K, 0% used [0x9fec0000,0x9fec0000,0xa0000000)
 ParOldGen       total 20992K, used 5180K [0x73300000, 0x74780000, 0x9dd80000)
  object space 20992K, 24% used [0x73300000,0x7380f098,0x74780000)
 PSPermGen       total 16384K, used 3922K [0x6b300000, 0x6c300000, 0x73300000)
  object space 16384K, 23% used [0x6b300000,0x6b6d48a0,0x6c300000)
}
Event: 7.978 GC heap before
{Heap before GC invocations=4 (full 0):
 PSYoungGen      total 17664K, used 17651K [0x9dd80000, 0xa0000000, 0xb3300000)
  eden space 16384K, 100% used [0x9dd80000,0x9ed80000,0x9ed80000)
  from space 1280K, 98% used [0x9ed80000,0x9eebcc00,0x9eec0000)
  to   space 1280K, 0% used [0x9fec0000,0x9fec0000,0xa0000000)
 ParOldGen       total 20992K, used 5180K [0x73300000, 0x74780000, 0x9dd80000)
  object space 20992K, 24% used [0x73300000,0x7380f098,0x74780000)
 PSPermGen       total 16384K, used 3951K [0x6b300000, 0x6c300000, 0x73300000)
  object space 16384K, 24% used [0x6b300000,0x6b6dbdb0,0x6c300000)
Event: 8.006 GC heap after
Heap after GC invocations=4 (full 0):
 PSYoungGen      total 34048K, used 1271K [0x9dd80000, 0xa0000000, 0xb3300000)
  eden space 32768K, 0% used [0x9dd80000,0x9dd80000,0x9fd80000)
  from space 1280K, 99% used [0x9fec0000,0x9fffdd98,0xa0000000)
  to   space 1280K, 0% used [0x9fd80000,0x9fd80000,0x9fec0000)
 ParOldGen       total 20992K, used 8023K [0x73300000, 0x74780000, 0x9dd80000)
  object space 20992K, 38% used [0x73300000,0x73ad5c08,0x74780000)
 PSPermGen       total 16384K, used 3951K [0x6b300000, 0x6c300000, 0x73300000)
  object space 16384K, 24% used [0x6b300000,0x6b6dbdb0,0x6c300000)
}
Event: 9.104 GC heap before
{Heap before GC invocations=5 (full 0):
 PSYoungGen      total 34048K, used 34039K [0x9dd80000, 0xa0000000, 0xb3300000)
  eden space 32768K, 100% used [0x9dd80000,0x9fd80000,0x9fd80000)
  from space 1280K, 99% used [0x9fec0000,0x9fffdd98,0xa0000000)
  to   space 1280K, 0% used [0x9fd80000,0x9fd80000,0x9fec0000)
 ParOldGen       total 20992K, used 8023K [0x73300000, 0x74780000, 0x9dd80000)
  object space 20992K, 38% used [0x73300000,0x73ad5c08,0x74780000)
 PSPermGen       total 16384K, used 3972K [0x6b300000, 0x6c300000, 0x73300000)
  object space 16384K, 24% used [0x6b300000,0x6b6e11c8,0x6c300000)
Event: 9.144 GC heap after
Heap after GC invocations=5 (full 0):
 PSYoungGen      total 34048K, used 1279K [0x9dd80000, 0xa2a80000, 0xb3300000)
  eden space 32768K, 0% used [0x9dd80000,0x9dd80000,0x9fd80000)
  from space 1280K, 99% used [0x9fd80000,0x9febfc08,0x9fec0000)
  to   space 6656K, 0% used [0xa2400000,0xa2400000,0xa2a80000)
 ParOldGen       total 20992K, used 13226K [0x73300000, 0x74780000, 0x9dd80000)
  object space 20992K, 63% used [0x73300000,0x73feaa10,0x74780000)
 PSPermGen       total 16384K, used 3972K [0x6b300000, 0x6c300000, 0x73300000)
  object space 16384K, 24% used [0x6b300000,0x6b6e11c8,0x6c300000)
}
Event: 10.192 GC heap before
{Heap before GC invocations=6 (full 0):
 PSYoungGen      total 34048K, used 34047K [0x9dd80000, 0xa2a80000, 0xb3300000)
  eden space 32768K, 100% used [0x9dd80000,0x9fd80000,0x9fd80000)
  from space 1280K, 99% used [0x9fd80000,0x9febfc08,0x9fec0000)
  to   space 6656K, 0% used [0xa2400000,0xa2400000,0xa2a80000)
 ParOldGen       total 20992K, used 13226K [0x73300000, 0x74780000, 0x9dd80000)
  object space 20992K, 63% used [0x73300000,0x73feaa10,0x74780000)
 PSPermGen       total 16384K, used 3988K [0x6b300000, 0x6c300000, 0x73300000)
  object space 16384K, 24% used [0x6b300000,0x6b6e5098,0x6c300000)
Event: 10.245 GC heap after
Heap after GC invocations=6 (full 0):
 PSYoungGen      total 71168K, used 6519K [0x9dd80000, 0xa2c80000, 0xb3300000)
  eden space 64512K, 0% used [0x9dd80000,0x9dd80000,0xa1c80000)
  from space 6656K, 97% used [0xa2400000,0xa2a5dd90,0xa2a80000)
  to   space 7680K, 0% used [0xa1c80000,0xa1c80000,0xa2400000)
 ParOldGen       total 20992K, used 13226K [0x73300000, 0x74780000, 0x9dd80000)
  object space 20992K, 63% used [0x73300000,0x73feaa10,0x74780000)
 PSPermGen       total 16384K, used 3988K [0x6b300000, 0x6c300000, 0x73300000)
  object space 16384K, 24% used [0x6b300000,0x6b6e5098,0x6c300000)
}
Event: 11.732 GC heap before
{Heap before GC invocations=7 (full 0):
 PSYoungGen      total 71168K, used 71031K [0x9dd80000, 0xa2c80000, 0xb3300000)
  eden space 64512K, 100% used [0x9dd80000,0xa1c80000,0xa1c80000)
  from space 6656K, 97% used [0xa2400000,0xa2a5dd90,0xa2a80000)
  to   space 7680K, 0% used [0xa1c80000,0xa1c80000,0xa2400000)
 ParOldGen       total 20992K, used 13226K [0x73300000, 0x74780000, 0x9dd80000)
  object space 20992K, 63% used [0x73300000,0x73feaa10,0x74780000)
 PSPermGen       total 16384K, used 4009K [0x6b300000, 0x6c300000, 0x73300000)
  object space 16384K, 24% used [0x6b300000,0x6b6ea4f8,0x6c300000)

Deoptimization events (10 events):
Event: 9.885 Thread 0xb6407c00 Uncommon trap: reason=bimorphic action=maybe_recompile pc=0xb34d7c6c method=com.android.dx.ssa.SCCP.simulatePhi(Lcom/android/dx/ssa/PhiInsn;)V @ 124
Event: 9.904 Thread 0xb6407c00 Uncommon trap: reason=bimorphic action=maybe_recompile pc=0xb34d7c6c method=com.android.dx.ssa.SCCP.simulatePhi(Lcom/android/dx/ssa/PhiInsn;)V @ 124
Event: 10.159 Thread 0xb6407c00 Uncommon trap: reason=bimorphic action=maybe_recompile pc=0xb34d7c6c method=com.android.dx.ssa.SCCP.simulatePhi(Lcom/android/dx/ssa/PhiInsn;)V @ 124
Event: 10.342 Thread 0xb6407c00 Uncommon trap: reason=unreached action=reinterpret pc=0xb345ff04 method=com.android.dx.ssa.MoveParamCombiner$1.visitNonMoveInsn(Lcom/android/dx/ssa/NormalSsaInsn;)V @ 27
Event: 10.510 Thread 0xb6407c00 Uncommon trap: reason=bimorphic action=maybe_recompile pc=0xb3528e44 method=com.android.dx.ssa.LiteralOpUpgrader.tryReplacingWithConstant(Lcom/android/dx/ssa/NormalSsaInsn;)Z @ 62
Event: 10.806 Thread 0xb6407c00 Uncommon trap: reason=class_check action=maybe_recompile pc=0xb3565e2c method=com.android.dx.ssa.SCCP.replaceConstants()V @ 182
Event: 10.823 Thread 0xb6407c00 Uncommon trap: reason=class_check action=maybe_recompile pc=0xb3565e2c method=com.android.dx.ssa.SCCP.replaceConstants()V @ 182
Event: 11.034 Thread 0xb6407c00 Uncommon trap: reason=null_check action=make_not_entrant pc=0xb35d9278 method=com.android.dx.dex.file.FieldIdsSection.intern(Lcom/android/dx/rop/cst/CstFieldRef;)Lcom/android/dx/dex/file/FieldIdItem; @ 26
Event: 11.048 Thread 0xb6407c00 Uncommon trap: reason=class_check action=maybe_recompile pc=0xb358869c method=com.android.dx.cf.code.RopperMachine.run(Lcom/android/dx/cf/code/Frame;II)V @ 310
Event: 11.525 Thread 0xb6407c00 Uncommon trap: reason=null_check action=make_not_entrant pc=0xb35f27a8 method=com.android.dx.cf.code.Ropper$CatchInfo.getSetup(Lcom/android/dx/rop/type/Type;)Lcom/android/dx/cf/code/Ropper$ExceptionHandlerSetup; @ 10

Internal exceptions (10 events):
Event: 3.873 Thread 0xb6407c00 Threw 0x9deeb3c0 at /build/buildd/openjdk-7-7u79-2.5.5/build/openjdk/hotspot/src/share/vm/prims/jvm.cpp:1284
Event: 6.401 Thread 0xb6407c00 Threw 0x9eb67d58 at /build/buildd/openjdk-7-7u79-2.5.5/build/openjdk/hotspot/src/share/vm/prims/jvm.cpp:1284
Event: 6.878 Thread 0xb6407c00 Threw 0x9dfab4a8 at /build/buildd/openjdk-7-7u79-2.5.5/build/openjdk/hotspot/src/share/vm/prims/jvm.cpp:1284
Event: 6.933 Thread 0xb6407c00 Implicit null exception at 0xb34bc031 to 0xb34bc9a1
Event: 6.934 Thread 0xb6407c00 Implicit null exception at 0xb34b54e4 to 0xb34b5e09
Event: 7.201 Thread 0xb6407c00 Implicit null exception at 0xb34c422a to 0xb34c47fd
Event: 7.840 Thread 0xb6407c00 Threw 0x9eb93e48 at /build/buildd/openjdk-7-7u79-2.5.5/build/openjdk/hotspot/src/share/vm/prims/jvm.cpp:1284
Event: 9.237 Thread 0xb6407c00 Threw 0x9dfe5bc0 at /build/buildd/openjdk-7-7u79-2.5.5/build/openjdk/hotspot/src/share/vm/prims/jvm.cpp:1284
Event: 11.119 Thread 0xb6407c00 Threw 0xa04a6388 at /build/buildd/openjdk-7-7u79-2.5.5/build/openjdk/hotspot/src/share/vm/prims/jvm.cpp:1284
Event: 11.525 Thread 0xb6407c00 Implicit null exception at 0xb35ef69c to 0xb35f277d

Events (10 events):
Event: 11.048 Thread 0xb6407c00 Uncommon trap: trap_request=0xffffffde fr.pc=0xb358869c
Event: 11.048 Thread 0xb6407c00 DEOPT PACKING pc=0xb358869c sp=0xb65d1960
Event: 11.048 Thread 0xb6407c00 DEOPT UNPACKING pc=0xb341fbc8 sp=0xb65d1938 mode 2
Event: 11.119 loading class 0x67f84e08
Event: 11.119 loading class 0x67f84e08 done
Event: 11.284 Thread 0x67f28800 flushing nmethod 0xb3491788
Event: 11.525 Thread 0xb6407c00 Uncommon trap: trap_request=0xfffffff4 fr.pc=0xb35f27a8
Event: 11.525 Thread 0xb6407c00 DEOPT PACKING pc=0xb35f27a8 sp=0xb65d1ae0
Event: 11.525 Thread 0xb6407c00 DEOPT UNPACKING pc=0xb341fbc8 sp=0xb65d1aac mode 2
Event: 11.731 Executing VM operation: ParallelGCFailedAllocation


Dynamic libraries:
08048000-08049000 r-xp 00000000 08:05 2097921    /usr/lib/jvm/java-7-openjdk-i386/jre/bin/java
08049000-0804a000 r--p 00000000 08:05 2097921    /usr/lib/jvm/java-7-openjdk-i386/jre/bin/java
0804a000-0804b000 rw-p 00001000 08:05 2097921    /usr/lib/jvm/java-7-openjdk-i386/jre/bin/java
08aaf000-093bf000 rw-p 00000000 00:00 0          [heap]
66800000-668fd000 rw-p 00000000 00:00 0 
668fd000-66900000 ---p 00000000 00:00 0 
66900000-66938000 rw-p 00000000 00:00 0 
66938000-66a00000 ---p 00000000 00:00 0 
66a00000-66af9000 rw-p 00000000 00:00 0 
66af9000-66b00000 ---p 00000000 00:00 0 
66c00000-66ced000 rw-p 00000000 00:00 0 
66ced000-66d00000 ---p 00000000 00:00 0 
66d00000-66dff000 rw-p 00000000 00:00 0 
66dff000-66e00000 ---p 00000000 00:00 0 
66e00000-66ef9000 rw-p 00000000 00:00 0 
66ef9000-66f00000 ---p 00000000 00:00 0 
67000000-670ff000 rw-p 00000000 00:00 0 
670ff000-67100000 ---p 00000000 00:00 0 
67200000-672fe000 rw-p 00000000 00:00 0 
672fe000-67300000 ---p 00000000 00:00 0 
67400000-674fb000 rw-p 00000000 00:00 0 
674fb000-67500000 ---p 00000000 00:00 0 
67500000-675ff000 rw-p 00000000 00:00 0 
675ff000-67600000 ---p 00000000 00:00 0 
67600000-67695000 rw-p 00000000 00:00 0 
67695000-67700000 ---p 00000000 00:00 0 
6774a000-67786000 r-xp 00000000 08:05 1573980    /lib/i386-linux-gnu/libpcre.so.3.13.1
67786000-67787000 r--p 0003b000 08:05 1573980    /lib/i386-linux-gnu/libpcre.so.3.13.1
67787000-67788000 rw-p 0003c000 08:05 1573980    /lib/i386-linux-gnu/libpcre.so.3.13.1
67788000-677a8000 r-xp 00000000 08:05 1574007    /lib/i386-linux-gnu/libselinux.so.1
677a8000-677a9000 r--p 0001f000 08:05 1574007    /lib/i386-linux-gnu/libselinux.so.1
677a9000-677aa000 rw-p 00020000 08:05 1574007    /lib/i386-linux-gnu/libselinux.so.1
677aa000-677ab000 rw-p 00000000 00:00 0 
677ab000-678b5000 r-xp 00000000 08:05 1573908    /lib/i386-linux-gnu/libglib-2.0.so.0.4000.0
678b5000-678b6000 r--p 00109000 08:05 1573908    /lib/i386-linux-gnu/libglib-2.0.so.0.4000.0
678b6000-678b7000 rw-p 0010a000 08:05 1573908    /lib/i386-linux-gnu/libglib-2.0.so.0.4000.0
678b7000-67907000 r-xp 00000000 08:05 1971804    /usr/lib/i386-linux-gnu/libgobject-2.0.so.0.4000.0
67907000-67908000 r--p 0004f000 08:05 1971804    /usr/lib/i386-linux-gnu/libgobject-2.0.so.0.4000.0
67908000-67909000 rw-p 00050000 08:05 1971804    /usr/lib/i386-linux-gnu/libgobject-2.0.so.0.4000.0
67909000-67a86000 r-xp 00000000 08:05 1971774    /usr/lib/i386-linux-gnu/libgio-2.0.so.0.4000.0
67a86000-67a88000 r--p 0017c000 08:05 1971774    /usr/lib/i386-linux-gnu/libgio-2.0.so.0.4000.0
67a88000-67a89000 rw-p 0017e000 08:05 1971774    /usr/lib/i386-linux-gnu/libgio-2.0.so.0.4000.0
67a89000-67a8a000 rw-p 00000000 00:00 0 
67a8a000-67a8b000 ---p 00000000 00:00 0 
67a8b000-67b0b000 rw-p 00000000 00:00 0          [stack:3229]
67b0b000-67b0e000 ---p 00000000 00:00 0 
67b0e000-67b5c000 rw-p 00000000 00:00 0          [stack:3228]
67b5c000-67b5f000 ---p 00000000 00:00 0 
67b5f000-67bdd000 rw-p 00000000 00:00 0          [stack:3227]
67bdd000-67be0000 ---p 00000000 00:00 0 
67be0000-67c5e000 rw-p 00000000 00:00 0          [stack:3226]
67c5e000-67c61000 ---p 00000000 00:00 0 
67c61000-67caf000 rw-p 00000000 00:00 0          [stack:3225]
67caf000-67eaf000 r--p 00000000 08:05 1974904    /usr/lib/locale/locale-archive
67eaf000-67eb2000 ---p 00000000 00:00 0 
67eb2000-67f00000 rw-p 00000000 00:00 0          [stack:3223]
67f00000-67ffd000 rw-p 00000000 00:00 0 
67ffd000-68000000 ---p 00000000 00:00 0 
68007000-6801a000 r-xp 00000000 08:05 1574003    /lib/i386-linux-gnu/libresolv-2.19.so
6801a000-6801b000 ---p 00013000 08:05 1574003    /lib/i386-linux-gnu/libresolv-2.19.so
6801b000-6801c000 r--p 00013000 08:05 1574003    /lib/i386-linux-gnu/libresolv-2.19.so
6801c000-6801d000 rw-p 00014000 08:05 1574003    /lib/i386-linux-gnu/libresolv-2.19.so
6801d000-6801f000 rw-p 00000000 00:00 0 
68035000-6804c000 r-xp 00000000 08:05 2097993    /usr/lib/jvm/java-7-openjdk-i386/jre/lib/i386/libnet.so
6804c000-6804d000 r--p 00017000 08:05 2097993    /usr/lib/jvm/java-7-openjdk-i386/jre/lib/i386/libnet.so
6804d000-6804e000 rw-p 00018000 08:05 2097993    /usr/lib/jvm/java-7-openjdk-i386/jre/lib/i386/libnet.so
6804e000-6804f000 ---p 00000000 00:00 0 
6804f000-680cf000 rw-p 00000000 00:00 0          [stack:3221]
680cf000-68280000 r--s 01d27000 08:05 2098041    /usr/lib/jvm/java-7-openjdk-i386/jre/lib/rt.jar
68280000-6ab00000 rw-p 00000000 00:00 0 
6ab00000-6abfa000 rw-p 00000000 00:00 0 
6abfa000-6ac00000 ---p 00000000 00:00 0 
6ac0b000-6ac0e000 ---p 00000000 00:00 0 
6ac0e000-6ad00000 rw-p 00000000 00:00 0          [stack:3222]
6ad00000-6ad21000 rw-p 00000000 00:00 0 
6ad21000-6ae00000 ---p 00000000 00:00 0 
6ae08000-6ae0d000 r-xp 00000000 08:05 1971671    /usr/lib/i386-linux-gnu/libffi.so.6.0.1
6ae0d000-6ae0e000 r--p 00005000 08:05 1971671    /usr/lib/i386-linux-gnu/libffi.so.6.0.1
6ae0e000-6ae0f000 rw-p 00006000 08:05 1971671    /usr/lib/i386-linux-gnu/libffi.so.6.0.1
6ae0f000-6ae12000 r-xp 00000000 08:05 1971788    /usr/lib/i386-linux-gnu/libgmodule-2.0.so.0.4000.0
6ae12000-6ae13000 r--p 00002000 08:05 1971788    /usr/lib/i386-linux-gnu/libgmodule-2.0.so.0.4000.0
6ae13000-6ae14000 rw-p 00003000 08:05 1971788    /usr/lib/i386-linux-gnu/libgmodule-2.0.so.0.4000.0
6ae14000-6ae25000 r-xp 00000000 08:05 2097961    /usr/lib/jvm/java-7-openjdk-i386/jre/lib/i386/libnio.so
6ae25000-6ae26000 r--p 00010000 08:05 2097961    /usr/lib/jvm/java-7-openjdk-i386/jre/lib/i386/libnio.so
6ae26000-6ae27000 rw-p 00011000 08:05 2097961    /usr/lib/jvm/java-7-openjdk-i386/jre/lib/i386/libnio.so
6ae27000-6ae28000 ---p 00000000 00:00 0 
6ae28000-6aea8000 rw-p 00000000 00:00 0          [stack:3220]
6aea8000-6aea9000 ---p 00000000 00:00 0 
6aea9000-6af31000 rw-p 00000000 00:00 0          [stack:3219]
6af31000-6af69000 rw-p 00000000 00:00 0 
6af69000-6af74000 rw-p 00000000 00:00 0 
6af74000-6b0bf000 rw-p 00000000 00:00 0 
6b0bf000-6b0c7000 rw-p 00000000 00:00 0 
6b0c7000-6b0ff000 rw-p 00000000 00:00 0 
6b0ff000-6b10a000 rw-p 00000000 00:00 0 
6b10a000-6b254000 rw-p 00000000 00:00 0 
6b254000-6b27c000 rw-p 00000000 00:00 0 
6b27c000-6b2ff000 rw-p 00000000 00:00 0 
6b2ff000-6c300000 rw-p 00000000 00:00 0 
6c300000-73300000 rw-p 00000000 00:00 0 
73300000-74880000 rw-p 00000000 00:00 0 
74880000-9dd80000 rw-p 00000000 00:00 0 
9dd80000-a2c80000 rw-p 00000000 00:00 0 
a7500000-b3300000 rw-p 00000000 00:00 0 
b3301000-b3309000 r--s 00077000 08:05 399487     /home/qualigma/Desktop/chromadoze-master/app/build/intermediates/exploded-aar/com.android.support/appcompat-v7/22.0.0/classes.jar
b3309000-b3318000 r--s 000dd000 08:05 399179     /home/qualigma/Android/Sdk/build-tools/22.0.1/lib/dx.jar
b3318000-b333c000 rw-p 00000000 00:00 0 
b333c000-b33f3000 rw-p 00000000 00:00 0 
b33f3000-b3633000 rwxp 00000000 00:00 0 
b3633000-b63f3000 rw-p 00000000 00:00 0 
b63f3000-b63fe000 r-xp 00000000 08:05 1573952    /lib/i386-linux-gnu/libnss_files-2.19.so
b63fe000-b63ff000 r--p 0000a000 08:05 1573952    /lib/i386-linux-gnu/libnss_files-2.19.so
b63ff000-b6400000 rw-p 0000b000 08:05 1573952    /lib/i386-linux-gnu/libnss_files-2.19.so
b6400000-b64fd000 rw-p 00000000 00:00 0 
b64fd000-b6500000 ---p 00000000 00:00 0 
b6500000-b6503000 r--s 0000f000 08:05 2098057    /usr/lib/jvm/java-7-openjdk-i386/jre/lib/ext/icedtea-sound.jar
b6503000-b6506000 r--s 00086000 08:05 2098059    /usr/lib/jvm/java-7-openjdk-i386/jre/lib/ext/localedata.jar
b6506000-b6508000 r--s 00006000 08:05 2373242    /usr/share/java/java-atk-wrapper.jar
b6508000-b650c000 r--s 00034000 08:05 2098060    /usr/lib/jvm/java-7-openjdk-i386/jre/lib/ext/sunjce_provider.jar
b650c000-b6516000 r-xp 00000000 08:05 1573962    /lib/i386-linux-gnu/libnss_nis-2.19.so
b6516000-b6517000 r--p 00009000 08:05 1573962    /lib/i386-linux-gnu/libnss_nis-2.19.so
b6517000-b6518000 rw-p 0000a000 08:05 1573962    /lib/i386-linux-gnu/libnss_nis-2.19.so
b6518000-b652d000 r-xp 00000000 08:05 1573946    /lib/i386-linux-gnu/libnsl-2.19.so
b652d000-b652e000 r--p 00015000 08:05 1573946    /lib/i386-linux-gnu/libnsl-2.19.so
b652e000-b652f000 rw-p 00016000 08:05 1573946    /lib/i386-linux-gnu/libnsl-2.19.so
b652f000-b6531000 rw-p 00000000 00:00 0 
b6531000-b6538000 r-xp 00000000 08:05 1573948    /lib/i386-linux-gnu/libnss_compat-2.19.so
b6538000-b6539000 r--p 00006000 08:05 1573948    /lib/i386-linux-gnu/libnss_compat-2.19.so
b6539000-b653a000 rw-p 00007000 08:05 1573948    /lib/i386-linux-gnu/libnss_compat-2.19.so
b653a000-b653e000 r--s 0003c000 08:05 2098058    /usr/lib/jvm/java-7-openjdk-i386/jre/lib/ext/sunpkcs11.jar
b653e000-b6546000 r-xp 00000000 08:05 2097962    /usr/lib/jvm/java-7-openjdk-i386/jre/lib/i386/libzip.so
b6546000-b6547000 r--p 00007000 08:05 2097962    /usr/lib/jvm/java-7-openjdk-i386/jre/lib/i386/libzip.so
b6547000-b6548000 rw-p 00008000 08:05 2097962    /usr/lib/jvm/java-7-openjdk-i386/jre/lib/i386/libzip.so
b6548000-b6550000 rw-s 00000000 08:05 1841226    /tmp/hsperfdata_qualigma/3213
b6550000-b6577000 r-xp 00000000 08:05 2097957    /usr/lib/jvm/java-7-openjdk-i386/jre/lib/i386/libjava.so
b6577000-b6578000 r--p 00026000 08:05 2097957    /usr/lib/jvm/java-7-openjdk-i386/jre/lib/i386/libjava.so
b6578000-b6579000 rw-p 00027000 08:05 2097957    /usr/lib/jvm/java-7-openjdk-i386/jre/lib/i386/libjava.so
b6579000-b6580000 r-xp 00000000 08:05 1574005    /lib/i386-linux-gnu/librt-2.19.so
b6580000-b6581000 r--p 00006000 08:05 1574005    /lib/i386-linux-gnu/librt-2.19.so
b6581000-b6582000 rw-p 00007000 08:05 1574005    /lib/i386-linux-gnu/librt-2.19.so
b6582000-b6585000 ---p 00000000 00:00 0 
b6585000-b65d3000 rw-p 00000000 00:00 0          [stack:3218]
b65d3000-b65ef000 r-xp 00000000 08:05 1573904    /lib/i386-linux-gnu/libgcc_s.so.1
b65ef000-b65f0000 rw-p 0001b000 08:05 1573904    /lib/i386-linux-gnu/libgcc_s.so.1
b65f0000-b6634000 r-xp 00000000 08:05 1573927    /lib/i386-linux-gnu/libm-2.19.so
b6634000-b6635000 r--p 00043000 08:05 1573927    /lib/i386-linux-gnu/libm-2.19.so
b6635000-b6636000 rw-p 00044000 08:05 1573927    /lib/i386-linux-gnu/libm-2.19.so
b6636000-b6712000 r-xp 00000000 08:05 1972297    /usr/lib/i386-linux-gnu/libstdc++.so.6.0.19
b6712000-b6713000 ---p 000dc000 08:05 1972297    /usr/lib/i386-linux-gnu/libstdc++.so.6.0.19
b6713000-b6717000 r--p 000dc000 08:05 1972297    /usr/lib/i386-linux-gnu/libstdc++.so.6.0.19
b6717000-b6718000 rw-p 000e0000 08:05 1972297    /usr/lib/i386-linux-gnu/libstdc++.so.6.0.19
b6718000-b671f000 rw-p 00000000 00:00 0 
b671f000-b710d000 r-xp 00000000 08:05 2097976    /usr/lib/jvm/java-7-openjdk-i386/jre/lib/i386/server/libjvm.so
b710d000-b710e000 ---p 009ee000 08:05 2097976    /usr/lib/jvm/java-7-openjdk-i386/jre/lib/i386/server/libjvm.so
b710e000-b7160000 r--p 009ee000 08:05 2097976    /usr/lib/jvm/java-7-openjdk-i386/jre/lib/i386/server/libjvm.so
b7160000-b7174000 rw-p 00a40000 08:05 2097976    /usr/lib/jvm/java-7-openjdk-i386/jre/lib/i386/server/libjvm.so
b7174000-b7592000 rw-p 00000000 00:00 0 
b7592000-b75aa000 r-xp 00000000 08:05 1574040    /lib/i386-linux-gnu/libz.so.1.2.8
b75aa000-b75ab000 r--p 00017000 08:05 1574040    /lib/i386-linux-gnu/libz.so.1.2.8
b75ab000-b75ac000 rw-p 00018000 08:05 1574040    /lib/i386-linux-gnu/libz.so.1.2.8
b75ac000-b75c4000 r-xp 00000000 08:05 1573997    /lib/i386-linux-gnu/libpthread-2.19.so
b75c4000-b75c5000 r--p 00017000 08:05 1573997    /lib/i386-linux-gnu/libpthread-2.19.so
b75c5000-b75c6000 rw-p 00018000 08:05 1573997    /lib/i386-linux-gnu/libpthread-2.19.so
b75c6000-b75c8000 rw-p 00000000 00:00 0 
b75c8000-b75cb000 r-xp 00000000 08:05 1573894    /lib/i386-linux-gnu/libdl-2.19.so
b75cb000-b75cc000 r--p 00002000 08:05 1573894    /lib/i386-linux-gnu/libdl-2.19.so
b75cc000-b75cd000 rw-p 00003000 08:05 1573894    /lib/i386-linux-gnu/libdl-2.19.so
b75cd000-b7776000 r-xp 00000000 08:05 1573877    /lib/i386-linux-gnu/libc-2.19.so
b7776000-b7778000 r--p 001a9000 08:05 1573877    /lib/i386-linux-gnu/libc-2.19.so
b7778000-b7779000 rw-p 001ab000 08:05 1573877    /lib/i386-linux-gnu/libc-2.19.so
b7779000-b777c000 rw-p 00000000 00:00 0 
b777c000-b777d000 r--s 00002000 08:05 2098063    /usr/lib/jvm/java-7-openjdk-i386/jre/lib/ext/dnsns.jar
b777d000-b777f000 r--s 00012000 08:05 2098064    /usr/lib/jvm/java-7-openjdk-i386/jre/lib/ext/zipfs.jar
b777f000-b7780000 r--p 00850000 08:05 1974904    /usr/lib/locale/locale-archive
b7780000-b7781000 rw-p 00000000 00:00 0 
b7781000-b7782000 ---p 00000000 00:00 0 
b7782000-b7790000 r-xp 00000000 08:05 2097983    /usr/lib/jvm/java-7-openjdk-i386/jre/lib/i386/libverify.so
b7790000-b7791000 r--p 0000d000 08:05 2097983    /usr/lib/jvm/java-7-openjdk-i386/jre/lib/i386/libverify.so
b7791000-b7792000 rw-p 0000e000 08:05 2097983    /usr/lib/jvm/java-7-openjdk-i386/jre/lib/i386/libverify.so
b7792000-b779e000 r-xp 00000000 08:05 2097966    /usr/lib/jvm/java-7-openjdk-i386/jre/lib/i386/jli/libjli.so
b779e000-b779f000 r--p 0000c000 08:05 2097966    /usr/lib/jvm/java-7-openjdk-i386/jre/lib/i386/jli/libjli.so
b779f000-b77a0000 rw-p 0000d000 08:05 2097966    /usr/lib/jvm/java-7-openjdk-i386/jre/lib/i386/jli/libjli.so
b77a0000-b77a3000 rw-p 00000000 00:00 0 
b77a3000-b77a4000 r-xp 00000000 00:00 0          [vdso]
b77a4000-b77c4000 r-xp 00000000 08:05 1573853    /lib/i386-linux-gnu/ld-2.19.so
b77c4000-b77c5000 r--p 0001f000 08:05 1573853    /lib/i386-linux-gnu/ld-2.19.so
b77c5000-b77c6000 rw-p 00020000 08:05 1573853    /lib/i386-linux-gnu/ld-2.19.so
bfdf3000-bfdf4000 rwxp 00000000 00:00 0 
bfe26000-bfe47000 rw-p 00000000 00:00 0          [stack]

VM Arguments:
jvm_args: -Xmx1024M -Dfile.encoding=UTF-8 -Duser.country=IN -Duser.language=en -Duser.variant 
java_command: com.android.dx.command.Main --dex --output /home/qualigma/Desktop/chromadoze-master/app/build/intermediates/pre-dexed/debug/classes-7f35d958ea9a61073eec4bdedd0e1cde3cafa96e.jar /home/qualigma/Desktop/chromadoze-master/app/build/intermediates/exploded-aar/com.android.support/appcompat-v7/22.0.0/classes.jar
Launcher Type: SUN_STANDARD

Environment Variables:
JAVA_HOME=/usr/lib/jvm/java-7-oracle
PATH=/usr/local/sbin:/usr/local/bin:/usr/sbin:/usr/bin:/sbin:/bin:/usr/games:/usr/local/games:/usr/lib/jvm/java-7-oracle/bin:/usr/lib/jvm/java-7-oracle/db/bin:/usr/lib/jvm/java-7-oracle/jre/bin
LD_LIBRARY_PATH=/home/qualigma/android-studio/bin:
SHELL=/bin/bash
DISPLAY=:0

Signal Handlers:
SIGSEGV: [libjvm.so+0x80cd90], sa_mask[0]=0x7ffbfeff, sa_flags=0x10000004
SIGBUS: [libjvm.so+0x80cd90], sa_mask[0]=0x7ffbfeff, sa_flags=0x10000004
SIGFPE: [libjvm.so+0x684dd0], sa_mask[0]=0x7ffbfeff, sa_flags=0x10000004
SIGPIPE: [libjvm.so+0x684dd0], sa_mask[0]=0x7ffbfeff, sa_flags=0x10000004
SIGXFSZ: [libjvm.so+0x684dd0], sa_mask[0]=0x7ffbfeff, sa_flags=0x10000004
SIGILL: [libjvm.so+0x684dd0], sa_mask[0]=0x7ffbfeff, sa_flags=0x10000004
SIGUSR1: SIG_DFL, sa_mask[0]=0x00000000, sa_flags=0x00000000
SIGUSR2: [libjvm.so+0x684c60], sa_mask[0]=0x00000004, sa_flags=0x10000004
SIGHUP: [libjvm.so+0x684e90], sa_mask[0]=0x7ffbfeff, sa_flags=0x10000004
SIGINT: [libjvm.so+0x684e90], sa_mask[0]=0x7ffbfeff, sa_flags=0x10000004
SIGTERM: [libjvm.so+0x684e90], sa_mask[0]=0x7ffbfeff, sa_flags=0x10000004
SIGQUIT: [libjvm.so+0x684e90], sa_mask[0]=0x7ffbfeff, sa_flags=0x10000004
SIGTRAP: SIG_DFL, sa_mask[0]=0x00000000, sa_flags=0x00000000


---------------  S Y S T E M  ---------------

OS:Ubuntu 14.04 (trusty)
uname:Linux 3.13.0-32-generic #57-Ubuntu SMP Tue Jul 15 03:51:12 UTC 2014 i686
libc:glibc 2.19 NPTL 2.19 
rlimit: STACK 8192k, CORE 0k, NPROC 15670, NOFILE 4096, AS infinity
load average:5.78 3.91 2.94

/proc/meminfo:
MemTotal:        2024996 kB
MemFree:          131656 kB
Buffers:             944 kB
Cached:           266156 kB
SwapCached:        20260 kB
Active:          1138924 kB
Inactive:         669120 kB
Active(anon):    1128984 kB
Inactive(anon):   637916 kB
Active(file):       9940 kB
Inactive(file):    31204 kB
Unevictable:          32 kB
Mlocked:              32 kB
HighTotal:       1144092 kB
HighFree:          35988 kB
LowTotal:         880904 kB
LowFree:           95668 kB
SwapTotal:        975868 kB
SwapFree:           1432 kB
Dirty:               148 kB
Writeback:             0 kB
AnonPages:       1520956 kB
Mapped:            26536 kB
Shmem:            225760 kB
Slab:              33664 kB
SReclaimable:      16352 kB
SUnreclaim:        17312 kB
KernelStack:        3472 kB
PageTables:        11148 kB
NFS_Unstable:          0 kB
Bounce:                0 kB
WritebackTmp:          0 kB
CommitLimit:     1988364 kB
Committed_AS:    5263536 kB
VmallocTotal:     122880 kB
VmallocUsed:       12908 kB
VmallocChunk:     102644 kB
HardwareCorrupted:     0 kB
AnonHugePages:    751616 kB
HugePages_Total:       0
HugePages_Free:        0
HugePages_Rsvd:        0
HugePages_Surp:        0
Hugepagesize:       2048 kB
DirectMap4k:       34808 kB
DirectMap2M:      878592 kB


CPU:total 2 (2 cores per cpu, 1 threads per core) family 6 model 23 stepping 10, cmov, cx8, fxsr, mmx, sse, sse2, sse3, ssse3, sse4.1, tsc

/proc/cpuinfo:
processor	: 0
vendor_id	: GenuineIntel
cpu family	: 6
model		: 23
model name	: Intel(R) Core(TM)2 Duo CPU     T6570  @ 2.10GHz
stepping	: 10
microcode	: 0xa07
cpu MHz		: 2100.000
cache size	: 2048 KB
physical id	: 0
siblings	: 2
core id		: 0
cpu cores	: 2
apicid		: 0
initial apicid	: 0
fdiv_bug	: no
f00f_bug	: no
coma_bug	: no
fpu		: yes
fpu_exception	: yes
cpuid level	: 13
wp		: yes
flags		: fpu vme de pse tsc msr pae mce cx8 apic sep mtrr pge mca cmov pat pse36 clflush dts acpi mmx fxsr sse sse2 ss ht tm pbe nx lm constant_tsc arch_perfmon pebs bts aperfmperf pni dtes64 monitor ds_cpl vmx est tm2 ssse3 cx16 xtpr pdcm sse4_1 xsave lahf_lm dtherm tpr_shadow vnmi flexpriority
bogomips	: 4189.37
clflush size	: 64
cache_alignment	: 64
address sizes	: 36 bits physical, 48 bits virtual
power management:

processor	: 1
vendor_id	: GenuineIntel
cpu family	: 6
model		: 23
model name	: Intel(R) Core(TM)2 Duo CPU     T6570  @ 2.10GHz
stepping	: 10
microcode	: 0xa07
cpu MHz		: 2100.000
cache size	: 2048 KB
physical id	: 0
siblings	: 2
core id		: 1
cpu cores	: 2
apicid		: 1
initial apicid	: 1
fdiv_bug	: no
f00f_bug	: no
coma_bug	: no
fpu		: yes
fpu_exception	: yes
cpuid level	: 13
wp		: yes
flags		: fpu vme de pse tsc msr pae mce cx8 apic sep mtrr pge mca cmov pat pse36 clflush dts acpi mmx fxsr sse sse2 ss ht tm pbe nx lm constant_tsc arch_perfmon pebs bts aperfmperf pni dtes64 monitor ds_cpl vmx est tm2 ssse3 cx16 xtpr pdcm sse4_1 xsave lahf_lm dtherm tpr_shadow vnmi flexpriority
bogomips	: 4189.37
clflush size	: 64
cache_alignment	: 64
address sizes	: 36 bits physical, 48 bits virtual
power management:



Memory: 4k page, physical 2024996k(131656k free), swap 975868k(1432k free)

vm_info: OpenJDK Server VM (24.79-b02) for linux-x86 JRE (1.7.0_79-b14), built on Apr 16 2015 08:24:42 by "buildd" with gcc 4.8.2

time: Wed Jul 15 13:16:38 2015
elapsed time: 11 seconds

