#
# There is insufficient memory for the Java Runtime Environment to continue.
# Native memory allocation (malloc) failed to allocate 44040192 bytes for committing reserved memory.
# Possible reasons:
#   The system is out of physical RAM or swap space
#   In 32 bit mode, the process size limit was hit
# Possible solutions:
#   Reduce memory load on the system
#   Increase physical memory or swap space
#   Check if swap backing store is full
#   Use 64 bit Java on a 64 bit OS
#   Decrease Java heap size (-Xmx/-Xms)
#   Decrease number of Java threads
#   Decrease Java thread stack sizes (-Xss)
#   Set larger code cache with -XX:ReservedCodeCacheSize=
# This output file may be truncated or incomplete.
#
#  Out of Memory Error (os_linux.cpp:2809), pid=7654, tid=1791642432
#
# JRE version: OpenJDK Runtime Environment (7.0_79-b14) (build 1.7.0_79-b14)
# Java VM: OpenJDK Server VM (24.79-b02 mixed mode linux-x86 )
# Derivative: IcedTea 2.5.5
# Distribution: Ubuntu 14.04 LTS, package 7u79-2.5.5-0ubuntu0.14.04.2
# Failed to write core dump. Core dumps have been disabled. To enable core dumping, try "ulimit -c unlimited" before starting Java again
#

---------------  T H R E A D  ---------------

Current thread (0x67f10400):  VMThread [stack: 0x6ac24000,0x6aca5000] [id=7663]

Stack: [0x6ac24000,0x6aca5000]
VM_Operation (0xb65db430): ParallelGCFailedAllocation, mode: safepoint, requested by thread 0xb6407c00


---------------  P R O C E S S  ---------------

Java Threads: ( => current thread )
  0x67f2c800 JavaThread "Service Thread" daemon [_thread_blocked, id=7669, stack(0x67b5c000,0x67bad000)]
  0x67f2ac00 JavaThread "C2 CompilerThread1" daemon [_thread_blocked, id=7668, stack(0x67bad000,0x67c2e000)]
  0x67f28c00 JavaThread "C2 CompilerThread0" daemon [_thread_blocked, id=7667, stack(0x67c2e000,0x67caf000)]
  0x67f27000 JavaThread "Signal Dispatcher" daemon [_thread_blocked, id=7666, stack(0x67caf000,0x67d00000)]
  0x67f14400 JavaThread "Finalizer" daemon [_thread_blocked, id=7665, stack(0x6802d000,0x6807e000)]
  0x67f12c00 JavaThread "Reference Handler" daemon [_thread_blocked, id=7664, stack(0x6807e000,0x680cf000)]
  0xb6407c00 JavaThread "main" [_thread_blocked, id=7659, stack(0xb658c000,0xb65dd000)]

Other Threads:
=>0x67f10400 VMThread [stack: 0x6ac24000,0x6aca5000] [id=7663]
  0x67f2e400 WatcherThread [stack: 0x67adb000,0x67b5c000] [id=7670]

VM state:at safepoint (normal execution)

VM Mutex/Monitor currently owned by a thread:  ([mutex/lock_event])
[0xb64055b0] Threads_lock - owner thread: 0x67f10400
[0xb64059c0] Heap_lock - owner thread: 0xb6407c00

Heap
 PSYoungGen      total 34048K, used 1274K [0x9ddc0000, 0xa0040000, 0xb3340000)
  eden space 32768K, 0% used [0x9ddc0000,0x9ddc0000,0x9fdc0000)
  from space 1280K, 99% used [0x9fdc0000,0x9fefea78,0x9ff00000)
  to   space 1280K, 0% used [0x9ff00000,0x9ff00000,0xa0040000)
 ParOldGen       total 20992K, used 12236K [0x73340000, 0x747c0000, 0x9ddc0000)
  object space 20992K, 58% used [0x73340000,0x73f33188,0x747c0000)
 PSPermGen       total 16384K, used 3665K [0x6b340000, 0x6c340000, 0x73340000)
  object space 16384K, 22% used [0x6b340000,0x6b6d45e0,0x6c340000)

Card table byte_map: [0x6b0ff000,0x6b340000] byte_map_base: 0x6ada5600

Polling page: 0xb778b000

Code Cache  [0xb3400000, 0xb3640000, 0xb6400000)
 total_blobs=524 nmethods=410 adapters=68 free_code_cache=47651Kb largest_free_block=48774976

Compilation events (10 events):
Event: 33.615 Thread 0x67f2ac00 nmethod 407 0xb356c148 code [0xb356c240, 0xb356c450]
Event: 33.615 Thread 0x67f2ac00  413             com.android.dx.rop.code.RegisterSpec::<init> (8 bytes)
Event: 33.616 Thread 0x67f28c00 nmethod 412 0xb356bd88 code [0xb356bea0, 0xb356bfc4]
Event: 33.617 Thread 0x67f28c00  414             com.android.dx.rop.code.RegisterSpec::<init> (48 bytes)
Event: 33.618 Thread 0x67f28c00 nmethod 414 0xb3567488 code [0xb3567580, 0xb3567610]
Event: 33.618 Thread 0x67f28c00  415             com.android.dx.rop.code.Insn::getLocalAssignment (48 bytes)
Event: 33.620 Thread 0x67f28c00 nmethod 415 0xb3550bc8 code [0xb3550cc0, 0xb3550db0]
Event: 33.620 Thread 0x67f28c00  416             com.android.dx.ssa.ConstCollector::getConstsSortedByCountUse (386 bytes)
Event: 33.622 Thread 0x67f2ac00 nmethod 413 0xb3550988 code [0xb3550a80, 0xb3550b10]
Event: 33.622 Thread 0x67f2ac00  417             com.android.dx.ssa.ConstCollector::updateConstUses (248 bytes)

GC Heap History (9 events):
Event: 4.744 GC heap before
{Heap before GC invocations=1 (full 0):
 PSYoungGen      total 9472K, used 8192K [0x9ddc0000, 0x9e840000, 0xb3340000)
  eden space 8192K, 100% used [0x9ddc0000,0x9e5c0000,0x9e5c0000)
  from space 1280K, 0% used [0x9e700000,0x9e700000,0x9e840000)
  to   space 1280K, 0% used [0x9e5c0000,0x9e5c0000,0x9e700000)
 ParOldGen       total 20992K, used 0K [0x73340000, 0x747c0000, 0x9ddc0000)
  object space 20992K, 0% used [0x73340000,0x73340000,0x747c0000)
 PSPermGen       total 16384K, used 3403K [0x6b340000, 0x6c340000, 0x73340000)
  object space 16384K, 20% used [0x6b340000,0x6b692eb0,0x6c340000)
Event: 4.868 GC heap after
Heap after GC invocations=1 (full 0):
 PSYoungGen      total 9472K, used 1279K [0x9ddc0000, 0x9f040000, 0xb3340000)
  eden space 8192K, 0% used [0x9ddc0000,0x9ddc0000,0x9e5c0000)
  from space 1280K, 99% used [0x9e5c0000,0x9e6ffd80,0x9e700000)
  to   space 1280K, 0% used [0x9ef00000,0x9ef00000,0x9f040000)
 ParOldGen       total 20992K, used 1186K [0x73340000, 0x747c0000, 0x9ddc0000)
  object space 20992K, 5% used [0x73340000,0x73468b88,0x747c0000)
 PSPermGen       total 16384K, used 3403K [0x6b340000, 0x6c340000, 0x73340000)
  object space 16384K, 20% used [0x6b340000,0x6b692eb0,0x6c340000)
}
Event: 20.929 GC heap before
{Heap before GC invocations=2 (full 0):
 PSYoungGen      total 9472K, used 9471K [0x9ddc0000, 0x9f040000, 0xb3340000)
  eden space 8192K, 100% used [0x9ddc0000,0x9e5c0000,0x9e5c0000)
  from space 1280K, 99% used [0x9e5c0000,0x9e6ffd80,0x9e700000)
  to   space 1280K, 0% used [0x9ef00000,0x9ef00000,0x9f040000)
 ParOldGen       total 20992K, used 1186K [0x73340000, 0x747c0000, 0x9ddc0000)
  object space 20992K, 5% used [0x73340000,0x73468b88,0x747c0000)
 PSPermGen       total 16384K, used 3541K [0x6b340000, 0x6c340000, 0x73340000)
  object space 16384K, 21% used [0x6b340000,0x6b6b5700,0x6c340000)
Event: 21.544 GC heap after
Heap after GC invocations=2 (full 0):
 PSYoungGen      total 17664K, used 1272K [0x9ddc0000, 0x9f040000, 0xb3340000)
  eden space 16384K, 0% used [0x9ddc0000,0x9ddc0000,0x9edc0000)
  from space 1280K, 99% used [0x9ef00000,0x9f03e070,0x9f040000)
  to   space 1280K, 0% used [0x9edc0000,0x9edc0000,0x9ef00000)
 ParOldGen       total 20992K, used 2087K [0x73340000, 0x747c0000, 0x9ddc0000)
  object space 20992K, 9% used [0x73340000,0x73549d40,0x747c0000)
 PSPermGen       total 16384K, used 3541K [0x6b340000, 0x6c340000, 0x73340000)
  object space 16384K, 21% used [0x6b340000,0x6b6b5700,0x6c340000)
}
Event: 24.874 GC heap before
{Heap before GC invocations=3 (full 0):
 PSYoungGen      total 17664K, used 17656K [0x9ddc0000, 0x9f040000, 0xb3340000)
  eden space 16384K, 100% used [0x9ddc0000,0x9edc0000,0x9edc0000)
  from space 1280K, 99% used [0x9ef00000,0x9f03e070,0x9f040000)
  to   space 1280K, 0% used [0x9edc0000,0x9edc0000,0x9ef00000)
 ParOldGen       total 20992K, used 2087K [0x73340000, 0x747c0000, 0x9ddc0000)
  object space 20992K, 9% used [0x73340000,0x73549d40,0x747c0000)
 PSPermGen       total 16384K, used 3616K [0x6b340000, 0x6c340000, 0x73340000)
  object space 16384K, 22% used [0x6b340000,0x6b6c8298,0x6c340000)
Event: 28.397 GC heap after
Heap after GC invocations=3 (full 0):
 PSYoungGen      total 17664K, used 1265K [0x9ddc0000, 0xa0040000, 0xb3340000)
  eden space 16384K, 0% used [0x9ddc0000,0x9ddc0000,0x9edc0000)
  from space 1280K, 98% used [0x9edc0000,0x9eefc5c8,0x9ef00000)
  to   space 1280K, 0% used [0x9ff00000,0x9ff00000,0xa0040000)
 ParOldGen       total 20992K, used 5156K [0x73340000, 0x747c0000, 0x9ddc0000)
  object space 20992K, 24% used [0x73340000,0x738490e8,0x747c0000)
 PSPermGen       total 16384K, used 3616K [0x6b340000, 0x6c340000, 0x73340000)
  object space 16384K, 22% used [0x6b340000,0x6b6c8298,0x6c340000)
}
Event: 32.249 GC heap before
{Heap before GC invocations=4 (full 0):
 PSYoungGen      total 17664K, used 17649K [0x9ddc0000, 0xa0040000, 0xb3340000)
  eden space 16384K, 100% used [0x9ddc0000,0x9edc0000,0x9edc0000)
  from space 1280K, 98% used [0x9edc0000,0x9eefc5c8,0x9ef00000)
  to   space 1280K, 0% used [0x9ff00000,0x9ff00000,0xa0040000)
 ParOldGen       total 20992K, used 5156K [0x73340000, 0x747c0000, 0x9ddc0000)
  object space 20992K, 24% used [0x73340000,0x738490e8,0x747c0000)
 PSPermGen       total 16384K, used 3635K [0x6b340000, 0x6c340000, 0x73340000)
  object space 16384K, 22% used [0x6b340000,0x6b6ccf60,0x6c340000)
Event: 32.417 GC heap after
Heap after GC invocations=4 (full 0):
 PSYoungGen      total 34048K, used 1274K [0x9ddc0000, 0xa0040000, 0xb3340000)
  eden space 32768K, 0% used [0x9ddc0000,0x9ddc0000,0x9fdc0000)
  from space 1280K, 99% used [0x9ff00000,0xa003ea78,0xa0040000)
  to   space 1280K, 0% used [0x9fdc0000,0x9fdc0000,0x9ff00000)
 ParOldGen       total 20992K, used 7928K [0x73340000, 0x747c0000, 0x9ddc0000)
  object space 20992K, 37% used [0x73340000,0x73afe130,0x747c0000)
 PSPermGen       total 16384K, used 3635K [0x6b340000, 0x6c340000, 0x73340000)
  object space 16384K, 22% used [0x6b340000,0x6b6ccf60,0x6c340000)
}
Event: 33.790 GC heap before
{Heap before GC invocations=5 (full 0):
 PSYoungGen      total 34048K, used 34042K [0x9ddc0000, 0xa0040000, 0xb3340000)
  eden space 32768K, 100% used [0x9ddc0000,0x9fdc0000,0x9fdc0000)
  from space 1280K, 99% used [0x9ff00000,0xa003ea78,0xa0040000)
  to   space 1280K, 0% used [0x9fdc0000,0x9fdc0000,0x9ff00000)
 ParOldGen       total 20992K, used 7928K [0x73340000, 0x747c0000, 0x9ddc0000)
  object space 20992K, 37% used [0x73340000,0x73afe130,0x747c0000)
 PSPermGen       total 16384K, used 3665K [0x6b340000, 0x6c340000, 0x73340000)
  object space 16384K, 22% used [0x6b340000,0x6b6d45e0,0x6c340000)

Deoptimization events (10 events):
Event: 30.743 Thread 0xb6407c00 Uncommon trap: reason=unreached action=reinterpret pc=0xb34cc000 method=com.android.dx.cf.code.Ropper.processBlock(Lcom/android/dx/cf/code/ByteBlock;Lcom/android/dx/cf/code/Frame;[I)V @ 513
Event: 30.889 Thread 0xb6407c00 Uncommon trap: reason=unreached action=reinterpret pc=0xb34ada0c method=com.android.dx.rop.code.LocalVariableExtractor.processBlock(I)V @ 195
Event: 31.662 Thread 0xb6407c00 Uncommon trap: reason=null_check action=make_not_entrant pc=0xb350ad80 method=com.android.dx.rop.type.Type.putIntern(Lcom/android/dx/rop/type/Type;)Lcom/android/dx/rop/type/Type; @ 18
Event: 31.714 Thread 0xb6407c00 Uncommon trap: reason=null_check action=make_not_entrant pc=0xb34719c0 method=com.android.dx.rop.type.Type.equals(Ljava/lang/Object;)Z @ 8
Event: 31.747 Thread 0xb6407c00 Uncommon trap: reason=bimorphic action=maybe_recompile pc=0xb34dd558 method=com.android.dx.cf.code.BytecodeArray.parseInstruction(ILcom/android/dx/cf/code/BytecodeArray$Visitor;)I @ 2281
Event: 31.747 Thread 0xb6407c00 Uncommon trap: reason=bimorphic action=maybe_recompile pc=0xb34dd558 method=com.android.dx.cf.code.BytecodeArray.parseInstruction(ILcom/android/dx/cf/code/BytecodeArray$Visitor;)I @ 2281
Event: 32.138 Thread 0xb6407c00 Uncommon trap: reason=bimorphic action=maybe_recompile pc=0xb34dd558 method=com.android.dx.cf.code.BytecodeArray.parseInstruction(ILcom/android/dx/cf/code/BytecodeArray$Visitor;)I @ 2281
Event: 32.138 Thread 0xb6407c00 Uncommon trap: reason=bimorphic action=maybe_recompile pc=0xb34dd440 method=com.android.dx.cf.code.BytecodeArray.parseInstruction(ILcom/android/dx/cf/code/BytecodeArray$Visitor;)I @ 2135
Event: 32.139 Thread 0xb6407c00 Uncommon trap: reason=bimorphic action=maybe_recompile pc=0xb34dd558 method=com.android.dx.cf.code.BytecodeArray.parseInstruction(ILcom/android/dx/cf/code/BytecodeArray$Visitor;)I @ 2281
Event: 33.339 Thread 0xb6407c00 Uncommon trap: reason=bimorphic action=maybe_recompile pc=0xb3503210 method=com.android.dx.ssa.LiteralOpUpgrader.tryReplacingWithConstant(Lcom/android/dx/ssa/NormalSsaInsn;)Z @ 62

Internal exceptions (10 events):
Event: 21.984 Thread 0xb6407c00 Implicit null exception at 0xb3492911 to 0xb34934b1
Event: 22.112 Thread 0xb6407c00 Threw 0x9e0626a0 at /build/buildd/openjdk-7-7u79-2.5.5/build/openjdk/hotspot/src/share/vm/prims/jvm.cpp:1284
Event: 22.717 Thread 0xb6407c00 Implicit null exception at 0xb346aacf to 0xb346b7d5
Event: 22.721 Thread 0xb6407c00 Implicit null exception at 0xb3473542 to 0xb3474459
Event: 31.662 Thread 0xb6407c00 Implicit null exception at 0xb350a7a2 to 0xb350ad71
Event: 31.714 Thread 0xb6407c00 Implicit null exception at 0xb347192b to 0xb34719b1
Event: 32.792 Thread 0xb6407c00 Threw 0x9e3b1b48 at /build/buildd/openjdk-7-7u79-2.5.5/build/openjdk/hotspot/src/share/vm/prims/jvm.cpp:1284
Event: 33.639 Thread 0xb6407c00 Threw 0x9fa84b48 at /build/buildd/openjdk-7-7u79-2.5.5/build/openjdk/hotspot/src/share/vm/prims/jvm.cpp:1284
Event: 33.699 Thread 0xb6407c00 Threw 0x9fa87818 at /build/buildd/openjdk-7-7u79-2.5.5/build/openjdk/hotspot/src/share/vm/prims/jvm.cpp:1284
Event: 33.700 Thread 0xb6407c00 Threw 0x9fa8a250 at /build/buildd/openjdk-7-7u79-2.5.5/build/openjdk/hotspot/src/share/vm/prims/jvm.cpp:1284

Events (10 events):
Event: 33.339 Thread 0xb6407c00 Uncommon trap: trap_request=0xffffffc6 fr.pc=0xb3503210
Event: 33.339 Thread 0xb6407c00 DEOPT PACKING pc=0xb3503210 sp=0xb65db750
Event: 33.339 Thread 0xb6407c00 DEOPT UNPACKING pc=0xb342cbc8 sp=0xb65db6d4 mode 2
Event: 33.639 loading class 0x67f89308
Event: 33.639 loading class 0x67f89308 done
Event: 33.699 loading class 0x67f897f8
Event: 33.699 loading class 0x67f897f8 done
Event: 33.700 loading class 0x679035a0
Event: 33.700 loading class 0x679035a0 done
Event: 33.789 Executing VM operation: ParallelGCFailedAllocation


Dynamic libraries:
08048000-08049000 r-xp 00000000 08:05 2097921    /usr/lib/jvm/java-7-openjdk-i386/jre/bin/java
08049000-0804a000 r--p 00000000 08:05 2097921    /usr/lib/jvm/java-7-openjdk-i386/jre/bin/java
0804a000-0804b000 rw-p 00001000 08:05 2097921    /usr/lib/jvm/java-7-openjdk-i386/jre/bin/java
09230000-0993e000 rw-p 00000000 00:00 0          [heap]
67100000-671fb000 rw-p 00000000 00:00 0 
671fb000-67200000 ---p 00000000 00:00 0 
67200000-672f1000 rw-p 00000000 00:00 0 
672f1000-67300000 ---p 00000000 00:00 0 
67300000-673de000 rw-p 00000000 00:00 0 
673de000-67400000 ---p 00000000 00:00 0 
67400000-674f7000 rw-p 00000000 00:00 0 
674f7000-67500000 ---p 00000000 00:00 0 
67500000-675f4000 rw-p 00000000 00:00 0 
675f4000-67600000 ---p 00000000 00:00 0 
67700000-677f9000 rw-p 00000000 00:00 0 
677f9000-67800000 ---p 00000000 00:00 0 
67800000-678fd000 rw-p 00000000 00:00 0 
678fd000-67900000 ---p 00000000 00:00 0 
67900000-67929000 rw-p 00000000 00:00 0 
67929000-67a00000 ---p 00000000 00:00 0 
67adb000-67adc000 ---p 00000000 00:00 0 
67adc000-67b5c000 rw-p 00000000 00:00 0          [stack:7670]
67b5c000-67b5f000 ---p 00000000 00:00 0 
67b5f000-67bad000 rw-p 00000000 00:00 0          [stack:7669]
67bad000-67bb0000 ---p 00000000 00:00 0 
67bb0000-67c2e000 rw-p 00000000 00:00 0          [stack:7668]
67c2e000-67c31000 ---p 00000000 00:00 0 
67c31000-67caf000 rw-p 00000000 00:00 0          [stack:7667]
67caf000-67cb2000 ---p 00000000 00:00 0 
67cb2000-67d00000 rw-p 00000000 00:00 0          [stack:7666]
67d00000-67f00000 r--p 00000000 08:05 1974904    /usr/lib/locale/locale-archive
67f00000-67ffa000 rw-p 00000000 00:00 0 
67ffa000-68000000 ---p 00000000 00:00 0 
6802d000-68030000 ---p 00000000 00:00 0 
68030000-6807e000 rw-p 00000000 00:00 0          [stack:7665]
6807e000-68081000 ---p 00000000 00:00 0 
68081000-680cf000 rw-p 00000000 00:00 0          [stack:7664]
680cf000-68280000 r--s 01d27000 08:05 2098041    /usr/lib/jvm/java-7-openjdk-i386/jre/lib/rt.jar
68280000-6ab00000 rw-p 00000000 00:00 0 
6ab00000-6ac00000 rw-p 00000000 00:00 0 
6ac15000-6ac24000 r--s 000dd000 08:05 399179     /home/qualigma/Android/Sdk/build-tools/22.0.1/lib/dx.jar
6ac24000-6ac25000 ---p 00000000 00:00 0 
6ac25000-6ad00000 rw-p 00000000 00:00 0          [stack:7663]
6ad00000-6ad21000 rw-p 00000000 00:00 0 
6ad21000-6ae00000 ---p 00000000 00:00 0 
6ae00000-6ae03000 r--s 0000f000 08:05 2098057    /usr/lib/jvm/java-7-openjdk-i386/jre/lib/ext/icedtea-sound.jar
6ae03000-6ae67000 rw-p 00000000 00:00 0 
6ae67000-6ae68000 ---p 00000000 00:00 0 
6ae68000-6aee8000 rw-p 00000000 00:00 0          [stack:7662]
6aee8000-6aee9000 ---p 00000000 00:00 0 
6aee9000-6af71000 rw-p 00000000 00:00 0          [stack:7661]
6af71000-6afa9000 rw-p 00000000 00:00 0 
6afa9000-6afb4000 rw-p 00000000 00:00 0 
6afb4000-6b0ff000 rw-p 00000000 00:00 0 
6b0ff000-6b107000 rw-p 00000000 00:00 0 
6b107000-6b13f000 rw-p 00000000 00:00 0 
6b13f000-6b14a000 rw-p 00000000 00:00 0 
6b14a000-6b294000 rw-p 00000000 00:00 0 
6b294000-6b2a6000 rw-p 00000000 00:00 0 
6b2a6000-6b33f000 rw-p 00000000 00:00 0 
6b33f000-6c340000 rw-p 00000000 00:00 0 
6c340000-73340000 rw-p 00000000 00:00 0 
73340000-747c0000 rw-p 00000000 00:00 0 
747c0000-9ddc0000 rw-p 00000000 00:00 0 
9ddc0000-a0040000 rw-p 00000000 00:00 0 
a2a40000-b3340000 rw-p 00000000 00:00 0 
b3340000-b3349000 rw-p 00000000 00:00 0 
b3349000-b3400000 rw-p 00000000 00:00 0 
b3400000-b3640000 rwxp 00000000 00:00 0 
b3640000-b64fd000 rw-p 00000000 00:00 0 
b64fd000-b6500000 ---p 00000000 00:00 0 
b6500000-b6503000 r--s 00086000 08:05 2098059    /usr/lib/jvm/java-7-openjdk-i386/jre/lib/ext/localedata.jar
b6503000-b6505000 r--s 00006000 08:05 2373242    /usr/share/java/java-atk-wrapper.jar
b6505000-b6509000 r--s 00034000 08:05 2098060    /usr/lib/jvm/java-7-openjdk-i386/jre/lib/ext/sunjce_provider.jar
b6509000-b6514000 r-xp 00000000 08:05 1573952    /lib/i386-linux-gnu/libnss_files-2.19.so
b6514000-b6515000 r--p 0000a000 08:05 1573952    /lib/i386-linux-gnu/libnss_files-2.19.so
b6515000-b6516000 rw-p 0000b000 08:05 1573952    /lib/i386-linux-gnu/libnss_files-2.19.so
b6516000-b6520000 r-xp 00000000 08:05 1573962    /lib/i386-linux-gnu/libnss_nis-2.19.so
b6520000-b6521000 r--p 00009000 08:05 1573962    /lib/i386-linux-gnu/libnss_nis-2.19.so
b6521000-b6522000 rw-p 0000a000 08:05 1573962    /lib/i386-linux-gnu/libnss_nis-2.19.so
b6522000-b6537000 r-xp 00000000 08:05 1573946    /lib/i386-linux-gnu/libnsl-2.19.so
b6537000-b6538000 r--p 00015000 08:05 1573946    /lib/i386-linux-gnu/libnsl-2.19.so
b6538000-b6539000 rw-p 00016000 08:05 1573946    /lib/i386-linux-gnu/libnsl-2.19.so
b6539000-b653b000 rw-p 00000000 00:00 0 
b653b000-b6542000 r-xp 00000000 08:05 1573948    /lib/i386-linux-gnu/libnss_compat-2.19.so
b6542000-b6543000 r--p 00006000 08:05 1573948    /lib/i386-linux-gnu/libnss_compat-2.19.so
b6543000-b6544000 rw-p 00007000 08:05 1573948    /lib/i386-linux-gnu/libnss_compat-2.19.so
b6544000-b6548000 r--s 0003c000 08:05 2098058    /usr/lib/jvm/java-7-openjdk-i386/jre/lib/ext/sunpkcs11.jar
b6548000-b6550000 r-xp 00000000 08:05 2097962    /usr/lib/jvm/java-7-openjdk-i386/jre/lib/i386/libzip.so
b6550000-b6551000 r--p 00007000 08:05 2097962    /usr/lib/jvm/java-7-openjdk-i386/jre/lib/i386/libzip.so
b6551000-b6552000 rw-p 00008000 08:05 2097962    /usr/lib/jvm/java-7-openjdk-i386/jre/lib/i386/libzip.so
b6552000-b655a000 rw-s 00000000 08:05 1841225    /tmp/hsperfdata_qualigma/7654
b655a000-b6581000 r-xp 00000000 08:05 2097957    /usr/lib/jvm/java-7-openjdk-i386/jre/lib/i386/libjava.so
b6581000-b6582000 r--p 00026000 08:05 2097957    /usr/lib/jvm/java-7-openjdk-i386/jre/lib/i386/libjava.so
b6582000-b6583000 rw-p 00027000 08:05 2097957    /usr/lib/jvm/java-7-openjdk-i386/jre/lib/i386/libjava.so
b6583000-b658a000 r-xp 00000000 08:05 1574005    /lib/i386-linux-gnu/librt-2.19.so
b658a000-b658b000 r--p 00006000 08:05 1574005    /lib/i386-linux-gnu/librt-2.19.so
b658b000-b658c000 rw-p 00007000 08:05 1574005    /lib/i386-linux-gnu/librt-2.19.so
b658c000-b658f000 ---p 00000000 00:00 0 
b658f000-b65dd000 rw-p 00000000 00:00 0          [stack:7659]
b65dd000-b65f9000 r-xp 00000000 08:05 1573904    /lib/i386-linux-gnu/libgcc_s.so.1
b65f9000-b65fa000 rw-p 0001b000 08:05 1573904    /lib/i386-linux-gnu/libgcc_s.so.1
b65fa000-b663e000 r-xp 00000000 08:05 1573927    /lib/i386-linux-gnu/libm-2.19.so
b663e000-b663f000 r--p 00043000 08:05 1573927    /lib/i386-linux-gnu/libm-2.19.so
b663f000-b6640000 rw-p 00044000 08:05 1573927    /lib/i386-linux-gnu/libm-2.19.so
b6640000-b671c000 r-xp 00000000 08:05 1972297    /usr/lib/i386-linux-gnu/libstdc++.so.6.0.19
b671c000-b671d000 ---p 000dc000 08:05 1972297    /usr/lib/i386-linux-gnu/libstdc++.so.6.0.19
b671d000-b6721000 r--p 000dc000 08:05 1972297    /usr/lib/i386-linux-gnu/libstdc++.so.6.0.19
b6721000-b6722000 rw-p 000e0000 08:05 1972297    /usr/lib/i386-linux-gnu/libstdc++.so.6.0.19
b6722000-b6729000 rw-p 00000000 00:00 0 
b6729000-b7117000 r-xp 00000000 08:05 2097976    /usr/lib/jvm/java-7-openjdk-i386/jre/lib/i386/server/libjvm.so
b7117000-b7118000 ---p 009ee000 08:05 2097976    /usr/lib/jvm/java-7-openjdk-i386/jre/lib/i386/server/libjvm.so
b7118000-b716a000 r--p 009ee000 08:05 2097976    /usr/lib/jvm/java-7-openjdk-i386/jre/lib/i386/server/libjvm.so
b716a000-b717e000 rw-p 00a40000 08:05 2097976    /usr/lib/jvm/java-7-openjdk-i386/jre/lib/i386/server/libjvm.so
b717e000-b759c000 rw-p 00000000 00:00 0 
b759c000-b75b4000 r-xp 00000000 08:05 1574040    /lib/i386-linux-gnu/libz.so.1.2.8
b75b4000-b75b5000 r--p 00017000 08:05 1574040    /lib/i386-linux-gnu/libz.so.1.2.8
b75b5000-b75b6000 rw-p 00018000 08:05 1574040    /lib/i386-linux-gnu/libz.so.1.2.8
b75b6000-b75ce000 r-xp 00000000 08:05 1573997    /lib/i386-linux-gnu/libpthread-2.19.so
b75ce000-b75cf000 r--p 00017000 08:05 1573997    /lib/i386-linux-gnu/libpthread-2.19.so
b75cf000-b75d0000 rw-p 00018000 08:05 1573997    /lib/i386-linux-gnu/libpthread-2.19.so
b75d0000-b75d2000 rw-p 00000000 00:00 0 
b75d2000-b75d5000 r-xp 00000000 08:05 1573894    /lib/i386-linux-gnu/libdl-2.19.so
b75d5000-b75d6000 r--p 00002000 08:05 1573894    /lib/i386-linux-gnu/libdl-2.19.so
b75d6000-b75d7000 rw-p 00003000 08:05 1573894    /lib/i386-linux-gnu/libdl-2.19.so
b75d7000-b7780000 r-xp 00000000 08:05 1573877    /lib/i386-linux-gnu/libc-2.19.so
b7780000-b7782000 r--p 001a9000 08:05 1573877    /lib/i386-linux-gnu/libc-2.19.so
b7782000-b7783000 rw-p 001ab000 08:05 1573877    /lib/i386-linux-gnu/libc-2.19.so
b7783000-b7786000 rw-p 00000000 00:00 0 
b7786000-b7787000 r--s 00002000 08:05 2098063    /usr/lib/jvm/java-7-openjdk-i386/jre/lib/ext/dnsns.jar
b7787000-b7789000 r--s 00012000 08:05 2098064    /usr/lib/jvm/java-7-openjdk-i386/jre/lib/ext/zipfs.jar
b7789000-b778a000 r--p 00850000 08:05 1974904    /usr/lib/locale/locale-archive
b778a000-b778b000 rw-p 00000000 00:00 0 
b778b000-b778c000 ---p 00000000 00:00 0 
b778c000-b779a000 r-xp 00000000 08:05 2097983    /usr/lib/jvm/java-7-openjdk-i386/jre/lib/i386/libverify.so
b779a000-b779b000 r--p 0000d000 08:05 2097983    /usr/lib/jvm/java-7-openjdk-i386/jre/lib/i386/libverify.so
b779b000-b779c000 rw-p 0000e000 08:05 2097983    /usr/lib/jvm/java-7-openjdk-i386/jre/lib/i386/libverify.so
b779c000-b77a8000 r-xp 00000000 08:05 2097966    /usr/lib/jvm/java-7-openjdk-i386/jre/lib/i386/jli/libjli.so
b77a8000-b77a9000 r--p 0000c000 08:05 2097966    /usr/lib/jvm/java-7-openjdk-i386/jre/lib/i386/jli/libjli.so
b77a9000-b77aa000 rw-p 0000d000 08:05 2097966    /usr/lib/jvm/java-7-openjdk-i386/jre/lib/i386/jli/libjli.so
b77aa000-b77ad000 rw-p 00000000 00:00 0 
b77ad000-b77ae000 r-xp 00000000 00:00 0          [vdso]
b77ae000-b77ce000 r-xp 00000000 08:05 1573853    /lib/i386-linux-gnu/ld-2.19.so
b77ce000-b77cf000 r--p 0001f000 08:05 1573853    /lib/i386-linux-gnu/ld-2.19.so
b77cf000-b77d0000 rw-p 00020000 08:05 1573853    /lib/i386-linux-gnu/ld-2.19.so
bfbbf000-bfbc0000 rwxp 00000000 00:00 0 
bfbf1000-bfc13000 rw-p 00000000 00:00 0          [stack]

VM Arguments:
jvm_args: -Xmx1024M -Dfile.encoding=UTF-8 -Duser.country=IN -Duser.language=en -Duser.variant 
java_command: com.android.dx.command.Main --dex --output /home/qualigma/Desktop/chromadoze-master/app/build/intermediates/dex/debug /home/qualigma/Desktop/chromadoze-master/app/build/intermediates/classes/debug /home/qualigma/Desktop/chromadoze-master/app/build/intermediates/pre-dexed/debug/support-annotations-22.0.0-c5a664a43818956d261195865926722dbcc7acc3.jar /home/qualigma/Desktop/chromadoze-master/app/build/intermediates/pre-dexed/debug/internal_impl-22.0.0-4de9a56a7882e5ef65f9d8ca931ca0a2fc6a7322.jar /home/qualigma/Desktop/chromadoze-master/app/build/intermediates/pre-dexed/debug/classes-7f35d958ea9a61073eec4bdedd0e1cde3cafa96e.jar /home/qualigma/Desktop/chromadoze-master/app/build/intermediates/pre-dexed/debug/classes-986ffe459c56b5d785bc2f261cc185d014f9e35c.jar
Launcher Type: SUN_STANDARD

Environment Variables:
JAVA_HOME=/usr/lib/jvm/java-7-oracle
PATH=/usr/local/sbin:/usr/local/bin:/usr/sbin:/usr/bin:/sbin:/bin:/usr/games:/usr/local/games:/usr/lib/jvm/java-7-oracle/bin:/usr/lib/jvm/java-7-oracle/db/bin:/usr/lib/jvm/java-7-oracle/jre/bin
LD_LIBRARY_PATH=/home/qualigma/android-studio/bin:
SHELL=/bin/bash
DISPLAY=:0

Signal Handlers:
SIGSEGV: [libjvm.so+0x80cd90], sa_mask[0]=0x7ffbfeff, sa_flags=0x10000004
SIGBUS: [libjvm.so+0x80cd90], sa_mask[0]=0x7ffbfeff, sa_flags=0x10000004
SIGFPE: [libjvm.so+0x684dd0], sa_mask[0]=0x7ffbfeff, sa_flags=0x10000004
SIGPIPE: [libjvm.so+0x684dd0], sa_mask[0]=0x7ffbfeff, sa_flags=0x10000004
SIGXFSZ: [libjvm.so+0x684dd0], sa_mask[0]=0x7ffbfeff, sa_flags=0x10000004
SIGILL: [libjvm.so+0x684dd0], sa_mask[0]=0x7ffbfeff, sa_flags=0x10000004
SIGUSR1: SIG_DFL, sa_mask[0]=0x00000000, sa_flags=0x00000000
SIGUSR2: [libjvm.so+0x684c60], sa_mask[0]=0x00000004, sa_flags=0x10000004
SIGHUP: [libjvm.so+0x684e90], sa_mask[0]=0x7ffbfeff, sa_flags=0x10000004
SIGINT: [libjvm.so+0x684e90], sa_mask[0]=0x7ffbfeff, sa_flags=0x10000004
SIGTERM: [libjvm.so+0x684e90], sa_mask[0]=0x7ffbfeff, sa_flags=0x10000004
SIGQUIT: [libjvm.so+0x684e90], sa_mask[0]=0x7ffbfeff, sa_flags=0x10000004
SIGTRAP: SIG_DFL, sa_mask[0]=0x00000000, sa_flags=0x00000000


---------------  S Y S T E M  ---------------

OS:Ubuntu 14.04 (trusty)
uname:Linux 3.13.0-32-generic #57-Ubuntu SMP Tue Jul 15 03:51:12 UTC 2014 i686
libc:glibc 2.19 NPTL 2.19 
rlimit: STACK 8192k, CORE 0k, NPROC 15670, NOFILE 4096, AS infinity
load average:9.90 5.43 3.59

/proc/meminfo:
MemTotal:        2024996 kB
MemFree:          119896 kB
Buffers:              72 kB
Cached:           342252 kB
SwapCached:        21524 kB
Active:          1177044 kB
Inactive:         638792 kB
Active(anon):    1175688 kB
Inactive(anon):   636776 kB
Active(file):       1356 kB
Inactive(file):     2016 kB
Unevictable:          32 kB
Mlocked:              32 kB
HighTotal:       1144092 kB
HighFree:          21764 kB
LowTotal:         880904 kB
LowFree:           98132 kB
SwapTotal:        975868 kB
SwapFree:              0 kB
Dirty:                16 kB
Writeback:            16 kB
AnonPages:       1452132 kB
Mapped:             7992 kB
Shmem:            338840 kB
Slab:              31720 kB
SReclaimable:      12884 kB
SUnreclaim:        18836 kB
KernelStack:        3856 kB
PageTables:        12020 kB
NFS_Unstable:          0 kB
Bounce:                0 kB
WritebackTmp:          0 kB
CommitLimit:     1988364 kB
Committed_AS:    5798252 kB
VmallocTotal:     122880 kB
VmallocUsed:       13012 kB
VmallocChunk:     102856 kB
HardwareCorrupted:     0 kB
AnonHugePages:    677888 kB
HugePages_Total:       0
HugePages_Free:        0
HugePages_Rsvd:        0
HugePages_Surp:        0
Hugepagesize:       2048 kB
DirectMap4k:       22520 kB
DirectMap2M:      890880 kB


CPU:total 2 (2 cores per cpu, 1 threads per core) family 6 model 23 stepping 10, cmov, cx8, fxsr, mmx, sse, sse2, sse3, ssse3, sse4.1, tsc

/proc/cpuinfo:
processor	: 0
vendor_id	: GenuineIntel
cpu family	: 6
model		: 23
model name	: Intel(R) Core(TM)2 Duo CPU     T6570  @ 2.10GHz
stepping	: 10
microcode	: 0xa07
cpu MHz		: 2100.000
cache size	: 2048 KB
physical id	: 0
siblings	: 2
core id		: 0
cpu cores	: 2
apicid		: 0
initial apicid	: 0
fdiv_bug	: no
f00f_bug	: no
coma_bug	: no
fpu		: yes
fpu_exception	: yes
cpuid level	: 13
wp		: yes
flags		: fpu vme de pse tsc msr pae mce cx8 apic sep mtrr pge mca cmov pat pse36 clflush dts acpi mmx fxsr sse sse2 ss ht tm pbe nx lm constant_tsc arch_perfmon pebs bts aperfmperf pni dtes64 monitor ds_cpl vmx est tm2 ssse3 cx16 xtpr pdcm sse4_1 xsave lahf_lm dtherm tpr_shadow vnmi flexpriority
bogomips	: 4189.78
clflush size	: 64
cache_alignment	: 64
address sizes	: 36 bits physical, 48 bits virtual
power management:

processor	: 1
vendor_id	: GenuineIntel
cpu family	: 6
model		: 23
model name	: Intel(R) Core(TM)2 Duo CPU     T6570  @ 2.10GHz
stepping	: 10
microcode	: 0xa07
cpu MHz		: 2100.000
cache size	: 2048 KB
physical id	: 0
siblings	: 2
core id		: 1
cpu cores	: 2
apicid		: 1
initial apicid	: 1
fdiv_bug	: no
f00f_bug	: no
coma_bug	: no
fpu		: yes
fpu_exception	: yes
cpuid level	: 13
wp		: yes
flags		: fpu vme de pse tsc msr pae mce cx8 apic sep mtrr pge mca cmov pat pse36 clflush dts acpi mmx fxsr sse sse2 ss ht tm pbe nx lm constant_tsc arch_perfmon pebs bts aperfmperf pni dtes64 monitor ds_cpl vmx est tm2 ssse3 cx16 xtpr pdcm sse4_1 xsave lahf_lm dtherm tpr_shadow vnmi flexpriority
bogomips	: 4189.78
clflush size	: 64
cache_alignment	: 64
address sizes	: 36 bits physical, 48 bits virtual
power management:



Memory: 4k page, physical 2024996k(120132k free), swap 975868k(0k free)

vm_info: OpenJDK Server VM (24.79-b02) for linux-x86 JRE (1.7.0_79-b14), built on Apr 16 2015 08:24:42 by "buildd" with gcc 4.8.2

time: Sat Aug  8 16:26:45 2015
elapsed time: 59 seconds

