#
# There is insufficient memory for the Java Runtime Environment to continue.
# Native memory allocation (malloc) failed to allocate 72876032 bytes for committing reserved memory.
# Possible reasons:
#   The system is out of physical RAM or swap space
#   In 32 bit mode, the process size limit was hit
# Possible solutions:
#   Reduce memory load on the system
#   Increase physical memory or swap space
#   Check if swap backing store is full
#   Use 64 bit Java on a 64 bit OS
#   Decrease Java heap size (-Xmx/-Xms)
#   Decrease number of Java threads
#   Decrease Java thread stack sizes (-Xss)
#   Set larger code cache with -XX:ReservedCodeCacheSize=
# This output file may be truncated or incomplete.
#
#  Out of Memory Error (os_linux.cpp:2809), pid=9097, tid=1745677120
#
# JRE version: OpenJDK Runtime Environment (7.0_79-b14) (build 1.7.0_79-b14)
# Java VM: OpenJDK Server VM (24.79-b02 mixed mode linux-x86 )
# Derivative: IcedTea 2.5.5
# Distribution: Ubuntu 14.04 LTS, package 7u79-2.5.5-0ubuntu0.14.04.2
# Failed to write core dump. Core dumps have been disabled. To enable core dumping, try "ulimit -c unlimited" before starting Java again
#

---------------  T H R E A D  ---------------

Current thread (0x67f10400):  VMThread [stack: 0x6804e000,0x680cf000] [id=9107]

Stack: [0x6804e000,0x680cf000]
VM_Operation (0xb6584b34): ParallelGCFailedAllocation, mode: safepoint, requested by thread 0xb6407c00


---------------  P R O C E S S  ---------------

Java Threads: ( => current thread )
  0x67f2c400 JavaThread "Service Thread" daemon [_thread_blocked, id=9114, stack(0x67aba000,0x67b0b000)]
  0x67f2a800 JavaThread "C2 CompilerThread1" daemon [_thread_blocked, id=9113, stack(0x67b0b000,0x67b8c000)]
  0x67f28800 JavaThread "C2 CompilerThread0" daemon [_thread_blocked, id=9112, stack(0x67b8c000,0x67c0d000)]
  0x67f27000 JavaThread "Signal Dispatcher" daemon [_thread_blocked, id=9111, stack(0x67c0d000,0x67c5e000)]
  0x67f14400 JavaThread "Finalizer" daemon [_thread_blocked, id=9109, stack(0x67e5e000,0x67eaf000)]
  0x67f12c00 JavaThread "Reference Handler" daemon [_thread_blocked, id=9108, stack(0x67eaf000,0x67f00000)]
  0xb6407c00 JavaThread "main" [_thread_blocked, id=9104, stack(0xb6535000,0xb6586000)]

Other Threads:
=>0x67f10400 VMThread [stack: 0x6804e000,0x680cf000] [id=9107]
  0x67f2e400 WatcherThread [stack: 0x67a39000,0x67aba000] [id=9115]

VM state:at safepoint (normal execution)

VM Mutex/Monitor currently owned by a thread:  ([mutex/lock_event])
[0xb64055b0] Threads_lock - owner thread: 0x67f10400
[0xb64059c0] Heap_lock - owner thread: 0xb6407c00

Heap
 PSYoungGen      total 72448K, used 7924K [0x9dd40000, 0xa2cc0000, 0xb32c0000)
  eden space 64512K, 0% used [0x9dd40000,0x9dd40000,0xa1c40000)
  from space 7936K, 99% used [0xa1c40000,0xa23fd328,0xa2400000)
  to   space 6912K, 0% used [0xa2400000,0xa2400000,0xa2ac0000)
 ParOldGen       total 20992K, used 18264K [0x732c0000, 0x74740000, 0x9dd40000)
  object space 20992K, 87% used [0x732c0000,0x74496380,0x74740000)
 PSPermGen       total 16384K, used 5148K [0x6b2c0000, 0x6c2c0000, 0x732c0000)
  object space 16384K, 31% used [0x6b2c0000,0x6b7c7320,0x6c2c0000)

Card table byte_map: [0x6b07f000,0x6b2c0000] byte_map_base: 0x6ad25a00

Polling page: 0xb7734000

Code Cache  [0xb33af000, 0xb35ef000, 0xb63af000)
 total_blobs=870 nmethods=738 adapters=86 free_code_cache=47204Kb largest_free_block=48303424

Compilation events (10 events):
Event: 55.237 Thread 0x67f28800 nmethod 745% 0xb3596688 code [0xb3596800, 0xb3596e10]
Event: 55.237 Thread 0x67f28800  748             com.android.dx.merge.DexMerger$6::read (9 bytes)
Event: 66.025 Thread 0x67f2a800 nmethod 747 0xb359b088 code [0xb359b220, 0xb359b850]
Event: 66.025 Thread 0x67f2a800  749             com.android.dex.Dex$Section::readMethodId (30 bytes)
Event: 66.026 Thread 0x67f28800 nmethod 748 0xb3551188 code [0xb3551320, 0xb3551950]
Event: 66.026 Thread 0x67f28800  750             com.android.dx.merge.IndexMap::adjust (36 bytes)
Event: 95.775 Thread 0x67f28800 nmethod 750 0xb3594348 code [0xb3594460, 0xb3594650]
Event: 95.849 Thread 0x67f2a800 nmethod 749 0xb3594f08 code [0xb3595080, 0xb3595530]
Event: 95.962 Thread 0x67f2a800  752             com.android.dex.MethodId::getProtoIndex (5 bytes)
Event: 95.962 Thread 0x67f28800  751             com.android.dex.MethodId::getDeclaringClassIndex (5 bytes)

GC Heap History (10 events):
Event: 19.559 GC heap after
Heap after GC invocations=2 (full 0):
 PSYoungGen      total 17664K, used 1264K [0x9dd40000, 0x9efc0000, 0xb32c0000)
  eden space 16384K, 0% used [0x9dd40000,0x9dd40000,0x9ed40000)
  from space 1280K, 98% used [0x9ee80000,0x9efbc060,0x9efc0000)
  to   space 1280K, 0% used [0x9ed40000,0x9ed40000,0x9ee80000)
 ParOldGen       total 20992K, used 2065K [0x732c0000, 0x74740000, 0x9dd40000)
  object space 20992K, 9% used [0x732c0000,0x734c4668,0x74740000)
 PSPermGen       total 16384K, used 3543K [0x6b2c0000, 0x6c2c0000, 0x732c0000)
  object space 16384K, 21% used [0x6b2c0000,0x6b635fc8,0x6c2c0000)
}
Event: 21.769 GC heap before
{Heap before GC invocations=3 (full 0):
 PSYoungGen      total 17664K, used 17648K [0x9dd40000, 0x9efc0000, 0xb32c0000)
  eden space 16384K, 100% used [0x9dd40000,0x9ed40000,0x9ed40000)
  from space 1280K, 98% used [0x9ee80000,0x9efbc060,0x9efc0000)
  to   space 1280K, 0% used [0x9ed40000,0x9ed40000,0x9ee80000)
 ParOldGen       total 20992K, used 2065K [0x732c0000, 0x74740000, 0x9dd40000)
  object space 20992K, 9% used [0x732c0000,0x734c4668,0x74740000)
 PSPermGen       total 16384K, used 3618K [0x6b2c0000, 0x6c2c0000, 0x732c0000)
  object space 16384K, 22% used [0x6b2c0000,0x6b648838,0x6c2c0000)
Event: 21.828 GC heap after
Heap after GC invocations=3 (full 0):
 PSYoungGen      total 17664K, used 1278K [0x9dd40000, 0x9ffc0000, 0xb32c0000)
  eden space 16384K, 0% used [0x9dd40000,0x9dd40000,0x9ed40000)
  from space 1280K, 99% used [0x9ed40000,0x9ee7f9a0,0x9ee80000)
  to   space 1280K, 0% used [0x9fe80000,0x9fe80000,0x9ffc0000)
 ParOldGen       total 20992K, used 5140K [0x732c0000, 0x74740000, 0x9dd40000)
  object space 20992K, 24% used [0x732c0000,0x737c52c0,0x74740000)
 PSPermGen       total 16384K, used 3618K [0x6b2c0000, 0x6c2c0000, 0x732c0000)
  object space 16384K, 22% used [0x6b2c0000,0x6b648838,0x6c2c0000)
}
Event: 24.245 GC heap before
{Heap before GC invocations=4 (full 0):
 PSYoungGen      total 17664K, used 17662K [0x9dd40000, 0x9ffc0000, 0xb32c0000)
  eden space 16384K, 100% used [0x9dd40000,0x9ed40000,0x9ed40000)
  from space 1280K, 99% used [0x9ed40000,0x9ee7f9a0,0x9ee80000)
  to   space 1280K, 0% used [0x9fe80000,0x9fe80000,0x9ffc0000)
 ParOldGen       total 20992K, used 5140K [0x732c0000, 0x74740000, 0x9dd40000)
  object space 20992K, 24% used [0x732c0000,0x737c52c0,0x74740000)
 PSPermGen       total 16384K, used 3635K [0x6b2c0000, 0x6c2c0000, 0x732c0000)
  object space 16384K, 22% used [0x6b2c0000,0x6b64cea8,0x6c2c0000)
Event: 24.296 GC heap after
Heap after GC invocations=4 (full 0):
 PSYoungGen      total 34048K, used 1265K [0x9dd40000, 0x9ffc0000, 0xb32c0000)
  eden space 32768K, 0% used [0x9dd40000,0x9dd40000,0x9fd40000)
  from space 1280K, 98% used [0x9fe80000,0x9ffbc4c8,0x9ffc0000)
  to   space 1280K, 0% used [0x9fd40000,0x9fd40000,0x9fe80000)
 ParOldGen       total 20992K, used 8410K [0x732c0000, 0x74740000, 0x9dd40000)
  object space 20992K, 40% used [0x732c0000,0x73af69b8,0x74740000)
 PSPermGen       total 16384K, used 3635K [0x6b2c0000, 0x6c2c0000, 0x732c0000)
  object space 16384K, 22% used [0x6b2c0000,0x6b64cea8,0x6c2c0000)
}
Event: 26.830 GC heap before
{Heap before GC invocations=5 (full 0):
 PSYoungGen      total 34048K, used 34033K [0x9dd40000, 0x9ffc0000, 0xb32c0000)
  eden space 32768K, 100% used [0x9dd40000,0x9fd40000,0x9fd40000)
  from space 1280K, 98% used [0x9fe80000,0x9ffbc4c8,0x9ffc0000)
  to   space 1280K, 0% used [0x9fd40000,0x9fd40000,0x9fe80000)
 ParOldGen       total 20992K, used 8410K [0x732c0000, 0x74740000, 0x9dd40000)
  object space 20992K, 40% used [0x732c0000,0x73af69b8,0x74740000)
 PSPermGen       total 16384K, used 3665K [0x6b2c0000, 0x6c2c0000, 0x732c0000)
  object space 16384K, 22% used [0x6b2c0000,0x6b654498,0x6c2c0000)
Event: 26.934 GC heap after
Heap after GC invocations=5 (full 0):
 PSYoungGen      total 34048K, used 1274K [0x9dd40000, 0xa2ac0000, 0xb32c0000)
  eden space 32768K, 0% used [0x9dd40000,0x9dd40000,0x9fd40000)
  from space 1280K, 99% used [0x9fd40000,0x9fe7e888,0x9fe80000)
  to   space 6912K, 0% used [0xa2400000,0xa2400000,0xa2ac0000)
 ParOldGen       total 20992K, used 13163K [0x732c0000, 0x74740000, 0x9dd40000)
  object space 20992K, 62% used [0x732c0000,0x73f9ad10,0x74740000)
 PSPermGen       total 16384K, used 3665K [0x6b2c0000, 0x6c2c0000, 0x732c0000)
  object space 16384K, 22% used [0x6b2c0000,0x6b654498,0x6c2c0000)
}
Event: 47.179 GC heap before
{Heap before GC invocations=6 (full 0):
 PSYoungGen      total 34048K, used 34042K [0x9dd40000, 0xa2ac0000, 0xb32c0000)
  eden space 32768K, 100% used [0x9dd40000,0x9fd40000,0x9fd40000)
  from space 1280K, 99% used [0x9fd40000,0x9fe7e888,0x9fe80000)
  to   space 6912K, 0% used [0xa2400000,0xa2400000,0xa2ac0000)
 ParOldGen       total 20992K, used 13163K [0x732c0000, 0x74740000, 0x9dd40000)
  object space 20992K, 62% used [0x732c0000,0x73f9ad10,0x74740000)
 PSPermGen       total 16384K, used 4542K [0x6b2c0000, 0x6c2c0000, 0x732c0000)
  object space 16384K, 27% used [0x6b2c0000,0x6b72fac8,0x6c2c0000)
Event: 48.120 GC heap after
Heap after GC invocations=6 (full 0):
 PSYoungGen      total 71424K, used 6437K [0x9dd40000, 0xa2cc0000, 0xb32c0000)
  eden space 64512K, 0% used [0x9dd40000,0x9dd40000,0xa1c40000)
  from space 6912K, 93% used [0xa2400000,0xa2a49470,0xa2ac0000)
  to   space 7936K, 0% used [0xa1c40000,0xa1c40000,0xa2400000)
 ParOldGen       total 20992K, used 13163K [0x732c0000, 0x74740000, 0x9dd40000)
  object space 20992K, 62% used [0x732c0000,0x73f9ad10,0x74740000)
 PSPermGen       total 16384K, used 4542K [0x6b2c0000, 0x6c2c0000, 0x732c0000)
  object space 16384K, 27% used [0x6b2c0000,0x6b72fac8,0x6c2c0000)
}
Event: 97.020 GC heap before
{Heap before GC invocations=7 (full 0):
 PSYoungGen      total 71424K, used 70949K [0x9dd40000, 0xa2cc0000, 0xb32c0000)
  eden space 64512K, 100% used [0x9dd40000,0xa1c40000,0xa1c40000)
  from space 6912K, 93% used [0xa2400000,0xa2a49470,0xa2ac0000)
  to   space 7936K, 0% used [0xa1c40000,0xa1c40000,0xa2400000)
 ParOldGen       total 20992K, used 13163K [0x732c0000, 0x74740000, 0x9dd40000)
  object space 20992K, 62% used [0x732c0000,0x73f9ad10,0x74740000)
 PSPermGen       total 16384K, used 5148K [0x6b2c0000, 0x6c2c0000, 0x732c0000)
  object space 16384K, 31% used [0x6b2c0000,0x6b7c7320,0x6c2c0000)

Deoptimization events (10 events):
Event: 48.376 Thread 0xb6407c00 Uncommon trap: reason=predicate action=maybe_recompile pc=0xb35427c0 method=com.android.dex.Leb128.writeUnsignedLeb128(Lcom/android/dex/util/ByteOutput;I)V @ 9
Event: 52.132 Thread 0xb6407c00 Uncommon trap: reason=class_check action=maybe_recompile pc=0xb3410c90 method=java.util.HashMap.<init>(IF)V @ 115
Event: 52.167 Thread 0xb6407c00 Uncommon trap: reason=class_check action=maybe_recompile pc=0xb345bdfc method=java.util.HashMap.<init>(IF)V @ 115
Event: 53.883 Thread 0xb6407c00 Uncommon trap: reason=class_check action=maybe_recompile pc=0xb354109c method=java.io.DataInputStream.readUnsignedShort()I @ 4
Event: 53.883 Thread 0xb6407c00 Uncommon trap: reason=class_check action=maybe_recompile pc=0xb354109c method=java.io.DataInputStream.readUnsignedShort()I @ 4
Event: 53.883 Thread 0xb6407c00 Uncommon trap: reason=class_check action=maybe_recompile pc=0xb354109c method=java.io.DataInputStream.readUnsignedShort()I @ 4
Event: 53.883 Thread 0xb6407c00 Uncommon trap: reason=class_check action=maybe_recompile pc=0xb354109c method=java.io.DataInputStream.readUnsignedShort()I @ 4
Event: 53.922 Thread 0xb6407c00 Uncommon trap: reason=class_check action=maybe_recompile pc=0xb3410c90 method=java.util.HashMap.<init>(IF)V @ 115
Event: 54.458 Thread 0xb6407c00 Uncommon trap: reason=predicate action=maybe_recompile pc=0xb355cbe4 method=com.android.dex.Leb128.readUnsignedLeb128(Lcom/android/dex/util/ByteInput;)I @ 41
Event: 55.066 Thread 0xb6407c00 Uncommon trap: reason=unreached action=reinterpret pc=0xb35837e8 method=com.android.dx.merge.DexMerger$IdMerger.mergeSorted()V @ 261

Internal exceptions (10 events):
Event: 50.060 Thread 0xb6407c00 Threw 0x9de4b7f0 at /build/buildd/openjdk-7-7u79-2.5.5/build/openjdk/hotspot/src/share/vm/prims/jvm.cpp:1284
Event: 50.657 Thread 0xb6407c00 Threw 0x9de52658 at /build/buildd/openjdk-7-7u79-2.5.5/build/openjdk/hotspot/src/share/vm/prims/jvm.cpp:1284
Event: 50.658 Thread 0xb6407c00 Threw 0x9de55048 at /build/buildd/openjdk-7-7u79-2.5.5/build/openjdk/hotspot/src/share/vm/prims/jvm.cpp:1284
Event: 52.496 Thread 0xb6407c00 Threw 0x9e04ded8 at /build/buildd/openjdk-7-7u79-2.5.5/build/openjdk/hotspot/src/share/vm/prims/jvm.cpp:1284
Event: 52.496 Thread 0xb6407c00 Threw 0x9e04dff0 at /build/buildd/openjdk-7-7u79-2.5.5/build/openjdk/hotspot/src/share/vm/prims/jvm.cpp:1284
Event: 52.497 Thread 0xb6407c00 Threw 0x9e050440 at /build/buildd/openjdk-7-7u79-2.5.5/build/openjdk/hotspot/src/share/vm/prims/jvm.cpp:1284
Event: 52.497 Thread 0xb6407c00 Threw 0x9e050558 at /build/buildd/openjdk-7-7u79-2.5.5/build/openjdk/hotspot/src/share/vm/prims/jvm.cpp:1284
Event: 52.497 Thread 0xb6407c00 Threw 0x9e050ec8 at /build/buildd/openjdk-7-7u79-2.5.5/build/openjdk/hotspot/src/share/vm/prims/jvm.cpp:1284
Event: 52.497 Thread 0xb6407c00 Threw 0x9e050fe0 at /build/buildd/openjdk-7-7u79-2.5.5/build/openjdk/hotspot/src/share/vm/prims/jvm.cpp:1284
Event: 60.112 Thread 0xb6407c00 Threw 0x9ed7cb40 at /build/buildd/openjdk-7-7u79-2.5.5/build/openjdk/hotspot/src/share/vm/prims/jvm.cpp:1284

Events (10 events):
Event: 54.641 Thread 0xb6407c00 DEOPT UNPACKING pc=0xb33dbbc8 sp=0xb6584c0c mode 2
Event: 55.066 Thread 0xb6407c00 Uncommon trap: trap_request=0xffffffad fr.pc=0xb35837e8
Event: 55.066 Thread 0xb6407c00 DEOPT PACKING pc=0xb35837e8 sp=0xb6584e40
Event: 55.066 Thread 0xb6407c00 DEOPT UNPACKING pc=0xb33dbbc8 sp=0xb6584e2c mode 2
Event: 59.946 loading class 0x67fc5c60
Event: 59.946 loading class 0x67fc5c60 done
Event: 84.993 loading class 0x6ae40b68
Event: 87.626 loading class 0x6ae40b68 done
Event: 95.857 Thread 0x67f2a800 flushing nmethod 0xb3432408
Event: 96.207 Executing VM operation: ParallelGCFailedAllocation


Dynamic libraries:
08048000-08049000 r-xp 00000000 08:05 2097921    /usr/lib/jvm/java-7-openjdk-i386/jre/bin/java
08049000-0804a000 r--p 00000000 08:05 2097921    /usr/lib/jvm/java-7-openjdk-i386/jre/bin/java
0804a000-0804b000 rw-p 00001000 08:05 2097921    /usr/lib/jvm/java-7-openjdk-i386/jre/bin/java
0871d000-08ee3000 rw-p 00000000 00:00 0          [heap]
66f73000-6707d000 r-xp 00000000 08:05 1573908    /lib/i386-linux-gnu/libglib-2.0.so.0.4000.0
6707d000-6707e000 r--p 00109000 08:05 1573908    /lib/i386-linux-gnu/libglib-2.0.so.0.4000.0
6707e000-6707f000 rw-p 0010a000 08:05 1573908    /lib/i386-linux-gnu/libglib-2.0.so.0.4000.0
6707f000-671fc000 r-xp 00000000 08:05 1971774    /usr/lib/i386-linux-gnu/libgio-2.0.so.0.4000.0
671fc000-671fe000 r--p 0017c000 08:05 1971774    /usr/lib/i386-linux-gnu/libgio-2.0.so.0.4000.0
671fe000-671ff000 rw-p 0017e000 08:05 1971774    /usr/lib/i386-linux-gnu/libgio-2.0.so.0.4000.0
671ff000-67200000 rw-p 00000000 00:00 0 
67200000-67300000 rw-p 00000000 00:00 0 
67300000-673f9000 rw-p 00000000 00:00 0 
673f9000-67400000 ---p 00000000 00:00 0 
67500000-675f1000 rw-p 00000000 00:00 0 
675f1000-67600000 ---p 00000000 00:00 0 
67600000-676ff000 rw-p 00000000 00:00 0 
676ff000-67700000 ---p 00000000 00:00 0 
67700000-677fc000 rw-p 00000000 00:00 0 
677fc000-67800000 ---p 00000000 00:00 0 
67870000-678ac000 r-xp 00000000 08:05 1573980    /lib/i386-linux-gnu/libpcre.so.3.13.1
678ac000-678ad000 r--p 0003b000 08:05 1573980    /lib/i386-linux-gnu/libpcre.so.3.13.1
678ad000-678ae000 rw-p 0003c000 08:05 1573980    /lib/i386-linux-gnu/libpcre.so.3.13.1
678ae000-678fe000 r-xp 00000000 08:05 1971804    /usr/lib/i386-linux-gnu/libgobject-2.0.so.0.4000.0
678fe000-678ff000 r--p 0004f000 08:05 1971804    /usr/lib/i386-linux-gnu/libgobject-2.0.so.0.4000.0
678ff000-67900000 rw-p 00050000 08:05 1971804    /usr/lib/i386-linux-gnu/libgobject-2.0.so.0.4000.0
67900000-6794b000 rw-p 00000000 00:00 0 
6794b000-67a00000 ---p 00000000 00:00 0 
67a16000-67a36000 r-xp 00000000 08:05 1574007    /lib/i386-linux-gnu/libselinux.so.1
67a36000-67a37000 r--p 0001f000 08:05 1574007    /lib/i386-linux-gnu/libselinux.so.1
67a37000-67a38000 rw-p 00020000 08:05 1574007    /lib/i386-linux-gnu/libselinux.so.1
67a38000-67a39000 rw-p 00000000 00:00 0 
67a39000-67a3a000 ---p 00000000 00:00 0 
67a3a000-67aba000 rw-p 00000000 00:00 0          [stack:9115]
67aba000-67abd000 ---p 00000000 00:00 0 
67abd000-67b0b000 rw-p 00000000 00:00 0          [stack:9114]
67b0b000-67b0e000 ---p 00000000 00:00 0 
67b0e000-67b8c000 rw-p 00000000 00:00 0          [stack:9113]
67b8c000-67b8f000 ---p 00000000 00:00 0 
67b8f000-67c0d000 rw-p 00000000 00:00 0          [stack:9112]
67c0d000-67c10000 ---p 00000000 00:00 0 
67c10000-67c5e000 rw-p 00000000 00:00 0          [stack:9111]
67c5e000-67e5e000 r--p 00000000 08:05 1974904    /usr/lib/locale/locale-archive
67e5e000-67e61000 ---p 00000000 00:00 0 
67e61000-67eaf000 rw-p 00000000 00:00 0          [stack:9109]
67eaf000-67eb2000 ---p 00000000 00:00 0 
67eb2000-67f00000 rw-p 00000000 00:00 0          [stack:9108]
67f00000-68000000 rw-p 00000000 00:00 0 
68007000-6801a000 r-xp 00000000 08:05 1574003    /lib/i386-linux-gnu/libresolv-2.19.so
6801a000-6801b000 ---p 00013000 08:05 1574003    /lib/i386-linux-gnu/libresolv-2.19.so
6801b000-6801c000 r--p 00013000 08:05 1574003    /lib/i386-linux-gnu/libresolv-2.19.so
6801c000-6801d000 rw-p 00014000 08:05 1574003    /lib/i386-linux-gnu/libresolv-2.19.so
6801d000-6801f000 rw-p 00000000 00:00 0 
68035000-6804c000 r-xp 00000000 08:05 2097993    /usr/lib/jvm/java-7-openjdk-i386/jre/lib/i386/libnet.so
6804c000-6804d000 r--p 00017000 08:05 2097993    /usr/lib/jvm/java-7-openjdk-i386/jre/lib/i386/libnet.so
6804d000-6804e000 rw-p 00018000 08:05 2097993    /usr/lib/jvm/java-7-openjdk-i386/jre/lib/i386/libnet.so
6804e000-6804f000 ---p 00000000 00:00 0 
6804f000-680cf000 rw-p 00000000 00:00 0          [stack:9107]
680cf000-68280000 r--s 01d27000 08:05 2098041    /usr/lib/jvm/java-7-openjdk-i386/jre/lib/rt.jar
68280000-6ab00000 rw-p 00000000 00:00 0 
6ab00000-6ac00000 rw-p 00000000 00:00 0 
6ac14000-6ac25000 r-xp 00000000 08:05 2097961    /usr/lib/jvm/java-7-openjdk-i386/jre/lib/i386/libnio.so
6ac25000-6ac26000 r--p 00010000 08:05 2097961    /usr/lib/jvm/java-7-openjdk-i386/jre/lib/i386/libnio.so
6ac26000-6ac27000 rw-p 00011000 08:05 2097961    /usr/lib/jvm/java-7-openjdk-i386/jre/lib/i386/libnio.so
6ac27000-6ac36000 r--s 000dd000 08:05 399179     /home/qualigma/Android/Sdk/build-tools/22.0.1/lib/dx.jar
6ac36000-6ac7f000 rw-p 00000000 00:00 0 
6ac7f000-6ac80000 ---p 00000000 00:00 0 
6ac80000-6ad00000 rw-p 00000000 00:00 0          [stack:9106]
6ad00000-6ad21000 rw-p 00000000 00:00 0 
6ad21000-6ae00000 ---p 00000000 00:00 0 
6ae06000-6ae0b000 r-xp 00000000 08:05 1971671    /usr/lib/i386-linux-gnu/libffi.so.6.0.1
6ae0b000-6ae0c000 r--p 00005000 08:05 1971671    /usr/lib/i386-linux-gnu/libffi.so.6.0.1
6ae0c000-6ae0d000 rw-p 00006000 08:05 1971671    /usr/lib/i386-linux-gnu/libffi.so.6.0.1
6ae0d000-6ae68000 rw-p 00000000 00:00 0 
6ae68000-6ae69000 ---p 00000000 00:00 0 
6ae69000-6aef1000 rw-p 00000000 00:00 0          [stack:9105]
6aef1000-6af29000 rw-p 00000000 00:00 0 
6af29000-6af34000 rw-p 00000000 00:00 0 
6af34000-6b07f000 rw-p 00000000 00:00 0 
6b07f000-6b087000 rw-p 00000000 00:00 0 
6b087000-6b0bf000 rw-p 00000000 00:00 0 
6b0bf000-6b0ca000 rw-p 00000000 00:00 0 
6b0ca000-6b214000 rw-p 00000000 00:00 0 
6b214000-6b23c000 rw-p 00000000 00:00 0 
6b23c000-6b2bf000 rw-p 00000000 00:00 0 
6b2bf000-6c2c0000 rw-p 00000000 00:00 0 
6c2c0000-732c0000 rw-p 00000000 00:00 0 
732c0000-74740000 rw-p 00000000 00:00 0 
74740000-9dd40000 rw-p 00000000 00:00 0 
9dd40000-a2cc0000 rw-p 00000000 00:00 0 
a7240000-b32c0000 rw-p 00000000 00:00 0 
b32c0000-b32c5000 r--s 0004d000 08:05 2097950    /usr/lib/jvm/java-7-openjdk-i386/jre/lib/jsse.jar
b32c5000-b32c8000 r-xp 00000000 08:05 1971788    /usr/lib/i386-linux-gnu/libgmodule-2.0.so.0.4000.0
b32c8000-b32c9000 r--p 00002000 08:05 1971788    /usr/lib/i386-linux-gnu/libgmodule-2.0.so.0.4000.0
b32c9000-b32ca000 rw-p 00003000 08:05 1971788    /usr/lib/i386-linux-gnu/libgmodule-2.0.so.0.4000.0
b32ca000-b32cd000 r--s 0000f000 08:05 2098057    /usr/lib/jvm/java-7-openjdk-i386/jre/lib/ext/icedtea-sound.jar
b32cd000-b32d0000 r--s 00086000 08:05 2098059    /usr/lib/jvm/java-7-openjdk-i386/jre/lib/ext/localedata.jar
b32d0000-b32d4000 r--s 00034000 08:05 2098060    /usr/lib/jvm/java-7-openjdk-i386/jre/lib/ext/sunjce_provider.jar
b32d4000-b32f8000 rw-p 00000000 00:00 0 
b32f8000-b33af000 rw-p 00000000 00:00 0 
b33af000-b35ef000 rwxp 00000000 00:00 0 
b35ef000-b63af000 rw-p 00000000 00:00 0 
b63af000-b63ba000 r-xp 00000000 08:05 1573952    /lib/i386-linux-gnu/libnss_files-2.19.so
b63ba000-b63bb000 r--p 0000a000 08:05 1573952    /lib/i386-linux-gnu/libnss_files-2.19.so
b63bb000-b63bc000 rw-p 0000b000 08:05 1573952    /lib/i386-linux-gnu/libnss_files-2.19.so
b63bc000-b63c6000 r-xp 00000000 08:05 1573962    /lib/i386-linux-gnu/libnss_nis-2.19.so
b63c6000-b63c7000 r--p 00009000 08:05 1573962    /lib/i386-linux-gnu/libnss_nis-2.19.so
b63c7000-b63c8000 rw-p 0000a000 08:05 1573962    /lib/i386-linux-gnu/libnss_nis-2.19.so
b63c8000-b63dd000 r-xp 00000000 08:05 1573946    /lib/i386-linux-gnu/libnsl-2.19.so
b63dd000-b63de000 r--p 00015000 08:05 1573946    /lib/i386-linux-gnu/libnsl-2.19.so
b63de000-b63df000 rw-p 00016000 08:05 1573946    /lib/i386-linux-gnu/libnsl-2.19.so
b63df000-b63e1000 rw-p 00000000 00:00 0 
b63e1000-b63e8000 r-xp 00000000 08:05 1573948    /lib/i386-linux-gnu/libnss_compat-2.19.so
b63e8000-b63e9000 r--p 00006000 08:05 1573948    /lib/i386-linux-gnu/libnss_compat-2.19.so
b63e9000-b63ea000 rw-p 00007000 08:05 1573948    /lib/i386-linux-gnu/libnss_compat-2.19.so
b63ea000-b63ee000 r--s 0003c000 08:05 2098058    /usr/lib/jvm/java-7-openjdk-i386/jre/lib/ext/sunpkcs11.jar
b63ee000-b63f6000 r-xp 00000000 08:05 2097962    /usr/lib/jvm/java-7-openjdk-i386/jre/lib/i386/libzip.so
b63f6000-b63f7000 r--p 00007000 08:05 2097962    /usr/lib/jvm/java-7-openjdk-i386/jre/lib/i386/libzip.so
b63f7000-b63f8000 rw-p 00008000 08:05 2097962    /usr/lib/jvm/java-7-openjdk-i386/jre/lib/i386/libzip.so
b63f8000-b6400000 rw-s 00000000 08:05 1841227    /tmp/hsperfdata_qualigma/9097
b6400000-b64fd000 rw-p 00000000 00:00 0 
b64fd000-b6500000 ---p 00000000 00:00 0 
b6501000-b6503000 r--s 00006000 08:05 2373242    /usr/share/java/java-atk-wrapper.jar
b6503000-b652a000 r-xp 00000000 08:05 2097957    /usr/lib/jvm/java-7-openjdk-i386/jre/lib/i386/libjava.so
b652a000-b652b000 r--p 00026000 08:05 2097957    /usr/lib/jvm/java-7-openjdk-i386/jre/lib/i386/libjava.so
b652b000-b652c000 rw-p 00027000 08:05 2097957    /usr/lib/jvm/java-7-openjdk-i386/jre/lib/i386/libjava.so
b652c000-b6533000 r-xp 00000000 08:05 1574005    /lib/i386-linux-gnu/librt-2.19.so
b6533000-b6534000 r--p 00006000 08:05 1574005    /lib/i386-linux-gnu/librt-2.19.so
b6534000-b6535000 rw-p 00007000 08:05 1574005    /lib/i386-linux-gnu/librt-2.19.so
b6535000-b6538000 ---p 00000000 00:00 0 
b6538000-b6586000 rw-p 00000000 00:00 0          [stack:9104]
b6586000-b65a2000 r-xp 00000000 08:05 1573904    /lib/i386-linux-gnu/libgcc_s.so.1
b65a2000-b65a3000 rw-p 0001b000 08:05 1573904    /lib/i386-linux-gnu/libgcc_s.so.1
b65a3000-b65e7000 r-xp 00000000 08:05 1573927    /lib/i386-linux-gnu/libm-2.19.so
b65e7000-b65e8000 r--p 00043000 08:05 1573927    /lib/i386-linux-gnu/libm-2.19.so
b65e8000-b65e9000 rw-p 00044000 08:05 1573927    /lib/i386-linux-gnu/libm-2.19.so
b65e9000-b66c5000 r-xp 00000000 08:05 1972297    /usr/lib/i386-linux-gnu/libstdc++.so.6.0.19
b66c5000-b66c6000 ---p 000dc000 08:05 1972297    /usr/lib/i386-linux-gnu/libstdc++.so.6.0.19
b66c6000-b66ca000 r--p 000dc000 08:05 1972297    /usr/lib/i386-linux-gnu/libstdc++.so.6.0.19
b66ca000-b66cb000 rw-p 000e0000 08:05 1972297    /usr/lib/i386-linux-gnu/libstdc++.so.6.0.19
b66cb000-b66d2000 rw-p 00000000 00:00 0 
b66d2000-b70c0000 r-xp 00000000 08:05 2097976    /usr/lib/jvm/java-7-openjdk-i386/jre/lib/i386/server/libjvm.so
b70c0000-b70c1000 ---p 009ee000 08:05 2097976    /usr/lib/jvm/java-7-openjdk-i386/jre/lib/i386/server/libjvm.so
b70c1000-b7113000 r--p 009ee000 08:05 2097976    /usr/lib/jvm/java-7-openjdk-i386/jre/lib/i386/server/libjvm.so
b7113000-b7127000 rw-p 00a40000 08:05 2097976    /usr/lib/jvm/java-7-openjdk-i386/jre/lib/i386/server/libjvm.so
b7127000-b7545000 rw-p 00000000 00:00 0 
b7545000-b755d000 r-xp 00000000 08:05 1574040    /lib/i386-linux-gnu/libz.so.1.2.8
b755d000-b755e000 r--p 00017000 08:05 1574040    /lib/i386-linux-gnu/libz.so.1.2.8
b755e000-b755f000 rw-p 00018000 08:05 1574040    /lib/i386-linux-gnu/libz.so.1.2.8
b755f000-b7577000 r-xp 00000000 08:05 1573997    /lib/i386-linux-gnu/libpthread-2.19.so
b7577000-b7578000 r--p 00017000 08:05 1573997    /lib/i386-linux-gnu/libpthread-2.19.so
b7578000-b7579000 rw-p 00018000 08:05 1573997    /lib/i386-linux-gnu/libpthread-2.19.so
b7579000-b757b000 rw-p 00000000 00:00 0 
b757b000-b757e000 r-xp 00000000 08:05 1573894    /lib/i386-linux-gnu/libdl-2.19.so
b757e000-b757f000 r--p 00002000 08:05 1573894    /lib/i386-linux-gnu/libdl-2.19.so
b757f000-b7580000 rw-p 00003000 08:05 1573894    /lib/i386-linux-gnu/libdl-2.19.so
b7580000-b7729000 r-xp 00000000 08:05 1573877    /lib/i386-linux-gnu/libc-2.19.so
b7729000-b772b000 r--p 001a9000 08:05 1573877    /lib/i386-linux-gnu/libc-2.19.so
b772b000-b772c000 rw-p 001ab000 08:05 1573877    /lib/i386-linux-gnu/libc-2.19.so
b772c000-b772f000 rw-p 00000000 00:00 0 
b772f000-b7730000 r--s 00002000 08:05 2098063    /usr/lib/jvm/java-7-openjdk-i386/jre/lib/ext/dnsns.jar
b7730000-b7732000 r--s 00012000 08:05 2098064    /usr/lib/jvm/java-7-openjdk-i386/jre/lib/ext/zipfs.jar
b7732000-b7733000 r--p 00850000 08:05 1974904    /usr/lib/locale/locale-archive
b7733000-b7734000 rw-p 00000000 00:00 0 
b7734000-b7735000 ---p 00000000 00:00 0 
b7735000-b7743000 r-xp 00000000 08:05 2097983    /usr/lib/jvm/java-7-openjdk-i386/jre/lib/i386/libverify.so
b7743000-b7744000 r--p 0000d000 08:05 2097983    /usr/lib/jvm/java-7-openjdk-i386/jre/lib/i386/libverify.so
b7744000-b7745000 rw-p 0000e000 08:05 2097983    /usr/lib/jvm/java-7-openjdk-i386/jre/lib/i386/libverify.so
b7745000-b7751000 r-xp 00000000 08:05 2097966    /usr/lib/jvm/java-7-openjdk-i386/jre/lib/i386/jli/libjli.so
b7751000-b7752000 r--p 0000c000 08:05 2097966    /usr/lib/jvm/java-7-openjdk-i386/jre/lib/i386/jli/libjli.so
b7752000-b7753000 rw-p 0000d000 08:05 2097966    /usr/lib/jvm/java-7-openjdk-i386/jre/lib/i386/jli/libjli.so
b7753000-b7756000 rw-p 00000000 00:00 0 
b7756000-b7757000 r-xp 00000000 00:00 0          [vdso]
b7757000-b7777000 r-xp 00000000 08:05 1573853    /lib/i386-linux-gnu/ld-2.19.so
b7777000-b7778000 r--p 0001f000 08:05 1573853    /lib/i386-linux-gnu/ld-2.19.so
b7778000-b7779000 rw-p 00020000 08:05 1573853    /lib/i386-linux-gnu/ld-2.19.so
bfef2000-bfef3000 rwxp 00000000 00:00 0 
bff24000-bff46000 rw-p 00000000 00:00 0          [stack]

VM Arguments:
jvm_args: -Xmx1024M -Dfile.encoding=UTF-8 -Duser.country=IN -Duser.language=en -Duser.variant 
java_command: com.android.dx.command.Main --dex --output /home/qualigma/Desktop/chromadoze-master/app/build/intermediates/dex/debug /home/qualigma/Desktop/chromadoze-master/app/build/intermediates/classes/debug /home/qualigma/Desktop/chromadoze-master/app/build/intermediates/pre-dexed/debug/support-annotations-22.0.0-c5a664a43818956d261195865926722dbcc7acc3.jar /home/qualigma/Desktop/chromadoze-master/app/build/intermediates/pre-dexed/debug/internal_impl-22.0.0-4de9a56a7882e5ef65f9d8ca931ca0a2fc6a7322.jar /home/qualigma/Desktop/chromadoze-master/app/build/intermediates/pre-dexed/debug/classes-7f35d958ea9a61073eec4bdedd0e1cde3cafa96e.jar /home/qualigma/Desktop/chromadoze-master/app/build/intermediates/pre-dexed/debug/classes-986ffe459c56b5d785bc2f261cc185d014f9e35c.jar
Launcher Type: SUN_STANDARD

Environment Variables:
JAVA_HOME=/usr/lib/jvm/java-7-oracle
PATH=/usr/local/sbin:/usr/local/bin:/usr/sbin:/usr/bin:/sbin:/bin:/usr/games:/usr/local/games:/usr/lib/jvm/java-7-oracle/bin:/usr/lib/jvm/java-7-oracle/db/bin:/usr/lib/jvm/java-7-oracle/jre/bin
LD_LIBRARY_PATH=/home/qualigma/android-studio/bin:
SHELL=/bin/bash
DISPLAY=:0

Signal Handlers:
SIGSEGV: [libjvm.so+0x80cd90], sa_mask[0]=0x7ffbfeff, sa_flags=0x10000004
SIGBUS: [libjvm.so+0x80cd90], sa_mask[0]=0x7ffbfeff, sa_flags=0x10000004
SIGFPE: [libjvm.so+0x684dd0], sa_mask[0]=0x7ffbfeff, sa_flags=0x10000004
SIGPIPE: [libjvm.so+0x684dd0], sa_mask[0]=0x7ffbfeff, sa_flags=0x10000004
SIGXFSZ: [libjvm.so+0x684dd0], sa_mask[0]=0x7ffbfeff, sa_flags=0x10000004
SIGILL: [libjvm.so+0x684dd0], sa_mask[0]=0x7ffbfeff, sa_flags=0x10000004
SIGUSR1: SIG_DFL, sa_mask[0]=0x00000000, sa_flags=0x00000000
SIGUSR2: [libjvm.so+0x684c60], sa_mask[0]=0x00000004, sa_flags=0x10000004
SIGHUP: [libjvm.so+0x684e90], sa_mask[0]=0x7ffbfeff, sa_flags=0x10000004
SIGINT: [libjvm.so+0x684e90], sa_mask[0]=0x7ffbfeff, sa_flags=0x10000004
SIGTERM: [libjvm.so+0x684e90], sa_mask[0]=0x7ffbfeff, sa_flags=0x10000004
SIGQUIT: [libjvm.so+0x684e90], sa_mask[0]=0x7ffbfeff, sa_flags=0x10000004
SIGTRAP: SIG_DFL, sa_mask[0]=0x00000000, sa_flags=0x00000000


---------------  S Y S T E M  ---------------

OS:Ubuntu 14.04 (trusty)
uname:Linux 3.13.0-32-generic #57-Ubuntu SMP Tue Jul 15 03:51:12 UTC 2014 i686
libc:glibc 2.19 NPTL 2.19 
rlimit: STACK 8192k, CORE 0k, NPROC 15670, NOFILE 4096, AS infinity
load average:11.76 7.08 4.16

/proc/meminfo:
MemTotal:        2024996 kB
MemFree:          111580 kB
Buffers:            1152 kB
Cached:           263824 kB
SwapCached:        22188 kB
Active:          1161940 kB
Inactive:         649444 kB
Active(anon):    1155408 kB
Inactive(anon):   633664 kB
Active(file):       6532 kB
Inactive(file):    15780 kB
Unevictable:          32 kB
Mlocked:              32 kB
HighTotal:       1144092 kB
HighFree:          22960 kB
LowTotal:         880904 kB
LowFree:           88620 kB
SwapTotal:        975868 kB
SwapFree:           1080 kB
Dirty:                48 kB
Writeback:             0 kB
AnonPages:       1524520 kB
Mapped:            17156 kB
Shmem:            242436 kB
Slab:              30944 kB
SReclaimable:      13032 kB
SUnreclaim:        17912 kB
KernelStack:        3496 kB
PageTables:        11248 kB
NFS_Unstable:          0 kB
Bounce:                0 kB
WritebackTmp:          0 kB
CommitLimit:     1988364 kB
Committed_AS:    5381284 kB
VmallocTotal:     122880 kB
VmallocUsed:       12980 kB
VmallocChunk:     102776 kB
HardwareCorrupted:     0 kB
AnonHugePages:    679936 kB
HugePages_Total:       0
HugePages_Free:        0
HugePages_Rsvd:        0
HugePages_Surp:        0
Hugepagesize:       2048 kB
DirectMap4k:       20472 kB
DirectMap2M:      892928 kB


CPU:total 2 (2 cores per cpu, 1 threads per core) family 6 model 23 stepping 10, cmov, cx8, fxsr, mmx, sse, sse2, sse3, ssse3, sse4.1, tsc

/proc/cpuinfo:
processor	: 0
vendor_id	: GenuineIntel
cpu family	: 6
model		: 23
model name	: Intel(R) Core(TM)2 Duo CPU     T6570  @ 2.10GHz
stepping	: 10
microcode	: 0xa07
cpu MHz		: 2100.000
cache size	: 2048 KB
physical id	: 0
siblings	: 2
core id		: 0
cpu cores	: 2
apicid		: 0
initial apicid	: 0
fdiv_bug	: no
f00f_bug	: no
coma_bug	: no
fpu		: yes
fpu_exception	: yes
cpuid level	: 13
wp		: yes
flags		: fpu vme de pse tsc msr pae mce cx8 apic sep mtrr pge mca cmov pat pse36 clflush dts acpi mmx fxsr sse sse2 ss ht tm pbe nx lm constant_tsc arch_perfmon pebs bts aperfmperf pni dtes64 monitor ds_cpl vmx est tm2 ssse3 cx16 xtpr pdcm sse4_1 xsave lahf_lm dtherm tpr_shadow vnmi flexpriority
bogomips	: 4189.12
clflush size	: 64
cache_alignment	: 64
address sizes	: 36 bits physical, 48 bits virtual
power management:

processor	: 1
vendor_id	: GenuineIntel
cpu family	: 6
model		: 23
model name	: Intel(R) Core(TM)2 Duo CPU     T6570  @ 2.10GHz
stepping	: 10
microcode	: 0xa07
cpu MHz		: 2100.000
cache size	: 2048 KB
physical id	: 0
siblings	: 2
core id		: 1
cpu cores	: 2
apicid		: 1
initial apicid	: 1
fdiv_bug	: no
f00f_bug	: no
coma_bug	: no
fpu		: yes
fpu_exception	: yes
cpuid level	: 13
wp		: yes
flags		: fpu vme de pse tsc msr pae mce cx8 apic sep mtrr pge mca cmov pat pse36 clflush dts acpi mmx fxsr sse sse2 ss ht tm pbe nx lm constant_tsc arch_perfmon pebs bts aperfmperf pni dtes64 monitor ds_cpl vmx est tm2 ssse3 cx16 xtpr pdcm sse4_1 xsave lahf_lm dtherm tpr_shadow vnmi flexpriority
bogomips	: 4189.12
clflush size	: 64
cache_alignment	: 64
address sizes	: 36 bits physical, 48 bits virtual
power management:



Memory: 4k page, physical 2024996k(111580k free), swap 975868k(1080k free)

vm_info: OpenJDK Server VM (24.79-b02) for linux-x86 JRE (1.7.0_79-b14), built on Apr 16 2015 08:24:42 by "buildd" with gcc 4.8.2

time: Fri Jul 24 18:41:20 2015
elapsed time: 106 seconds

