#
# There is insufficient memory for the Java Runtime Environment to continue.
# Native memory allocation (malloc) failed to allocate 76021760 bytes for committing reserved memory.
# Possible reasons:
#   The system is out of physical RAM or swap space
#   In 32 bit mode, the process size limit was hit
# Possible solutions:
#   Reduce memory load on the system
#   Increase physical memory or swap space
#   Check if swap backing store is full
#   Use 64 bit Java on a 64 bit OS
#   Decrease Java heap size (-Xmx/-Xms)
#   Decrease number of Java threads
#   Decrease Java thread stack sizes (-Xss)
#   Set larger code cache with -XX:ReservedCodeCacheSize=
# This output file may be truncated or incomplete.
#
#  Out of Memory Error (os_linux.cpp:2809), pid=7368, tid=1745677120
#
# JRE version: OpenJDK Runtime Environment (7.0_79-b14) (build 1.7.0_79-b14)
# Java VM: OpenJDK Server VM (24.79-b02 mixed mode linux-x86 )
# Derivative: IcedTea 2.5.5
# Distribution: Ubuntu 14.04 LTS, package 7u79-2.5.5-0ubuntu0.14.04.2
# Failed to write core dump. Core dumps have been disabled. To enable core dumping, try "ulimit -c unlimited" before starting Java again
#

---------------  T H R E A D  ---------------

Current thread (0x67f10400):  VMThread [stack: 0x6804e000,0x680cf000] [id=7378]

Stack: [0x6804e000,0x680cf000]
VM_Operation (0xb659cbb8): ParallelGCFailedAllocation, mode: safepoint, requested by thread 0xb6407c00


---------------  P R O C E S S  ---------------

Java Threads: ( => current thread )
  0x67f2c800 JavaThread "Service Thread" daemon [_thread_blocked, id=7384, stack(0x67b0b000,0x67b5c000)]
  0x67f2ac00 JavaThread "C2 CompilerThread1" daemon [_thread_blocked, id=7383, stack(0x67b5c000,0x67bdd000)]
  0x67f28800 JavaThread "C2 CompilerThread0" daemon [_thread_blocked, id=7382, stack(0x67bdd000,0x67c5e000)]
  0x67f27000 JavaThread "Signal Dispatcher" daemon [_thread_blocked, id=7381, stack(0x67c5e000,0x67caf000)]
  0x67f14400 JavaThread "Finalizer" daemon [_thread_blocked, id=7380, stack(0x67eaf000,0x67f00000)]
  0x67f12c00 JavaThread "Reference Handler" daemon [_thread_blocked, id=7379, stack(0x6ac0b000,0x6ac5c000)]
  0xb6407c00 JavaThread "main" [_thread_blocked, id=7374, stack(0xb654d000,0xb659e000)]

Other Threads:
=>0x67f10400 VMThread [stack: 0x6804e000,0x680cf000] [id=7378]
  0x67f2e400 WatcherThread [stack: 0x67a8a000,0x67b0b000] [id=7385]

VM state:at safepoint (normal execution)

VM Mutex/Monitor currently owned by a thread:  ([mutex/lock_event])
[0xb64055b0] Threads_lock - owner thread: 0x67f10400
[0xb64059c0] Heap_lock - owner thread: 0xb6407c00

Heap
 PSYoungGen      total 72448K, used 7920K [0x9dd80000, 0xa2d00000, 0xb3300000)
  eden space 64512K, 0% used [0x9dd80000,0x9dd80000,0xa1c80000)
  from space 7936K, 99% used [0xa1c80000,0xa243c1c0,0xa2440000)
  to   space 6912K, 0% used [0xa2440000,0xa2440000,0xa2b00000)
 ParOldGen       total 20992K, used 20978K [0x73300000, 0x74780000, 0x9dd80000)
  object space 20992K, 99% used [0x73300000,0x7477c818,0x74780000)
 PSPermGen       total 16384K, used 5154K [0x6b300000, 0x6c300000, 0x73300000)
  object space 16384K, 31% used [0x6b300000,0x6b808a10,0x6c300000)

Card table byte_map: [0x6b0bf000,0x6b300000] byte_map_base: 0x6ad65800

Polling page: 0xb774c000

Code Cache  [0xb33c5000, 0xb3625000, 0xb63c5000)
 total_blobs=1028 nmethods=896 adapters=86 free_code_cache=46762Kb largest_free_block=47854272

Compilation events (10 events):
Event: 16.509 Thread 0x67f28800  903             com.android.dx.io.instructions.InstructionCodec$9::decode (37 bytes)
Event: 16.512 Thread 0x67f28800 nmethod 903 0xb3618b48 code [0xb3618c60, 0xb3618df0]
Event: 16.512 Thread 0x67f28800  904             com.android.dx.io.instructions.InstructionCodec$9::encode (22 bytes)
Event: 16.515 Thread 0x67f28800 nmethod 904 0xb3619e88 code [0xb3619fa0, 0xb361a150]
Event: 16.515 Thread 0x67f28800  905             com.android.dx.io.instructions.DecodedInstruction::getBUnit (46 bytes)
Event: 16.516 Thread 0x67f28800 nmethod 905 0xb3619c88 code [0xb3619d80, 0xb3619e10]
Event: 16.516 Thread 0x67f28800  906             com.android.dex.ClassDef::getClassDataOffset (5 bytes)
Event: 16.516 Thread 0x67f28800 nmethod 906 0xb3619b08 code [0xb3619be0, 0xb3619c30]
Event: 16.521 Thread 0x67f2ac00 nmethod 899 0xb3608d88 code [0xb3608ec0, 0xb36093f0]
Event: 16.526 Thread 0x67f28800  907             com.android.dx.io.instructions.InstructionCodec$3::decode (35 bytes)

GC Heap History (10 events):
Event: 7.332 GC heap after
Heap after GC invocations=2 (full 0):
 PSYoungGen      total 17664K, used 1264K [0x9dd80000, 0x9f000000, 0xb3300000)
  eden space 16384K, 0% used [0x9dd80000,0x9dd80000,0x9ed80000)
  from space 1280K, 98% used [0x9eec0000,0x9effc060,0x9f000000)
  to   space 1280K, 0% used [0x9ed80000,0x9ed80000,0x9eec0000)
 ParOldGen       total 20992K, used 2057K [0x73300000, 0x74780000, 0x9dd80000)
  object space 20992K, 9% used [0x73300000,0x735025a8,0x74780000)
 PSPermGen       total 16384K, used 3544K [0x6b300000, 0x6c300000, 0x73300000)
  object space 16384K, 21% used [0x6b300000,0x6b6760b8,0x6c300000)
}
Event: 8.471 GC heap before
{Heap before GC invocations=3 (full 0):
 PSYoungGen      total 17664K, used 17648K [0x9dd80000, 0x9f000000, 0xb3300000)
  eden space 16384K, 100% used [0x9dd80000,0x9ed80000,0x9ed80000)
  from space 1280K, 98% used [0x9eec0000,0x9effc060,0x9f000000)
  to   space 1280K, 0% used [0x9ed80000,0x9ed80000,0x9eec0000)
 ParOldGen       total 20992K, used 2057K [0x73300000, 0x74780000, 0x9dd80000)
  object space 20992K, 9% used [0x73300000,0x735025a8,0x74780000)
 PSPermGen       total 16384K, used 3620K [0x6b300000, 0x6c300000, 0x73300000)
  object space 16384K, 22% used [0x6b300000,0x6b6892d8,0x6c300000)
Event: 8.513 GC heap after
Heap after GC invocations=3 (full 0):
 PSYoungGen      total 17664K, used 1271K [0x9dd80000, 0xa0000000, 0xb3300000)
  eden space 16384K, 0% used [0x9dd80000,0x9dd80000,0x9ed80000)
  from space 1280K, 99% used [0x9ed80000,0x9eebdd50,0x9eec0000)
  to   space 1280K, 0% used [0x9fec0000,0x9fec0000,0xa0000000)
 ParOldGen       total 20992K, used 5137K [0x73300000, 0x74780000, 0x9dd80000)
  object space 20992K, 24% used [0x73300000,0x73804730,0x74780000)
 PSPermGen       total 16384K, used 3620K [0x6b300000, 0x6c300000, 0x73300000)
  object space 16384K, 22% used [0x6b300000,0x6b6892d8,0x6c300000)
}
Event: 9.427 GC heap before
{Heap before GC invocations=4 (full 0):
 PSYoungGen      total 17664K, used 17655K [0x9dd80000, 0xa0000000, 0xb3300000)
  eden space 16384K, 100% used [0x9dd80000,0x9ed80000,0x9ed80000)
  from space 1280K, 99% used [0x9ed80000,0x9eebdd50,0x9eec0000)
  to   space 1280K, 0% used [0x9fec0000,0x9fec0000,0xa0000000)
 ParOldGen       total 20992K, used 5137K [0x73300000, 0x74780000, 0x9dd80000)
  object space 20992K, 24% used [0x73300000,0x73804730,0x74780000)
 PSPermGen       total 16384K, used 3638K [0x6b300000, 0x6c300000, 0x73300000)
  object space 16384K, 22% used [0x6b300000,0x6b68dae0,0x6c300000)
Event: 9.460 GC heap after
Heap after GC invocations=4 (full 0):
 PSYoungGen      total 34048K, used 1277K [0x9dd80000, 0xa0000000, 0xb3300000)
  eden space 32768K, 0% used [0x9dd80000,0x9dd80000,0x9fd80000)
  from space 1280K, 99% used [0x9fec0000,0x9ffff528,0xa0000000)
  to   space 1280K, 0% used [0x9fd80000,0x9fd80000,0x9fec0000)
 ParOldGen       total 20992K, used 8452K [0x73300000, 0x74780000, 0x9dd80000)
  object space 20992K, 40% used [0x73300000,0x73b41208,0x74780000)
 PSPermGen       total 16384K, used 3638K [0x6b300000, 0x6c300000, 0x73300000)
  object space 16384K, 22% used [0x6b300000,0x6b68dae0,0x6c300000)
}
Event: 11.200 GC heap before
{Heap before GC invocations=5 (full 0):
 PSYoungGen      total 34048K, used 34045K [0x9dd80000, 0xa0000000, 0xb3300000)
  eden space 32768K, 100% used [0x9dd80000,0x9fd80000,0x9fd80000)
  from space 1280K, 99% used [0x9fec0000,0x9ffff528,0xa0000000)
  to   space 1280K, 0% used [0x9fd80000,0x9fd80000,0x9fec0000)
 ParOldGen       total 20992K, used 8452K [0x73300000, 0x74780000, 0x9dd80000)
  object space 20992K, 40% used [0x73300000,0x73b41208,0x74780000)
 PSPermGen       total 16384K, used 3670K [0x6b300000, 0x6c300000, 0x73300000)
  object space 16384K, 22% used [0x6b300000,0x6b6959b0,0x6c300000)
Event: 11.234 GC heap after
Heap after GC invocations=5 (full 0):
 PSYoungGen      total 34048K, used 1274K [0x9dd80000, 0xa2b00000, 0xb3300000)
  eden space 32768K, 0% used [0x9dd80000,0x9dd80000,0x9fd80000)
  from space 1280K, 99% used [0x9fd80000,0x9febe860,0x9fec0000)
  to   space 6912K, 0% used [0xa2440000,0xa2440000,0xa2b00000)
 ParOldGen       total 20992K, used 13269K [0x73300000, 0x74780000, 0x9dd80000)
  object space 20992K, 63% used [0x73300000,0x73ff55d8,0x74780000)
 PSPermGen       total 16384K, used 3670K [0x6b300000, 0x6c300000, 0x73300000)
  object space 16384K, 22% used [0x6b300000,0x6b6959b0,0x6c300000)
}
Event: 14.620 GC heap before
{Heap before GC invocations=6 (full 0):
 PSYoungGen      total 34048K, used 34042K [0x9dd80000, 0xa2b00000, 0xb3300000)
  eden space 32768K, 100% used [0x9dd80000,0x9fd80000,0x9fd80000)
  from space 1280K, 99% used [0x9fd80000,0x9febe860,0x9fec0000)
  to   space 6912K, 0% used [0xa2440000,0xa2440000,0xa2b00000)
 ParOldGen       total 20992K, used 13269K [0x73300000, 0x74780000, 0x9dd80000)
  object space 20992K, 63% used [0x73300000,0x73ff55d8,0x74780000)
 PSPermGen       total 16384K, used 4678K [0x6b300000, 0x6c300000, 0x73300000)
  object space 16384K, 28% used [0x6b300000,0x6b791970,0x6c300000)
Event: 14.665 GC heap after
Heap after GC invocations=6 (full 0):
 PSYoungGen      total 71424K, used 6652K [0x9dd80000, 0xa2d00000, 0xb3300000)
  eden space 64512K, 0% used [0x9dd80000,0x9dd80000,0xa1c80000)
  from space 6912K, 96% used [0xa2440000,0xa2abf1d0,0xa2b00000)
  to   space 7936K, 0% used [0xa1c80000,0xa1c80000,0xa2440000)
 ParOldGen       total 20992K, used 13269K [0x73300000, 0x74780000, 0x9dd80000)
  object space 20992K, 63% used [0x73300000,0x73ff55d8,0x74780000)
 PSPermGen       total 16384K, used 4678K [0x6b300000, 0x6c300000, 0x73300000)
  object space 16384K, 28% used [0x6b300000,0x6b791970,0x6c300000)
}
Event: 16.527 GC heap before
{Heap before GC invocations=7 (full 0):
 PSYoungGen      total 71424K, used 71164K [0x9dd80000, 0xa2d00000, 0xb3300000)
  eden space 64512K, 100% used [0x9dd80000,0xa1c80000,0xa1c80000)
  from space 6912K, 96% used [0xa2440000,0xa2abf1d0,0xa2b00000)
  to   space 7936K, 0% used [0xa1c80000,0xa1c80000,0xa2440000)
 ParOldGen       total 20992K, used 13269K [0x73300000, 0x74780000, 0x9dd80000)
  object space 20992K, 63% used [0x73300000,0x73ff55d8,0x74780000)
 PSPermGen       total 16384K, used 5154K [0x6b300000, 0x6c300000, 0x73300000)
  object space 16384K, 31% used [0x6b300000,0x6b808a10,0x6c300000)

Deoptimization events (10 events):
Event: 14.965 Thread 0xb6407c00 Uncommon trap: reason=class_check action=maybe_recompile pc=0xb3466044 method=java.util.ArrayList.<init>(Ljava/util/Collection;)V @ 6
Event: 15.017 Thread 0xb6407c00 Uncommon trap: reason=class_check action=maybe_recompile pc=0xb357809c method=java.io.DataInputStream.readUnsignedShort()I @ 4
Event: 15.017 Thread 0xb6407c00 Uncommon trap: reason=class_check action=maybe_recompile pc=0xb357809c method=java.io.DataInputStream.readUnsignedShort()I @ 4
Event: 15.017 Thread 0xb6407c00 Uncommon trap: reason=class_check action=maybe_recompile pc=0xb357809c method=java.io.DataInputStream.readUnsignedShort()I @ 4
Event: 15.017 Thread 0xb6407c00 Uncommon trap: reason=class_check action=maybe_recompile pc=0xb357809c method=java.io.DataInputStream.readUnsignedShort()I @ 4
Event: 15.018 Thread 0xb6407c00 Uncommon trap: reason=class_check action=maybe_recompile pc=0xb3474210 method=java.util.HashMap.<init>(IF)V @ 115
Event: 15.018 Thread 0xb6407c00 Uncommon trap: reason=class_check action=maybe_recompile pc=0xb3466044 method=java.util.ArrayList.<init>(Ljava/util/Collection;)V @ 6
Event: 15.176 Thread 0xb6407c00 Uncommon trap: reason=predicate action=maybe_recompile pc=0xb35b1af8 method=com.android.dex.Leb128.readUnsignedLeb128(Lcom/android/dex/util/ByteInput;)I @ 41
Event: 15.379 Thread 0xb6407c00 Uncommon trap: reason=unreached action=reinterpret pc=0xb35bac64 method=com.android.dx.merge.DexMerger$IdMerger.mergeSorted()V @ 261
Event: 15.728 Thread 0xb6407c00 Uncommon trap: reason=unreached action=reinterpret pc=0xb35bd4ac method=com.android.dx.merge.DexMerger$IdMerger.mergeSorted()V @ 261

Internal exceptions (10 events):
Event: 14.673 Thread 0xb6407c00 Threw 0x9ddae350 at /build/buildd/openjdk-7-7u79-2.5.5/build/openjdk/hotspot/src/share/vm/prims/jvm.cpp:1284
Event: 14.676 Thread 0xb6407c00 Threw 0x9ddf51c8 at /build/buildd/openjdk-7-7u79-2.5.5/build/openjdk/hotspot/src/share/vm/prims/jvm.cpp:1284
Event: 14.677 Thread 0xb6407c00 Threw 0x9ddf7bb8 at /build/buildd/openjdk-7-7u79-2.5.5/build/openjdk/hotspot/src/share/vm/prims/jvm.cpp:1284
Event: 14.958 Thread 0xb6407c00 Threw 0x9dfb0a68 at /build/buildd/openjdk-7-7u79-2.5.5/build/openjdk/hotspot/src/share/vm/prims/jvm.cpp:1284
Event: 14.958 Thread 0xb6407c00 Threw 0x9dfb0b80 at /build/buildd/openjdk-7-7u79-2.5.5/build/openjdk/hotspot/src/share/vm/prims/jvm.cpp:1284
Event: 14.958 Thread 0xb6407c00 Threw 0x9dfb2fd0 at /build/buildd/openjdk-7-7u79-2.5.5/build/openjdk/hotspot/src/share/vm/prims/jvm.cpp:1284
Event: 14.958 Thread 0xb6407c00 Threw 0x9dfb30e8 at /build/buildd/openjdk-7-7u79-2.5.5/build/openjdk/hotspot/src/share/vm/prims/jvm.cpp:1284
Event: 14.958 Thread 0xb6407c00 Threw 0x9dfb3a58 at /build/buildd/openjdk-7-7u79-2.5.5/build/openjdk/hotspot/src/share/vm/prims/jvm.cpp:1284
Event: 14.958 Thread 0xb6407c00 Threw 0x9dfb3b70 at /build/buildd/openjdk-7-7u79-2.5.5/build/openjdk/hotspot/src/share/vm/prims/jvm.cpp:1284
Event: 15.611 Thread 0xb6407c00 Threw 0x9ecdfc58 at /build/buildd/openjdk-7-7u79-2.5.5/build/openjdk/hotspot/src/share/vm/prims/jvm.cpp:1284

Events (10 events):
Event: 15.611 loading class 0x67944830
Event: 15.611 loading class 0x67944830 done
Event: 15.728 Thread 0xb6407c00 Uncommon trap: trap_request=0xffffffad fr.pc=0xb35bd4ac
Event: 15.728 Thread 0xb6407c00 DEOPT PACKING pc=0xb35bd4ac sp=0xb659ce40
Event: 15.728 Thread 0xb6407c00 DEOPT UNPACKING pc=0xb33f1bc8 sp=0xb659ce2c mode 2
Event: 15.997 Thread 0x67f2ac00 flushing nmethod 0xb344ac48
Event: 16.007 Thread 0x67f2ac00 flushing nmethod 0xb3463208
Event: 16.296 loading class 0x6acd8b68
Event: 16.296 loading class 0x6acd8b68 done
Event: 16.527 Executing VM operation: ParallelGCFailedAllocation


Dynamic libraries:
08048000-08049000 r-xp 00000000 08:05 2097921    /usr/lib/jvm/java-7-openjdk-i386/jre/bin/java
08049000-0804a000 r--p 00000000 08:05 2097921    /usr/lib/jvm/java-7-openjdk-i386/jre/bin/java
0804a000-0804b000 rw-p 00001000 08:05 2097921    /usr/lib/jvm/java-7-openjdk-i386/jre/bin/java
09268000-09751000 rw-p 00000000 00:00 0          [heap]
66e73000-66f7d000 r-xp 00000000 08:05 1573908    /lib/i386-linux-gnu/libglib-2.0.so.0.4000.0
66f7d000-66f7e000 r--p 00109000 08:05 1573908    /lib/i386-linux-gnu/libglib-2.0.so.0.4000.0
66f7e000-66f7f000 rw-p 0010a000 08:05 1573908    /lib/i386-linux-gnu/libglib-2.0.so.0.4000.0
66f7f000-670fc000 r-xp 00000000 08:05 1971774    /usr/lib/i386-linux-gnu/libgio-2.0.so.0.4000.0
670fc000-670fe000 r--p 0017c000 08:05 1971774    /usr/lib/i386-linux-gnu/libgio-2.0.so.0.4000.0
670fe000-670ff000 rw-p 0017e000 08:05 1971774    /usr/lib/i386-linux-gnu/libgio-2.0.so.0.4000.0
670ff000-67100000 rw-p 00000000 00:00 0 
67100000-671f9000 rw-p 00000000 00:00 0 
671f9000-67200000 ---p 00000000 00:00 0 
67200000-672c4000 rw-p 00000000 00:00 0 
672c4000-67300000 ---p 00000000 00:00 0 
67300000-673fa000 rw-p 00000000 00:00 0 
673fa000-67400000 ---p 00000000 00:00 0 
67500000-675fd000 rw-p 00000000 00:00 0 
675fd000-67600000 ---p 00000000 00:00 0 
67600000-676fc000 rw-p 00000000 00:00 0 
676fc000-67700000 ---p 00000000 00:00 0 
67700000-677fc000 rw-p 00000000 00:00 0 
677fc000-67800000 ---p 00000000 00:00 0 
6789f000-678db000 r-xp 00000000 08:05 1573980    /lib/i386-linux-gnu/libpcre.so.3.13.1
678db000-678dc000 r--p 0003b000 08:05 1573980    /lib/i386-linux-gnu/libpcre.so.3.13.1
678dc000-678dd000 rw-p 0003c000 08:05 1573980    /lib/i386-linux-gnu/libpcre.so.3.13.1
678dd000-678fd000 r-xp 00000000 08:05 1574007    /lib/i386-linux-gnu/libselinux.so.1
678fd000-678fe000 r--p 0001f000 08:05 1574007    /lib/i386-linux-gnu/libselinux.so.1
678fe000-678ff000 rw-p 00020000 08:05 1574007    /lib/i386-linux-gnu/libselinux.so.1
678ff000-67900000 rw-p 00000000 00:00 0 
67900000-67968000 rw-p 00000000 00:00 0 
67968000-67a00000 ---p 00000000 00:00 0 
67a0a000-67a1d000 r-xp 00000000 08:05 1574003    /lib/i386-linux-gnu/libresolv-2.19.so
67a1d000-67a1e000 ---p 00013000 08:05 1574003    /lib/i386-linux-gnu/libresolv-2.19.so
67a1e000-67a1f000 r--p 00013000 08:05 1574003    /lib/i386-linux-gnu/libresolv-2.19.so
67a1f000-67a20000 rw-p 00014000 08:05 1574003    /lib/i386-linux-gnu/libresolv-2.19.so
67a20000-67a22000 rw-p 00000000 00:00 0 
67a22000-67a72000 r-xp 00000000 08:05 1971804    /usr/lib/i386-linux-gnu/libgobject-2.0.so.0.4000.0
67a72000-67a73000 r--p 0004f000 08:05 1971804    /usr/lib/i386-linux-gnu/libgobject-2.0.so.0.4000.0
67a73000-67a74000 rw-p 00050000 08:05 1971804    /usr/lib/i386-linux-gnu/libgobject-2.0.so.0.4000.0
67a8a000-67a8b000 ---p 00000000 00:00 0 
67a8b000-67b0b000 rw-p 00000000 00:00 0          [stack:7385]
67b0b000-67b0e000 ---p 00000000 00:00 0 
67b0e000-67b5c000 rw-p 00000000 00:00 0          [stack:7384]
67b5c000-67b5f000 ---p 00000000 00:00 0 
67b5f000-67bdd000 rw-p 00000000 00:00 0          [stack:7383]
67bdd000-67be0000 ---p 00000000 00:00 0 
67be0000-67c5e000 rw-p 00000000 00:00 0          [stack:7382]
67c5e000-67c61000 ---p 00000000 00:00 0 
67c61000-67caf000 rw-p 00000000 00:00 0          [stack:7381]
67caf000-67eaf000 r--p 00000000 08:05 1974904    /usr/lib/locale/locale-archive
67eaf000-67eb2000 ---p 00000000 00:00 0 
67eb2000-67f00000 rw-p 00000000 00:00 0          [stack:7380]
67f00000-67ffe000 rw-p 00000000 00:00 0 
67ffe000-68000000 ---p 00000000 00:00 0 
6800e000-68013000 r--s 0004d000 08:05 2097950    /usr/lib/jvm/java-7-openjdk-i386/jre/lib/jsse.jar
68013000-6802a000 r-xp 00000000 08:05 2097993    /usr/lib/jvm/java-7-openjdk-i386/jre/lib/i386/libnet.so
6802a000-6802b000 r--p 00017000 08:05 2097993    /usr/lib/jvm/java-7-openjdk-i386/jre/lib/i386/libnet.so
6802b000-6802c000 rw-p 00018000 08:05 2097993    /usr/lib/jvm/java-7-openjdk-i386/jre/lib/i386/libnet.so
6802c000-6803d000 r-xp 00000000 08:05 2097961    /usr/lib/jvm/java-7-openjdk-i386/jre/lib/i386/libnio.so
6803d000-6803e000 r--p 00010000 08:05 2097961    /usr/lib/jvm/java-7-openjdk-i386/jre/lib/i386/libnio.so
6803e000-6803f000 rw-p 00011000 08:05 2097961    /usr/lib/jvm/java-7-openjdk-i386/jre/lib/i386/libnio.so
6803f000-6804e000 r--s 000dd000 08:05 399179     /home/qualigma/Android/Sdk/build-tools/22.0.1/lib/dx.jar
6804e000-6804f000 ---p 00000000 00:00 0 
6804f000-680cf000 rw-p 00000000 00:00 0          [stack:7378]
680cf000-68280000 r--s 01d27000 08:05 2098041    /usr/lib/jvm/java-7-openjdk-i386/jre/lib/rt.jar
68280000-6ab00000 rw-p 00000000 00:00 0 
6ab00000-6abf9000 rw-p 00000000 00:00 0 
6abf9000-6ac00000 ---p 00000000 00:00 0 
6ac04000-6ac09000 r-xp 00000000 08:05 1971671    /usr/lib/i386-linux-gnu/libffi.so.6.0.1
6ac09000-6ac0a000 r--p 00005000 08:05 1971671    /usr/lib/i386-linux-gnu/libffi.so.6.0.1
6ac0a000-6ac0b000 rw-p 00006000 08:05 1971671    /usr/lib/i386-linux-gnu/libffi.so.6.0.1
6ac0b000-6ac0e000 ---p 00000000 00:00 0 
6ac0e000-6ad00000 rw-p 00000000 00:00 0          [stack:7379]
6ad00000-6ad21000 rw-p 00000000 00:00 0 
6ad21000-6ae00000 ---p 00000000 00:00 0 
6ae04000-6ae07000 r-xp 00000000 08:05 1971788    /usr/lib/i386-linux-gnu/libgmodule-2.0.so.0.4000.0
6ae07000-6ae08000 r--p 00002000 08:05 1971788    /usr/lib/i386-linux-gnu/libgmodule-2.0.so.0.4000.0
6ae08000-6ae09000 rw-p 00003000 08:05 1971788    /usr/lib/i386-linux-gnu/libgmodule-2.0.so.0.4000.0
6ae09000-6ae0c000 r--s 0000f000 08:05 2098057    /usr/lib/jvm/java-7-openjdk-i386/jre/lib/ext/icedtea-sound.jar
6ae0c000-6ae27000 rw-p 00000000 00:00 0 
6ae27000-6ae28000 ---p 00000000 00:00 0 
6ae28000-6aea8000 rw-p 00000000 00:00 0          [stack:7376]
6aea8000-6aea9000 ---p 00000000 00:00 0 
6aea9000-6af31000 rw-p 00000000 00:00 0          [stack:7375]
6af31000-6af69000 rw-p 00000000 00:00 0 
6af69000-6af74000 rw-p 00000000 00:00 0 
6af74000-6b0bf000 rw-p 00000000 00:00 0 
6b0bf000-6b0c7000 rw-p 00000000 00:00 0 
6b0c7000-6b0ff000 rw-p 00000000 00:00 0 
6b0ff000-6b10a000 rw-p 00000000 00:00 0 
6b10a000-6b254000 rw-p 00000000 00:00 0 
6b254000-6b27c000 rw-p 00000000 00:00 0 
6b27c000-6b2ff000 rw-p 00000000 00:00 0 
6b2ff000-6c300000 rw-p 00000000 00:00 0 
6c300000-73300000 rw-p 00000000 00:00 0 
73300000-74780000 rw-p 00000000 00:00 0 
74780000-9dd80000 rw-p 00000000 00:00 0 
9dd80000-a2d00000 rw-p 00000000 00:00 0 
a7580000-b3300000 rw-p 00000000 00:00 0 
b3300000-b3303000 r--s 00086000 08:05 2098059    /usr/lib/jvm/java-7-openjdk-i386/jre/lib/ext/localedata.jar
b3303000-b3305000 r--s 00006000 08:05 2373242    /usr/share/java/java-atk-wrapper.jar
b3305000-b330f000 rw-p 00000000 00:00 0 
b330f000-b33c5000 rw-p 00000000 00:00 0 
b33c5000-b3625000 rwxp 00000000 00:00 0 
b3625000-b63c5000 rw-p 00000000 00:00 0 
b63c5000-b63d0000 r-xp 00000000 08:05 1573952    /lib/i386-linux-gnu/libnss_files-2.19.so
b63d0000-b63d1000 r--p 0000a000 08:05 1573952    /lib/i386-linux-gnu/libnss_files-2.19.so
b63d1000-b63d2000 rw-p 0000b000 08:05 1573952    /lib/i386-linux-gnu/libnss_files-2.19.so
b63d2000-b63dc000 r-xp 00000000 08:05 1573962    /lib/i386-linux-gnu/libnss_nis-2.19.so
b63dc000-b63dd000 r--p 00009000 08:05 1573962    /lib/i386-linux-gnu/libnss_nis-2.19.so
b63dd000-b63de000 rw-p 0000a000 08:05 1573962    /lib/i386-linux-gnu/libnss_nis-2.19.so
b63de000-b63f3000 r-xp 00000000 08:05 1573946    /lib/i386-linux-gnu/libnsl-2.19.so
b63f3000-b63f4000 r--p 00015000 08:05 1573946    /lib/i386-linux-gnu/libnsl-2.19.so
b63f4000-b63f5000 rw-p 00016000 08:05 1573946    /lib/i386-linux-gnu/libnsl-2.19.so
b63f5000-b63f7000 rw-p 00000000 00:00 0 
b63f7000-b63fe000 r-xp 00000000 08:05 1573948    /lib/i386-linux-gnu/libnss_compat-2.19.so
b63fe000-b63ff000 r--p 00006000 08:05 1573948    /lib/i386-linux-gnu/libnss_compat-2.19.so
b63ff000-b6400000 rw-p 00007000 08:05 1573948    /lib/i386-linux-gnu/libnss_compat-2.19.so
b6400000-b64fd000 rw-p 00000000 00:00 0 
b64fd000-b6500000 ---p 00000000 00:00 0 
b6501000-b6505000 r--s 00034000 08:05 2098060    /usr/lib/jvm/java-7-openjdk-i386/jre/lib/ext/sunjce_provider.jar
b6505000-b6509000 r--s 0003c000 08:05 2098058    /usr/lib/jvm/java-7-openjdk-i386/jre/lib/ext/sunpkcs11.jar
b6509000-b6511000 r-xp 00000000 08:05 2097962    /usr/lib/jvm/java-7-openjdk-i386/jre/lib/i386/libzip.so
b6511000-b6512000 r--p 00007000 08:05 2097962    /usr/lib/jvm/java-7-openjdk-i386/jre/lib/i386/libzip.so
b6512000-b6513000 rw-p 00008000 08:05 2097962    /usr/lib/jvm/java-7-openjdk-i386/jre/lib/i386/libzip.so
b6513000-b651b000 rw-s 00000000 08:05 1841227    /tmp/hsperfdata_qualigma/7368
b651b000-b6542000 r-xp 00000000 08:05 2097957    /usr/lib/jvm/java-7-openjdk-i386/jre/lib/i386/libjava.so
b6542000-b6543000 r--p 00026000 08:05 2097957    /usr/lib/jvm/java-7-openjdk-i386/jre/lib/i386/libjava.so
b6543000-b6544000 rw-p 00027000 08:05 2097957    /usr/lib/jvm/java-7-openjdk-i386/jre/lib/i386/libjava.so
b6544000-b654b000 r-xp 00000000 08:05 1574005    /lib/i386-linux-gnu/librt-2.19.so
b654b000-b654c000 r--p 00006000 08:05 1574005    /lib/i386-linux-gnu/librt-2.19.so
b654c000-b654d000 rw-p 00007000 08:05 1574005    /lib/i386-linux-gnu/librt-2.19.so
b654d000-b6550000 ---p 00000000 00:00 0 
b6550000-b659e000 rw-p 00000000 00:00 0          [stack:7374]
b659e000-b65ba000 r-xp 00000000 08:05 1573904    /lib/i386-linux-gnu/libgcc_s.so.1
b65ba000-b65bb000 rw-p 0001b000 08:05 1573904    /lib/i386-linux-gnu/libgcc_s.so.1
b65bb000-b65ff000 r-xp 00000000 08:05 1573927    /lib/i386-linux-gnu/libm-2.19.so
b65ff000-b6600000 r--p 00043000 08:05 1573927    /lib/i386-linux-gnu/libm-2.19.so
b6600000-b6601000 rw-p 00044000 08:05 1573927    /lib/i386-linux-gnu/libm-2.19.so
b6601000-b66dd000 r-xp 00000000 08:05 1972297    /usr/lib/i386-linux-gnu/libstdc++.so.6.0.19
b66dd000-b66de000 ---p 000dc000 08:05 1972297    /usr/lib/i386-linux-gnu/libstdc++.so.6.0.19
b66de000-b66e2000 r--p 000dc000 08:05 1972297    /usr/lib/i386-linux-gnu/libstdc++.so.6.0.19
b66e2000-b66e3000 rw-p 000e0000 08:05 1972297    /usr/lib/i386-linux-gnu/libstdc++.so.6.0.19
b66e3000-b66ea000 rw-p 00000000 00:00 0 
b66ea000-b70d8000 r-xp 00000000 08:05 2097976    /usr/lib/jvm/java-7-openjdk-i386/jre/lib/i386/server/libjvm.so
b70d8000-b70d9000 ---p 009ee000 08:05 2097976    /usr/lib/jvm/java-7-openjdk-i386/jre/lib/i386/server/libjvm.so
b70d9000-b712b000 r--p 009ee000 08:05 2097976    /usr/lib/jvm/java-7-openjdk-i386/jre/lib/i386/server/libjvm.so
b712b000-b713f000 rw-p 00a40000 08:05 2097976    /usr/lib/jvm/java-7-openjdk-i386/jre/lib/i386/server/libjvm.so
b713f000-b755d000 rw-p 00000000 00:00 0 
b755d000-b7575000 r-xp 00000000 08:05 1574040    /lib/i386-linux-gnu/libz.so.1.2.8
b7575000-b7576000 r--p 00017000 08:05 1574040    /lib/i386-linux-gnu/libz.so.1.2.8
b7576000-b7577000 rw-p 00018000 08:05 1574040    /lib/i386-linux-gnu/libz.so.1.2.8
b7577000-b758f000 r-xp 00000000 08:05 1573997    /lib/i386-linux-gnu/libpthread-2.19.so
b758f000-b7590000 r--p 00017000 08:05 1573997    /lib/i386-linux-gnu/libpthread-2.19.so
b7590000-b7591000 rw-p 00018000 08:05 1573997    /lib/i386-linux-gnu/libpthread-2.19.so
b7591000-b7593000 rw-p 00000000 00:00 0 
b7593000-b7596000 r-xp 00000000 08:05 1573894    /lib/i386-linux-gnu/libdl-2.19.so
b7596000-b7597000 r--p 00002000 08:05 1573894    /lib/i386-linux-gnu/libdl-2.19.so
b7597000-b7598000 rw-p 00003000 08:05 1573894    /lib/i386-linux-gnu/libdl-2.19.so
b7598000-b7741000 r-xp 00000000 08:05 1573877    /lib/i386-linux-gnu/libc-2.19.so
b7741000-b7743000 r--p 001a9000 08:05 1573877    /lib/i386-linux-gnu/libc-2.19.so
b7743000-b7744000 rw-p 001ab000 08:05 1573877    /lib/i386-linux-gnu/libc-2.19.so
b7744000-b7747000 rw-p 00000000 00:00 0 
b7747000-b7748000 r--s 00002000 08:05 2098063    /usr/lib/jvm/java-7-openjdk-i386/jre/lib/ext/dnsns.jar
b7748000-b774a000 r--s 00012000 08:05 2098064    /usr/lib/jvm/java-7-openjdk-i386/jre/lib/ext/zipfs.jar
b774a000-b774b000 r--p 00850000 08:05 1974904    /usr/lib/locale/locale-archive
b774b000-b774c000 rw-p 00000000 00:00 0 
b774c000-b774d000 ---p 00000000 00:00 0 
b774d000-b775b000 r-xp 00000000 08:05 2097983    /usr/lib/jvm/java-7-openjdk-i386/jre/lib/i386/libverify.so
b775b000-b775c000 r--p 0000d000 08:05 2097983    /usr/lib/jvm/java-7-openjdk-i386/jre/lib/i386/libverify.so
b775c000-b775d000 rw-p 0000e000 08:05 2097983    /usr/lib/jvm/java-7-openjdk-i386/jre/lib/i386/libverify.so
b775d000-b7769000 r-xp 00000000 08:05 2097966    /usr/lib/jvm/java-7-openjdk-i386/jre/lib/i386/jli/libjli.so
b7769000-b776a000 r--p 0000c000 08:05 2097966    /usr/lib/jvm/java-7-openjdk-i386/jre/lib/i386/jli/libjli.so
b776a000-b776b000 rw-p 0000d000 08:05 2097966    /usr/lib/jvm/java-7-openjdk-i386/jre/lib/i386/jli/libjli.so
b776b000-b776e000 rw-p 00000000 00:00 0 
b776e000-b776f000 r-xp 00000000 00:00 0          [vdso]
b776f000-b778f000 r-xp 00000000 08:05 1573853    /lib/i386-linux-gnu/ld-2.19.so
b778f000-b7790000 r--p 0001f000 08:05 1573853    /lib/i386-linux-gnu/ld-2.19.so
b7790000-b7791000 rw-p 00020000 08:05 1573853    /lib/i386-linux-gnu/ld-2.19.so
bfabc000-bfabd000 rwxp 00000000 00:00 0 
bfaee000-bfb10000 rw-p 00000000 00:00 0          [stack]

VM Arguments:
jvm_args: -Xmx1024M -Dfile.encoding=UTF-8 -Duser.country=IN -Duser.language=en -Duser.variant 
java_command: com.android.dx.command.Main --dex --output /home/qualigma/Desktop/chromadoze-master/app/build/intermediates/dex/debug /home/qualigma/Desktop/chromadoze-master/app/build/intermediates/classes/debug /home/qualigma/Desktop/chromadoze-master/app/build/intermediates/pre-dexed/debug/support-annotations-22.0.0-c5a664a43818956d261195865926722dbcc7acc3.jar /home/qualigma/Desktop/chromadoze-master/app/build/intermediates/pre-dexed/debug/internal_impl-22.0.0-4de9a56a7882e5ef65f9d8ca931ca0a2fc6a7322.jar /home/qualigma/Desktop/chromadoze-master/app/build/intermediates/pre-dexed/debug/classes-7f35d958ea9a61073eec4bdedd0e1cde3cafa96e.jar /home/qualigma/Desktop/chromadoze-master/app/build/intermediates/pre-dexed/debug/classes-986ffe459c56b5d785bc2f261cc185d014f9e35c.jar
Launcher Type: SUN_STANDARD

Environment Variables:
JAVA_HOME=/usr/lib/jvm/java-7-oracle
PATH=/usr/local/sbin:/usr/local/bin:/usr/sbin:/usr/bin:/sbin:/bin:/usr/games:/usr/local/games:/usr/lib/jvm/java-7-oracle/bin:/usr/lib/jvm/java-7-oracle/db/bin:/usr/lib/jvm/java-7-oracle/jre/bin
LD_LIBRARY_PATH=/home/qualigma/android-studio/bin:
SHELL=/bin/bash
DISPLAY=:0

Signal Handlers:
SIGSEGV: [libjvm.so+0x80cd90], sa_mask[0]=0x7ffbfeff, sa_flags=0x10000004
SIGBUS: [libjvm.so+0x80cd90], sa_mask[0]=0x7ffbfeff, sa_flags=0x10000004
SIGFPE: [libjvm.so+0x684dd0], sa_mask[0]=0x7ffbfeff, sa_flags=0x10000004
SIGPIPE: [libjvm.so+0x684dd0], sa_mask[0]=0x7ffbfeff, sa_flags=0x10000004
SIGXFSZ: [libjvm.so+0x684dd0], sa_mask[0]=0x7ffbfeff, sa_flags=0x10000004
SIGILL: [libjvm.so+0x684dd0], sa_mask[0]=0x7ffbfeff, sa_flags=0x10000004
SIGUSR1: SIG_DFL, sa_mask[0]=0x00000000, sa_flags=0x00000000
SIGUSR2: [libjvm.so+0x684c60], sa_mask[0]=0x00000004, sa_flags=0x10000004
SIGHUP: [libjvm.so+0x684e90], sa_mask[0]=0x7ffbfeff, sa_flags=0x10000004
SIGINT: [libjvm.so+0x684e90], sa_mask[0]=0x7ffbfeff, sa_flags=0x10000004
SIGTERM: [libjvm.so+0x684e90], sa_mask[0]=0x7ffbfeff, sa_flags=0x10000004
SIGQUIT: [libjvm.so+0x684e90], sa_mask[0]=0x7ffbfeff, sa_flags=0x10000004
SIGTRAP: SIG_DFL, sa_mask[0]=0x00000000, sa_flags=0x00000000


---------------  S Y S T E M  ---------------

OS:Ubuntu 14.04 (trusty)
uname:Linux 3.13.0-32-generic #57-Ubuntu SMP Tue Jul 15 03:51:12 UTC 2014 i686
libc:glibc 2.19 NPTL 2.19 
rlimit: STACK 8192k, CORE 0k, NPROC 15670, NOFILE 4096, AS infinity
load average:3.18 2.71 2.26

/proc/meminfo:
MemTotal:        2024996 kB
MemFree:          113772 kB
Buffers:             756 kB
Cached:           227892 kB
SwapCached:        19736 kB
Active:          1189456 kB
Inactive:         630312 kB
Active(anon):    1175900 kB
Inactive(anon):   617724 kB
Active(file):      13556 kB
Inactive(file):    12588 kB
Unevictable:          32 kB
Mlocked:              32 kB
HighTotal:       1144092 kB
HighFree:          14812 kB
LowTotal:         880904 kB
LowFree:           98960 kB
SwapTotal:        975868 kB
SwapFree:          12876 kB
Dirty:               772 kB
Writeback:          1668 kB
AnonPages:       1571600 kB
Mapped:            21016 kB
Shmem:            202484 kB
Slab:              32216 kB
SReclaimable:      14076 kB
SUnreclaim:        18140 kB
KernelStack:        3496 kB
PageTables:        11480 kB
NFS_Unstable:          0 kB
Bounce:                0 kB
WritebackTmp:          0 kB
CommitLimit:     1988364 kB
Committed_AS:    5373788 kB
VmallocTotal:     122880 kB
VmallocUsed:       13092 kB
VmallocChunk:     102240 kB
HardwareCorrupted:     0 kB
AnonHugePages:    651264 kB
HugePages_Total:       0
HugePages_Free:        0
HugePages_Rsvd:        0
HugePages_Surp:        0
Hugepagesize:       2048 kB
DirectMap4k:       18424 kB
DirectMap2M:      894976 kB


CPU:total 2 (2 cores per cpu, 1 threads per core) family 6 model 23 stepping 10, cmov, cx8, fxsr, mmx, sse, sse2, sse3, ssse3, sse4.1, tsc

/proc/cpuinfo:
processor	: 0
vendor_id	: GenuineIntel
cpu family	: 6
model		: 23
model name	: Intel(R) Core(TM)2 Duo CPU     T6570  @ 2.10GHz
stepping	: 10
microcode	: 0xa07
cpu MHz		: 2100.000
cache size	: 2048 KB
physical id	: 0
siblings	: 2
core id		: 0
cpu cores	: 2
apicid		: 0
initial apicid	: 0
fdiv_bug	: no
f00f_bug	: no
coma_bug	: no
fpu		: yes
fpu_exception	: yes
cpuid level	: 13
wp		: yes
flags		: fpu vme de pse tsc msr pae mce cx8 apic sep mtrr pge mca cmov pat pse36 clflush dts acpi mmx fxsr sse sse2 ss ht tm pbe nx lm constant_tsc arch_perfmon pebs bts aperfmperf pni dtes64 monitor ds_cpl vmx est tm2 ssse3 cx16 xtpr pdcm sse4_1 xsave lahf_lm dtherm tpr_shadow vnmi flexpriority
bogomips	: 4189.41
clflush size	: 64
cache_alignment	: 64
address sizes	: 36 bits physical, 48 bits virtual
power management:

processor	: 1
vendor_id	: GenuineIntel
cpu family	: 6
model		: 23
model name	: Intel(R) Core(TM)2 Duo CPU     T6570  @ 2.10GHz
stepping	: 10
microcode	: 0xa07
cpu MHz		: 2100.000
cache size	: 2048 KB
physical id	: 0
siblings	: 2
core id		: 1
cpu cores	: 2
apicid		: 1
initial apicid	: 1
fdiv_bug	: no
f00f_bug	: no
coma_bug	: no
fpu		: yes
fpu_exception	: yes
cpuid level	: 13
wp		: yes
flags		: fpu vme de pse tsc msr pae mce cx8 apic sep mtrr pge mca cmov pat pse36 clflush dts acpi mmx fxsr sse sse2 ss ht tm pbe nx lm constant_tsc arch_perfmon pebs bts aperfmperf pni dtes64 monitor ds_cpl vmx est tm2 ssse3 cx16 xtpr pdcm sse4_1 xsave lahf_lm dtherm tpr_shadow vnmi flexpriority
bogomips	: 4189.41
clflush size	: 64
cache_alignment	: 64
address sizes	: 36 bits physical, 48 bits virtual
power management:



Memory: 4k page, physical 2024996k(113772k free), swap 975868k(12876k free)

vm_info: OpenJDK Server VM (24.79-b02) for linux-x86 JRE (1.7.0_79-b14), built on Apr 16 2015 08:24:42 by "buildd" with gcc 4.8.2

time: Sat Jul 25 17:11:20 2015
elapsed time: 17 seconds

