#
# There is insufficient memory for the Java Runtime Environment to continue.
# Native memory allocation (malloc) failed to allocate 45350912 bytes for committing reserved memory.
# Possible reasons:
#   The system is out of physical RAM or swap space
#   In 32 bit mode, the process size limit was hit
# Possible solutions:
#   Reduce memory load on the system
#   Increase physical memory or swap space
#   Check if swap backing store is full
#   Use 64 bit Java on a 64 bit OS
#   Decrease Java heap size (-Xmx/-Xms)
#   Decrease number of Java threads
#   Decrease Java thread stack sizes (-Xss)
#   Set larger code cache with -XX:ReservedCodeCacheSize=
# This output file may be truncated or incomplete.
#
#  Out of Memory Error (os_linux.cpp:2809), pid=3195, tid=1791716160
#
# JRE version: OpenJDK Runtime Environment (7.0_79-b14) (build 1.7.0_79-b14)
# Java VM: OpenJDK Server VM (24.79-b02 mixed mode linux-x86 )
# Derivative: IcedTea 2.5.5
# Distribution: Ubuntu 14.04 LTS, package 7u79-2.5.5-0ubuntu0.14.04.2
# Failed to write core dump. Core dumps have been disabled. To enable core dumping, try "ulimit -c unlimited" before starting Java again
#

---------------  T H R E A D  ---------------

Current thread (0x67f10400):  VMThread [stack: 0x6ac36000,0x6acb7000] [id=3202]

Stack: [0x6ac36000,0x6acb7000]
VM_Operation (0xb660c948): ParallelGCFailedAllocation, mode: safepoint, requested by thread 0xb6407c00


---------------  P R O C E S S  ---------------

Java Threads: ( => current thread )
  0x67f2b400 JavaThread "Service Thread" daemon [_thread_blocked, id=3208, stack(0x67b5c000,0x67bad000)]
  0x67f29800 JavaThread "C2 CompilerThread1" daemon [_thread_blocked, id=3207, stack(0x67bad000,0x67c2e000)]
  0x67f27800 JavaThread "C2 CompilerThread0" daemon [_thread_blocked, id=3206, stack(0x67c2e000,0x67caf000)]
  0x67f25c00 JavaThread "Signal Dispatcher" daemon [_thread_blocked, id=3205, stack(0x67caf000,0x67d00000)]
  0x67f14400 JavaThread "Finalizer" daemon [_thread_blocked, id=3204, stack(0x6802d000,0x6807e000)]
  0x67f12800 JavaThread "Reference Handler" daemon [_thread_blocked, id=3203, stack(0x6807e000,0x680cf000)]
  0xb6407c00 JavaThread "main" [_thread_blocked, id=3199, stack(0xb65bd000,0xb660e000)]

Other Threads:
=>0x67f10400 VMThread [stack: 0x6ac36000,0x6acb7000] [id=3202]
  0x67f2d000 WatcherThread [stack: 0x67adb000,0x67b5c000] [id=3209]

VM state:at safepoint (normal execution)

VM Mutex/Monitor currently owned by a thread:  ([mutex/lock_event])
[0xb6405210] Threads_lock - owner thread: 0x67f10400
[0xb6405620] Heap_lock - owner thread: 0xb6407c00

Heap
 PSYoungGen      total 71168K, used 8698K [0x9ddc0000, 0xa2dc0000, 0xb3340000)
  eden space 62464K, 0% used [0x9ddc0000,0x9ddc0000,0xa1ac0000)
  from space 8704K, 99% used [0xa1ac0000,0xa233eae8,0xa2340000)
  to   space 6656K, 0% used [0xa2340000,0xa2340000,0xa29c0000)
 ParOldGen       total 22784K, used 22568K [0x73340000, 0x74980000, 0x9ddc0000)
  object space 22784K, 99% used [0x73340000,0x7494a320,0x74980000)
 PSPermGen       total 16384K, used 4015K [0x6b340000, 0x6c340000, 0x73340000)
  object space 16384K, 24% used [0x6b340000,0x6b72bdb8,0x6c340000)

Card table byte_map: [0x6b0ff000,0x6b340000] byte_map_base: 0x6ada5600

Polling page: 0xb77bc000

Code Cache  [0xb3400000, 0xb3640000, 0xb6400000)
 total_blobs=711 nmethods=592 adapters=73 free_code_cache=47089Kb largest_free_block=48182656

Compilation events (10 events):
Event: 11.814 Thread 0x67f27800 nmethod 597 0xb35fbf08 code [0xb35fc080, 0xb35fc6e4]
Event: 11.814 Thread 0x67f27800  598             com.android.dx.rop.type.Prototype::<init> (67 bytes)
Event: 11.815 Thread 0x67f27800 nmethod 598 0xb35e0a08 code [0xb35e0b00, 0xb35e0bd0]
Event: 11.815 Thread 0x67f27800  599   !         com.android.dx.rop.type.Prototype::putIntern (50 bytes)
Event: 11.834 Thread 0x67f27800 nmethod 599 0xb35eca48 code [0xb35ecbc0, 0xb35ed1c4]
Event: 11.834 Thread 0x67f27800  600             com.android.dx.rop.type.Prototype::getDescriptor (5 bytes)
Event: 11.834 Thread 0x67f27800 nmethod 600 0xb35ec8c8 code [0xb35ec9a0, 0xb35ec9f0]
Event: 11.834 Thread 0x67f27800  601             java.util.TreeMap::getFirstEntry (26 bytes)
Event: 11.835 Thread 0x67f27800 nmethod 601 0xb35fd388 code [0xb35fd480, 0xb35fd4f0]
Event: 11.835 Thread 0x67f27800  602   !         com.android.dx.cf.code.RopperMachine::run (1550 bytes)

GC Heap History (10 events):
Event: 5.934 GC heap after
Heap after GC invocations=4 (full 0):
 PSYoungGen      total 17664K, used 1276K [0x9ddc0000, 0x9f040000, 0xb3340000)
  eden space 16384K, 0% used [0x9ddc0000,0x9ddc0000,0x9edc0000)
  from space 1280K, 99% used [0x9ef00000,0x9f03f070,0x9f040000)
  to   space 1280K, 0% used [0x9edc0000,0x9edc0000,0x9ef00000)
 ParOldGen       total 20992K, used 5181K [0x73340000, 0x747c0000, 0x9ddc0000)
  object space 20992K, 24% used [0x73340000,0x7384f640,0x747c0000)
 PSPermGen       total 16384K, used 3918K [0x6b340000, 0x6c340000, 0x73340000)
  object space 16384K, 23% used [0x6b340000,0x6b7138b0,0x6c340000)
}
Event: 6.622 GC heap before
{Heap before GC invocations=5 (full 0):
 PSYoungGen      total 17664K, used 17660K [0x9ddc0000, 0x9f040000, 0xb3340000)
  eden space 16384K, 100% used [0x9ddc0000,0x9edc0000,0x9edc0000)
  from space 1280K, 99% used [0x9ef00000,0x9f03f070,0x9f040000)
  to   space 1280K, 0% used [0x9edc0000,0x9edc0000,0x9ef00000)
 ParOldGen       total 20992K, used 5181K [0x73340000, 0x747c0000, 0x9ddc0000)
  object space 20992K, 24% used [0x73340000,0x7384f640,0x747c0000)
 PSPermGen       total 16384K, used 3939K [0x6b340000, 0x6c340000, 0x73340000)
  object space 16384K, 24% used [0x6b340000,0x6b718d28,0x6c340000)
Event: 6.644 GC heap after
Heap after GC invocations=5 (full 0):
 PSYoungGen      total 17664K, used 1273K [0x9ddc0000, 0xa0440000, 0xb3340000)
  eden space 16384K, 0% used [0x9ddc0000,0x9ddc0000,0x9edc0000)
  from space 1280K, 99% used [0x9edc0000,0x9eefe6f0,0x9ef00000)
  to   space 3328K, 0% used [0xa0100000,0xa0100000,0xa0440000)
 ParOldGen       total 20992K, used 7032K [0x73340000, 0x747c0000, 0x9ddc0000)
  object space 20992K, 33% used [0x73340000,0x73a1e1c8,0x747c0000)
 PSPermGen       total 16384K, used 3939K [0x6b340000, 0x6c340000, 0x73340000)
  object space 16384K, 24% used [0x6b340000,0x6b718d28,0x6c340000)
}
Event: 7.129 GC heap before
{Heap before GC invocations=6 (full 0):
 PSYoungGen      total 17664K, used 17657K [0x9ddc0000, 0xa0440000, 0xb3340000)
  eden space 16384K, 100% used [0x9ddc0000,0x9edc0000,0x9edc0000)
  from space 1280K, 99% used [0x9edc0000,0x9eefe6f0,0x9ef00000)
  to   space 3328K, 0% used [0xa0100000,0xa0100000,0xa0440000)
 ParOldGen       total 20992K, used 7032K [0x73340000, 0x747c0000, 0x9ddc0000)
  object space 20992K, 33% used [0x73340000,0x73a1e1c8,0x747c0000)
 PSPermGen       total 16384K, used 3955K [0x6b340000, 0x6c340000, 0x73340000)
  object space 16384K, 24% used [0x6b340000,0x6b71ced8,0x6c340000)
Event: 7.149 GC heap after
Heap after GC invocations=6 (full 0):
 PSYoungGen      total 35584K, used 3312K [0x9ddc0000, 0xa0540000, 0xb3340000)
  eden space 32256K, 0% used [0x9ddc0000,0x9ddc0000,0x9fd40000)
  from space 3328K, 99% used [0xa0100000,0xa043c278,0xa0440000)
  to   space 3840K, 0% used [0x9fd40000,0x9fd40000,0xa0100000)
 ParOldGen       total 20992K, used 7564K [0x73340000, 0x747c0000, 0x9ddc0000)
  object space 20992K, 36% used [0x73340000,0x73aa3318,0x747c0000)
 PSPermGen       total 16384K, used 3955K [0x6b340000, 0x6c340000, 0x73340000)
  object space 16384K, 24% used [0x6b340000,0x6b71ced8,0x6c340000)
}
Event: 8.764 GC heap before
{Heap before GC invocations=7 (full 0):
 PSYoungGen      total 35584K, used 35568K [0x9ddc0000, 0xa0540000, 0xb3340000)
  eden space 32256K, 100% used [0x9ddc0000,0x9fd40000,0x9fd40000)
  from space 3328K, 99% used [0xa0100000,0xa043c278,0xa0440000)
  to   space 3840K, 0% used [0x9fd40000,0x9fd40000,0xa0100000)
 ParOldGen       total 20992K, used 7564K [0x73340000, 0x747c0000, 0x9ddc0000)
  object space 20992K, 36% used [0x73340000,0x73aa3318,0x747c0000)
 PSPermGen       total 16384K, used 3980K [0x6b340000, 0x6c340000, 0x73340000)
  object space 16384K, 24% used [0x6b340000,0x6b7230f0,0x6c340000)
Event: 8.813 GC heap after
Heap after GC invocations=7 (full 0):
 PSYoungGen      total 36096K, used 3831K [0x9ddc0000, 0xa29c0000, 0xb3340000)
  eden space 32256K, 0% used [0x9ddc0000,0x9ddc0000,0x9fd40000)
  from space 3840K, 99% used [0x9fd40000,0xa00fdca0,0xa0100000)
  to   space 6656K, 0% used [0xa2340000,0xa2340000,0xa29c0000)
 ParOldGen       total 20992K, used 12234K [0x73340000, 0x747c0000, 0x9ddc0000)
  object space 20992K, 58% used [0x73340000,0x73f32908,0x747c0000)
 PSPermGen       total 16384K, used 3980K [0x6b340000, 0x6c340000, 0x73340000)
  object space 16384K, 24% used [0x6b340000,0x6b7230f0,0x6c340000)
}
Event: 9.893 GC heap before
{Heap before GC invocations=8 (full 0):
 PSYoungGen      total 36096K, used 36087K [0x9ddc0000, 0xa29c0000, 0xb3340000)
  eden space 32256K, 100% used [0x9ddc0000,0x9fd40000,0x9fd40000)
  from space 3840K, 99% used [0x9fd40000,0xa00fdca0,0xa0100000)
  to   space 6656K, 0% used [0xa2340000,0xa2340000,0xa29c0000)
 ParOldGen       total 20992K, used 12234K [0x73340000, 0x747c0000, 0x9ddc0000)
  object space 20992K, 58% used [0x73340000,0x73f32908,0x747c0000)
 PSPermGen       total 16384K, used 4000K [0x6b340000, 0x6c340000, 0x73340000)
  object space 16384K, 24% used [0x6b340000,0x6b728038,0x6c340000)
Event: 9.967 GC heap after
Heap after GC invocations=8 (full 0):
 PSYoungGen      total 69120K, used 6644K [0x9ddc0000, 0xa2dc0000, 0xb3340000)
  eden space 62464K, 0% used [0x9ddc0000,0x9ddc0000,0xa1ac0000)
  from space 6656K, 99% used [0xa2340000,0xa29bd1f0,0xa29c0000)
  to   space 8704K, 0% used [0xa1ac0000,0xa1ac0000,0xa2340000)
 ParOldGen       total 20992K, used 14833K [0x73340000, 0x747c0000, 0x9ddc0000)
  object space 20992K, 70% used [0x73340000,0x741bc6b8,0x747c0000)
 PSPermGen       total 16384K, used 4000K [0x6b340000, 0x6c340000, 0x73340000)
  object space 16384K, 24% used [0x6b340000,0x6b728038,0x6c340000)
}
Event: 11.845 GC heap before
{Heap before GC invocations=9 (full 0):
 PSYoungGen      total 69120K, used 69108K [0x9ddc0000, 0xa2dc0000, 0xb3340000)
  eden space 62464K, 100% used [0x9ddc0000,0xa1ac0000,0xa1ac0000)
  from space 6656K, 99% used [0xa2340000,0xa29bd1f0,0xa29c0000)
  to   space 8704K, 0% used [0xa1ac0000,0xa1ac0000,0xa2340000)
 ParOldGen       total 20992K, used 14833K [0x73340000, 0x747c0000, 0x9ddc0000)
  object space 20992K, 70% used [0x73340000,0x741bc6b8,0x747c0000)
 PSPermGen       total 16384K, used 4015K [0x6b340000, 0x6c340000, 0x73340000)
  object space 16384K, 24% used [0x6b340000,0x6b72bdb8,0x6c340000)

Deoptimization events (10 events):
Event: 10.330 Thread 0xb6407c00 Uncommon trap: reason=bimorphic action=maybe_recompile pc=0xb3502310 method=com.android.dx.cf.code.BytecodeArray.parseInstruction(ILcom/android/dx/cf/code/BytecodeArray$Visitor;)I @ 2135
Event: 10.335 Thread 0xb6407c00 Uncommon trap: reason=bimorphic action=maybe_recompile pc=0xb34ffcf4 method=com.android.dx.cf.code.BytecodeArray.parseInstruction(ILcom/android/dx/cf/code/BytecodeArray$Visitor;)I @ 1501
Event: 10.359 Thread 0xb6407c00 Uncommon trap: reason=bimorphic action=maybe_recompile pc=0xb3512a38 method=com.android.dx.ssa.LiteralOpUpgrader.tryReplacingWithConstant(Lcom/android/dx/ssa/NormalSsaInsn;)Z @ 62
Event: 10.375 Thread 0xb6407c00 Uncommon trap: reason=bimorphic action=maybe_recompile pc=0xb3512a38 method=com.android.dx.ssa.LiteralOpUpgrader.tryReplacingWithConstant(Lcom/android/dx/ssa/NormalSsaInsn;)Z @ 62
Event: 10.494 Thread 0xb6407c00 Uncommon trap: reason=null_check action=make_not_entrant pc=0xb35b4220 method=com.android.dx.dex.file.FieldIdsSection.intern(Lcom/android/dx/rop/cst/CstFieldRef;)Lcom/android/dx/dex/file/FieldIdItem; @ 26
Event: 10.676 Thread 0xb6407c00 Uncommon trap: reason=bimorphic action=maybe_recompile pc=0xb357f988 method=com.android.dx.cf.code.RopperMachine.run(Lcom/android/dx/cf/code/Frame;II)V @ 310
Event: 10.676 Thread 0xb6407c00 Uncommon trap: reason=bimorphic action=maybe_recompile pc=0xb357f988 method=com.android.dx.cf.code.RopperMachine.run(Lcom/android/dx/cf/code/Frame;II)V @ 310
Event: 10.684 Thread 0xb6407c00 Uncommon trap: reason=bimorphic action=maybe_recompile pc=0xb357f988 method=com.android.dx.cf.code.RopperMachine.run(Lcom/android/dx/cf/code/Frame;II)V @ 310
Event: 10.684 Thread 0xb6407c00 Uncommon trap: reason=bimorphic action=maybe_recompile pc=0xb357f988 method=com.android.dx.cf.code.RopperMachine.run(Lcom/android/dx/cf/code/Frame;II)V @ 310
Event: 11.074 Thread 0xb6407c00 Uncommon trap: reason=unloaded action=reinterpret pc=0xb35cc30c method=com.android.dx.cf.code.Ropper.addReturnBlock()V @ 45

Internal exceptions (10 events):
Event: 6.349 Thread 0xb6407c00 Implicit null exception at 0xb34919eb to 0xb3491a71
Event: 6.803 Thread 0xb6407c00 Threw 0x9e24ce38 at /build/buildd/openjdk-7-7u79-2.5.5/build/openjdk/hotspot/src/share/vm/prims/jvm.cpp:1284
Event: 8.326 Thread 0xb6407c00 Threw 0x9f3d07b8 at /build/buildd/openjdk-7-7u79-2.5.5/build/openjdk/hotspot/src/share/vm/prims/jvm.cpp:1284
Event: 9.018 Thread 0xb6407c00 Threw 0x9e220f58 at /build/buildd/openjdk-7-7u79-2.5.5/build/openjdk/hotspot/src/share/vm/prims/jvm.cpp:1284
Event: 9.249 Thread 0xb6407c00 Threw 0x9ec01670 at /build/buildd/openjdk-7-7u79-2.5.5/build/openjdk/hotspot/src/share/vm/prims/jvm.cpp:1284
Event: 9.250 Thread 0xb6407c00 Implicit null exception at 0xb3517605 to 0xb3517eb9
Event: 9.250 Thread 0xb6407c00 Implicit null exception at 0xb3553510 to 0xb3553645
Event: 9.440 Thread 0xb6407c00 Implicit null exception at 0xb348a081 to 0xb348a195
Event: 9.440 Thread 0xb6407c00 Implicit null exception at 0xb347e716 to 0xb347e7bd
Event: 10.748 Thread 0xb6407c00 Threw 0x9f4f0248 at /build/buildd/openjdk-7-7u79-2.5.5/build/openjdk/hotspot/src/share/vm/prims/jvm.cpp:1284

Events (10 events):
Event: 10.684 Thread 0xb6407c00 DEOPT UNPACKING pc=0xb342cbc8 sp=0xb660c9b8 mode 2
Event: 10.684 Thread 0xb6407c00 Uncommon trap: trap_request=0xffffffc6 fr.pc=0xb357f988
Event: 10.684 Thread 0xb6407c00 DEOPT PACKING pc=0xb357f988 sp=0xb660c9e0
Event: 10.684 Thread 0xb6407c00 DEOPT UNPACKING pc=0xb342cbc8 sp=0xb660c9b8 mode 2
Event: 10.748 loading class 0x67f83de8
Event: 10.748 loading class 0x67f83de8 done
Event: 11.074 Thread 0xb6407c00 Uncommon trap: trap_request=0x000000c9 fr.pc=0xb35cc30c
Event: 11.074 Thread 0xb6407c00 DEOPT PACKING pc=0xb35cc30c sp=0xb660cb80
Event: 11.074 Thread 0xb6407c00 DEOPT UNPACKING pc=0xb342cbc8 sp=0xb660cb28 mode 2
Event: 11.838 Executing VM operation: ParallelGCFailedAllocation


Dynamic libraries:
08048000-08049000 r-xp 00000000 08:05 2097921    /usr/lib/jvm/java-7-openjdk-i386/jre/bin/java
08049000-0804a000 r--p 00000000 08:05 2097921    /usr/lib/jvm/java-7-openjdk-i386/jre/bin/java
0804a000-0804b000 rw-p 00001000 08:05 2097921    /usr/lib/jvm/java-7-openjdk-i386/jre/bin/java
096f8000-09f3f000 rw-p 00000000 00:00 0          [heap]
66e00000-66ee0000 rw-p 00000000 00:00 0 
66ee0000-66f00000 ---p 00000000 00:00 0 
66f00000-66fe2000 rw-p 00000000 00:00 0 
66fe2000-67000000 ---p 00000000 00:00 0 
67000000-670fb000 rw-p 00000000 00:00 0 
670fb000-67100000 ---p 00000000 00:00 0 
67200000-672ff000 rw-p 00000000 00:00 0 
672ff000-67300000 ---p 00000000 00:00 0 
67400000-674fd000 rw-p 00000000 00:00 0 
674fd000-67500000 ---p 00000000 00:00 0 
67600000-67651000 rw-p 00000000 00:00 0 
67651000-67700000 ---p 00000000 00:00 0 
6776d000-677a9000 r-xp 00000000 08:05 1573980    /lib/i386-linux-gnu/libpcre.so.3.13.1
677a9000-677aa000 r--p 0003b000 08:05 1573980    /lib/i386-linux-gnu/libpcre.so.3.13.1
677aa000-677ab000 rw-p 0003c000 08:05 1573980    /lib/i386-linux-gnu/libpcre.so.3.13.1
677ab000-677be000 r-xp 00000000 08:05 1574003    /lib/i386-linux-gnu/libresolv-2.19.so
677be000-677bf000 ---p 00013000 08:05 1574003    /lib/i386-linux-gnu/libresolv-2.19.so
677bf000-677c0000 r--p 00013000 08:05 1574003    /lib/i386-linux-gnu/libresolv-2.19.so
677c0000-677c1000 rw-p 00014000 08:05 1574003    /lib/i386-linux-gnu/libresolv-2.19.so
677c1000-677c3000 rw-p 00000000 00:00 0 
677c3000-677e3000 r-xp 00000000 08:05 1574007    /lib/i386-linux-gnu/libselinux.so.1
677e3000-677e4000 r--p 0001f000 08:05 1574007    /lib/i386-linux-gnu/libselinux.so.1
677e4000-677e5000 rw-p 00020000 08:05 1574007    /lib/i386-linux-gnu/libselinux.so.1
677e5000-677e6000 rw-p 00000000 00:00 0 
677e6000-678f0000 r-xp 00000000 08:05 1573908    /lib/i386-linux-gnu/libglib-2.0.so.0.4000.0
678f0000-678f1000 r--p 00109000 08:05 1573908    /lib/i386-linux-gnu/libglib-2.0.so.0.4000.0
678f1000-678f2000 rw-p 0010a000 08:05 1573908    /lib/i386-linux-gnu/libglib-2.0.so.0.4000.0
678f2000-67942000 r-xp 00000000 08:05 1971804    /usr/lib/i386-linux-gnu/libgobject-2.0.so.0.4000.0
67942000-67943000 r--p 0004f000 08:05 1971804    /usr/lib/i386-linux-gnu/libgobject-2.0.so.0.4000.0
67943000-67944000 rw-p 00050000 08:05 1971804    /usr/lib/i386-linux-gnu/libgobject-2.0.so.0.4000.0
67944000-67ac1000 r-xp 00000000 08:05 1971774    /usr/lib/i386-linux-gnu/libgio-2.0.so.0.4000.0
67ac1000-67ac3000 r--p 0017c000 08:05 1971774    /usr/lib/i386-linux-gnu/libgio-2.0.so.0.4000.0
67ac3000-67ac4000 rw-p 0017e000 08:05 1971774    /usr/lib/i386-linux-gnu/libgio-2.0.so.0.4000.0
67ac4000-67ac5000 rw-p 00000000 00:00 0 
67adb000-67adc000 ---p 00000000 00:00 0 
67adc000-67b5c000 rw-p 00000000 00:00 0          [stack:3209]
67b5c000-67b5f000 ---p 00000000 00:00 0 
67b5f000-67bad000 rw-p 00000000 00:00 0          [stack:3208]
67bad000-67bb0000 ---p 00000000 00:00 0 
67bb0000-67c2e000 rw-p 00000000 00:00 0          [stack:3207]
67c2e000-67c31000 ---p 00000000 00:00 0 
67c31000-67caf000 rw-p 00000000 00:00 0          [stack:3206]
67caf000-67cb2000 ---p 00000000 00:00 0 
67cb2000-67d00000 rw-p 00000000 00:00 0          [stack:3205]
67d00000-67f00000 r--p 00000000 08:05 1974904    /usr/lib/locale/locale-archive
67f00000-68000000 rw-p 00000000 00:00 0 
68014000-6802b000 r-xp 00000000 08:05 2097993    /usr/lib/jvm/java-7-openjdk-i386/jre/lib/i386/libnet.so
6802b000-6802c000 r--p 00017000 08:05 2097993    /usr/lib/jvm/java-7-openjdk-i386/jre/lib/i386/libnet.so
6802c000-6802d000 rw-p 00018000 08:05 2097993    /usr/lib/jvm/java-7-openjdk-i386/jre/lib/i386/libnet.so
6802d000-68030000 ---p 00000000 00:00 0 
68030000-6807e000 rw-p 00000000 00:00 0          [stack:3204]
6807e000-68081000 ---p 00000000 00:00 0 
68081000-680cf000 rw-p 00000000 00:00 0          [stack:3203]
680cf000-68280000 r--s 01d27000 08:05 2098041    /usr/lib/jvm/java-7-openjdk-i386/jre/lib/rt.jar
68280000-6ab00000 rw-p 00000000 00:00 0 
6ab00000-6abfd000 rw-p 00000000 00:00 0 
6abfd000-6ac00000 ---p 00000000 00:00 0 
6ac12000-6ac23000 r-xp 00000000 08:05 2097961    /usr/lib/jvm/java-7-openjdk-i386/jre/lib/i386/libnio.so
6ac23000-6ac24000 r--p 00010000 08:05 2097961    /usr/lib/jvm/java-7-openjdk-i386/jre/lib/i386/libnio.so
6ac24000-6ac25000 rw-p 00011000 08:05 2097961    /usr/lib/jvm/java-7-openjdk-i386/jre/lib/i386/libnio.so
6ac25000-6ac36000 r--s 000b9000 08:05 400026     /home/qualigma/Desktop/chromadoze-master/app/build/intermediates/exploded-aar/com.android.support/support-v4/22.0.0/classes.jar
6ac36000-6ac37000 ---p 00000000 00:00 0 
6ac37000-6ad00000 rw-p 00000000 00:00 0          [stack:3202]
6ad00000-6ad21000 rw-p 00000000 00:00 0 
6ad21000-6ae00000 ---p 00000000 00:00 0 
6ae00000-6ae05000 r-xp 00000000 08:05 1971671    /usr/lib/i386-linux-gnu/libffi.so.6.0.1
6ae05000-6ae06000 r--p 00005000 08:05 1971671    /usr/lib/i386-linux-gnu/libffi.so.6.0.1
6ae06000-6ae07000 rw-p 00006000 08:05 1971671    /usr/lib/i386-linux-gnu/libffi.so.6.0.1
6ae07000-6ae0a000 r-xp 00000000 08:05 1971788    /usr/lib/i386-linux-gnu/libgmodule-2.0.so.0.4000.0
6ae0a000-6ae0b000 r--p 00002000 08:05 1971788    /usr/lib/i386-linux-gnu/libgmodule-2.0.so.0.4000.0
6ae0b000-6ae0c000 rw-p 00003000 08:05 1971788    /usr/lib/i386-linux-gnu/libgmodule-2.0.so.0.4000.0
6ae0c000-6ae67000 rw-p 00000000 00:00 0 
6ae67000-6ae68000 ---p 00000000 00:00 0 
6ae68000-6aee8000 rw-p 00000000 00:00 0          [stack:3201]
6aee8000-6aee9000 ---p 00000000 00:00 0 
6aee9000-6af71000 rw-p 00000000 00:00 0          [stack:3200]
6af71000-6afa9000 rw-p 00000000 00:00 0 
6afa9000-6afb5000 rw-p 00000000 00:00 0 
6afb5000-6b0ff000 rw-p 00000000 00:00 0 
6b0ff000-6b107000 rw-p 00000000 00:00 0 
6b107000-6b13f000 rw-p 00000000 00:00 0 
6b13f000-6b14b000 rw-p 00000000 00:00 0 
6b14b000-6b294000 rw-p 00000000 00:00 0 
6b294000-6b2bd000 rw-p 00000000 00:00 0 
6b2bd000-6b33f000 rw-p 00000000 00:00 0 
6b33f000-6c340000 rw-p 00000000 00:00 0 
6c340000-73340000 rw-p 00000000 00:00 0 
73340000-74980000 rw-p 00000000 00:00 0 
74980000-9ddc0000 rw-p 00000000 00:00 0 
9ddc0000-a2dc0000 rw-p 00000000 00:00 0 
a5900000-b3340000 rw-p 00000000 00:00 0 
b3340000-b3349000 rw-p 00000000 00:00 0 
b3349000-b3400000 rw-p 00000000 00:00 0 
b3400000-b3640000 rwxp 00000000 00:00 0 
b3640000-b64fd000 rw-p 00000000 00:00 0 
b64fd000-b6500000 ---p 00000000 00:00 0 
b6504000-b6513000 r--s 000dd000 08:05 399179     /home/qualigma/Android/Sdk/build-tools/22.0.1/lib/dx.jar
b6513000-b6516000 r--s 0000f000 08:05 2098057    /usr/lib/jvm/java-7-openjdk-i386/jre/lib/ext/icedtea-sound.jar
b6516000-b6519000 r--s 00086000 08:05 2098059    /usr/lib/jvm/java-7-openjdk-i386/jre/lib/ext/localedata.jar
b6519000-b651b000 r--s 00006000 08:05 2373242    /usr/share/java/java-atk-wrapper.jar
b651b000-b651f000 r--s 00034000 08:05 2098060    /usr/lib/jvm/java-7-openjdk-i386/jre/lib/ext/sunjce_provider.jar
b651f000-b653a000 rw-p 00000000 00:00 0 
b653a000-b6545000 r-xp 00000000 08:05 1573952    /lib/i386-linux-gnu/libnss_files-2.19.so
b6545000-b6546000 r--p 0000a000 08:05 1573952    /lib/i386-linux-gnu/libnss_files-2.19.so
b6546000-b6547000 rw-p 0000b000 08:05 1573952    /lib/i386-linux-gnu/libnss_files-2.19.so
b6547000-b6551000 r-xp 00000000 08:05 1573962    /lib/i386-linux-gnu/libnss_nis-2.19.so
b6551000-b6552000 r--p 00009000 08:05 1573962    /lib/i386-linux-gnu/libnss_nis-2.19.so
b6552000-b6553000 rw-p 0000a000 08:05 1573962    /lib/i386-linux-gnu/libnss_nis-2.19.so
b6553000-b6568000 r-xp 00000000 08:05 1573946    /lib/i386-linux-gnu/libnsl-2.19.so
b6568000-b6569000 r--p 00015000 08:05 1573946    /lib/i386-linux-gnu/libnsl-2.19.so
b6569000-b656a000 rw-p 00016000 08:05 1573946    /lib/i386-linux-gnu/libnsl-2.19.so
b656a000-b656c000 rw-p 00000000 00:00 0 
b656c000-b6573000 r-xp 00000000 08:05 1573948    /lib/i386-linux-gnu/libnss_compat-2.19.so
b6573000-b6574000 r--p 00006000 08:05 1573948    /lib/i386-linux-gnu/libnss_compat-2.19.so
b6574000-b6575000 rw-p 00007000 08:05 1573948    /lib/i386-linux-gnu/libnss_compat-2.19.so
b6575000-b6579000 r--s 0003c000 08:05 2098058    /usr/lib/jvm/java-7-openjdk-i386/jre/lib/ext/sunpkcs11.jar
b6579000-b6581000 r-xp 00000000 08:05 2097962    /usr/lib/jvm/java-7-openjdk-i386/jre/lib/i386/libzip.so
b6581000-b6582000 r--p 00007000 08:05 2097962    /usr/lib/jvm/java-7-openjdk-i386/jre/lib/i386/libzip.so
b6582000-b6583000 rw-p 00008000 08:05 2097962    /usr/lib/jvm/java-7-openjdk-i386/jre/lib/i386/libzip.so
b6583000-b658b000 rw-s 00000000 08:05 1841225    /tmp/hsperfdata_qualigma/3195
b658b000-b65b2000 r-xp 00000000 08:05 2097957    /usr/lib/jvm/java-7-openjdk-i386/jre/lib/i386/libjava.so
b65b2000-b65b3000 r--p 00026000 08:05 2097957    /usr/lib/jvm/java-7-openjdk-i386/jre/lib/i386/libjava.so
b65b3000-b65b4000 rw-p 00027000 08:05 2097957    /usr/lib/jvm/java-7-openjdk-i386/jre/lib/i386/libjava.so
b65b4000-b65bb000 r-xp 00000000 08:05 1574005    /lib/i386-linux-gnu/librt-2.19.so
b65bb000-b65bc000 r--p 00006000 08:05 1574005    /lib/i386-linux-gnu/librt-2.19.so
b65bc000-b65bd000 rw-p 00007000 08:05 1574005    /lib/i386-linux-gnu/librt-2.19.so
b65bd000-b65c0000 ---p 00000000 00:00 0 
b65c0000-b660e000 rw-p 00000000 00:00 0          [stack:3199]
b660e000-b662a000 r-xp 00000000 08:05 1573904    /lib/i386-linux-gnu/libgcc_s.so.1
b662a000-b662b000 rw-p 0001b000 08:05 1573904    /lib/i386-linux-gnu/libgcc_s.so.1
b662b000-b666f000 r-xp 00000000 08:05 1573927    /lib/i386-linux-gnu/libm-2.19.so
b666f000-b6670000 r--p 00043000 08:05 1573927    /lib/i386-linux-gnu/libm-2.19.so
b6670000-b6671000 rw-p 00044000 08:05 1573927    /lib/i386-linux-gnu/libm-2.19.so
b6671000-b674d000 r-xp 00000000 08:05 1972297    /usr/lib/i386-linux-gnu/libstdc++.so.6.0.19
b674d000-b674e000 ---p 000dc000 08:05 1972297    /usr/lib/i386-linux-gnu/libstdc++.so.6.0.19
b674e000-b6752000 r--p 000dc000 08:05 1972297    /usr/lib/i386-linux-gnu/libstdc++.so.6.0.19
b6752000-b6753000 rw-p 000e0000 08:05 1972297    /usr/lib/i386-linux-gnu/libstdc++.so.6.0.19
b6753000-b675a000 rw-p 00000000 00:00 0 
b675a000-b7148000 r-xp 00000000 08:05 2097976    /usr/lib/jvm/java-7-openjdk-i386/jre/lib/i386/server/libjvm.so
b7148000-b7149000 ---p 009ee000 08:05 2097976    /usr/lib/jvm/java-7-openjdk-i386/jre/lib/i386/server/libjvm.so
b7149000-b719b000 r--p 009ee000 08:05 2097976    /usr/lib/jvm/java-7-openjdk-i386/jre/lib/i386/server/libjvm.so
b719b000-b71af000 rw-p 00a40000 08:05 2097976    /usr/lib/jvm/java-7-openjdk-i386/jre/lib/i386/server/libjvm.so
b71af000-b75cd000 rw-p 00000000 00:00 0 
b75cd000-b75e5000 r-xp 00000000 08:05 1574040    /lib/i386-linux-gnu/libz.so.1.2.8
b75e5000-b75e6000 r--p 00017000 08:05 1574040    /lib/i386-linux-gnu/libz.so.1.2.8
b75e6000-b75e7000 rw-p 00018000 08:05 1574040    /lib/i386-linux-gnu/libz.so.1.2.8
b75e7000-b75ff000 r-xp 00000000 08:05 1573997    /lib/i386-linux-gnu/libpthread-2.19.so
b75ff000-b7600000 r--p 00017000 08:05 1573997    /lib/i386-linux-gnu/libpthread-2.19.so
b7600000-b7601000 rw-p 00018000 08:05 1573997    /lib/i386-linux-gnu/libpthread-2.19.so
b7601000-b7603000 rw-p 00000000 00:00 0 
b7603000-b7606000 r-xp 00000000 08:05 1573894    /lib/i386-linux-gnu/libdl-2.19.so
b7606000-b7607000 r--p 00002000 08:05 1573894    /lib/i386-linux-gnu/libdl-2.19.so
b7607000-b7608000 rw-p 00003000 08:05 1573894    /lib/i386-linux-gnu/libdl-2.19.so
b7608000-b77b1000 r-xp 00000000 08:05 1573877    /lib/i386-linux-gnu/libc-2.19.so
b77b1000-b77b3000 r--p 001a9000 08:05 1573877    /lib/i386-linux-gnu/libc-2.19.so
b77b3000-b77b4000 rw-p 001ab000 08:05 1573877    /lib/i386-linux-gnu/libc-2.19.so
b77b4000-b77b7000 rw-p 00000000 00:00 0 
b77b7000-b77b8000 r--s 00002000 08:05 2098063    /usr/lib/jvm/java-7-openjdk-i386/jre/lib/ext/dnsns.jar
b77b8000-b77ba000 r--s 00012000 08:05 2098064    /usr/lib/jvm/java-7-openjdk-i386/jre/lib/ext/zipfs.jar
b77ba000-b77bb000 r--p 00850000 08:05 1974904    /usr/lib/locale/locale-archive
b77bb000-b77bc000 rw-p 00000000 00:00 0 
b77bc000-b77bd000 ---p 00000000 00:00 0 
b77bd000-b77cb000 r-xp 00000000 08:05 2097983    /usr/lib/jvm/java-7-openjdk-i386/jre/lib/i386/libverify.so
b77cb000-b77cc000 r--p 0000d000 08:05 2097983    /usr/lib/jvm/java-7-openjdk-i386/jre/lib/i386/libverify.so
b77cc000-b77cd000 rw-p 0000e000 08:05 2097983    /usr/lib/jvm/java-7-openjdk-i386/jre/lib/i386/libverify.so
b77cd000-b77d9000 r-xp 00000000 08:05 2097966    /usr/lib/jvm/java-7-openjdk-i386/jre/lib/i386/jli/libjli.so
b77d9000-b77da000 r--p 0000c000 08:05 2097966    /usr/lib/jvm/java-7-openjdk-i386/jre/lib/i386/jli/libjli.so
b77da000-b77db000 rw-p 0000d000 08:05 2097966    /usr/lib/jvm/java-7-openjdk-i386/jre/lib/i386/jli/libjli.so
b77db000-b77de000 rw-p 00000000 00:00 0 
b77de000-b77df000 r-xp 00000000 00:00 0          [vdso]
b77df000-b77ff000 r-xp 00000000 08:05 1573853    /lib/i386-linux-gnu/ld-2.19.so
b77ff000-b7800000 r--p 0001f000 08:05 1573853    /lib/i386-linux-gnu/ld-2.19.so
b7800000-b7801000 rw-p 00020000 08:05 1573853    /lib/i386-linux-gnu/ld-2.19.so
bfd2f000-bfd30000 rwxp 00000000 00:00 0 
bfd62000-bfd83000 rw-p 00000000 00:00 0          [stack]

VM Arguments:
jvm_args: -Xmx1024M -Dfile.encoding=UTF-8 -Duser.country=IN -Duser.language=en -Duser.variant 
java_command: com.android.dx.command.Main --dex --output /home/qualigma/Desktop/chromadoze-master/app/build/intermediates/pre-dexed/debug/classes-986ffe459c56b5d785bc2f261cc185d014f9e35c.jar /home/qualigma/Desktop/chromadoze-master/app/build/intermediates/exploded-aar/com.android.support/support-v4/22.0.0/classes.jar
Launcher Type: SUN_STANDARD

Environment Variables:
JAVA_HOME=/usr/lib/jvm/java-7-oracle
PATH=/usr/local/sbin:/usr/local/bin:/usr/sbin:/usr/bin:/sbin:/bin:/usr/games:/usr/local/games:/usr/lib/jvm/java-7-oracle/bin:/usr/lib/jvm/java-7-oracle/db/bin:/usr/lib/jvm/java-7-oracle/jre/bin
LD_LIBRARY_PATH=/home/qualigma/android-studio/bin:
SHELL=/bin/bash
DISPLAY=:0

Signal Handlers:
SIGSEGV: [libjvm.so+0x80cd90], sa_mask[0]=0x7ffbfeff, sa_flags=0x10000004
SIGBUS: [libjvm.so+0x80cd90], sa_mask[0]=0x7ffbfeff, sa_flags=0x10000004
SIGFPE: [libjvm.so+0x684dd0], sa_mask[0]=0x7ffbfeff, sa_flags=0x10000004
SIGPIPE: [libjvm.so+0x684dd0], sa_mask[0]=0x7ffbfeff, sa_flags=0x10000004
SIGXFSZ: [libjvm.so+0x684dd0], sa_mask[0]=0x7ffbfeff, sa_flags=0x10000004
SIGILL: [libjvm.so+0x684dd0], sa_mask[0]=0x7ffbfeff, sa_flags=0x10000004
SIGUSR1: SIG_DFL, sa_mask[0]=0x00000000, sa_flags=0x00000000
SIGUSR2: [libjvm.so+0x684c60], sa_mask[0]=0x00000004, sa_flags=0x10000004
SIGHUP: [libjvm.so+0x684e90], sa_mask[0]=0x7ffbfeff, sa_flags=0x10000004
SIGINT: [libjvm.so+0x684e90], sa_mask[0]=0x7ffbfeff, sa_flags=0x10000004
SIGTERM: [libjvm.so+0x684e90], sa_mask[0]=0x7ffbfeff, sa_flags=0x10000004
SIGQUIT: [libjvm.so+0x684e90], sa_mask[0]=0x7ffbfeff, sa_flags=0x10000004
SIGTRAP: SIG_DFL, sa_mask[0]=0x00000000, sa_flags=0x00000000


---------------  S Y S T E M  ---------------

OS:Ubuntu 14.04 (trusty)
uname:Linux 3.13.0-32-generic #57-Ubuntu SMP Tue Jul 15 03:51:12 UTC 2014 i686
libc:glibc 2.19 NPTL 2.19 
rlimit: STACK 8192k, CORE 0k, NPROC 15670, NOFILE 4096, AS infinity
load average:5.50 3.82 2.91

/proc/meminfo:
MemTotal:        2024996 kB
MemFree:          107964 kB
Buffers:             788 kB
Cached:           247628 kB
SwapCached:        16488 kB
Active:          1185164 kB
Inactive:         646352 kB
Active(anon):    1175984 kB
Inactive(anon):   633568 kB
Active(file):       9180 kB
Inactive(file):    12784 kB
Unevictable:          32 kB
Mlocked:              32 kB
HighTotal:       1144092 kB
HighFree:          20892 kB
LowTotal:         880904 kB
LowFree:           87072 kB
SwapTotal:        975868 kB
SwapFree:             28 kB
Dirty:                88 kB
Writeback:             0 kB
AnonPages:       1566676 kB
Mapped:            22952 kB
Shmem:            226440 kB
Slab:              33664 kB
SReclaimable:      16352 kB
SUnreclaim:        17312 kB
KernelStack:        3592 kB
PageTables:        11436 kB
NFS_Unstable:          0 kB
Bounce:                0 kB
WritebackTmp:          0 kB
CommitLimit:     1988364 kB
Committed_AS:    5399744 kB
VmallocTotal:     122880 kB
VmallocUsed:       12908 kB
VmallocChunk:     102644 kB
HardwareCorrupted:     0 kB
AnonHugePages:    778240 kB
HugePages_Total:       0
HugePages_Free:        0
HugePages_Rsvd:        0
HugePages_Surp:        0
Hugepagesize:       2048 kB
DirectMap4k:       34808 kB
DirectMap2M:      878592 kB


CPU:total 2 (2 cores per cpu, 1 threads per core) family 6 model 23 stepping 10, cmov, cx8, fxsr, mmx, sse, sse2, sse3, ssse3, sse4.1, tsc

/proc/cpuinfo:
processor	: 0
vendor_id	: GenuineIntel
cpu family	: 6
model		: 23
model name	: Intel(R) Core(TM)2 Duo CPU     T6570  @ 2.10GHz
stepping	: 10
microcode	: 0xa07
cpu MHz		: 2100.000
cache size	: 2048 KB
physical id	: 0
siblings	: 2
core id		: 0
cpu cores	: 2
apicid		: 0
initial apicid	: 0
fdiv_bug	: no
f00f_bug	: no
coma_bug	: no
fpu		: yes
fpu_exception	: yes
cpuid level	: 13
wp		: yes
flags		: fpu vme de pse tsc msr pae mce cx8 apic sep mtrr pge mca cmov pat pse36 clflush dts acpi mmx fxsr sse sse2 ss ht tm pbe nx lm constant_tsc arch_perfmon pebs bts aperfmperf pni dtes64 monitor ds_cpl vmx est tm2 ssse3 cx16 xtpr pdcm sse4_1 xsave lahf_lm dtherm tpr_shadow vnmi flexpriority
bogomips	: 4189.37
clflush size	: 64
cache_alignment	: 64
address sizes	: 36 bits physical, 48 bits virtual
power management:

processor	: 1
vendor_id	: GenuineIntel
cpu family	: 6
model		: 23
model name	: Intel(R) Core(TM)2 Duo CPU     T6570  @ 2.10GHz
stepping	: 10
microcode	: 0xa07
cpu MHz		: 2100.000
cache size	: 2048 KB
physical id	: 0
siblings	: 2
core id		: 1
cpu cores	: 2
apicid		: 1
initial apicid	: 1
fdiv_bug	: no
f00f_bug	: no
coma_bug	: no
fpu		: yes
fpu_exception	: yes
cpuid level	: 13
wp		: yes
flags		: fpu vme de pse tsc msr pae mce cx8 apic sep mtrr pge mca cmov pat pse36 clflush dts acpi mmx fxsr sse sse2 ss ht tm pbe nx lm constant_tsc arch_perfmon pebs bts aperfmperf pni dtes64 monitor ds_cpl vmx est tm2 ssse3 cx16 xtpr pdcm sse4_1 xsave lahf_lm dtherm tpr_shadow vnmi flexpriority
bogomips	: 4189.37
clflush size	: 64
cache_alignment	: 64
address sizes	: 36 bits physical, 48 bits virtual
power management:



Memory: 4k page, physical 2024996k(107964k free), swap 975868k(28k free)

vm_info: OpenJDK Server VM (24.79-b02) for linux-x86 JRE (1.7.0_79-b14), built on Apr 16 2015 08:24:42 by "buildd" with gcc 4.8.2

time: Wed Jul 15 13:16:33 2015
elapsed time: 14 seconds

